[0.046s] Invoking command in '/home/cjs/VL53L8CX/VL53L8CX_ws/build/base_interfaces_demo': CMAKE_PREFIX_PATH=/opt/ros/foxy /usr/bin/cmake /home/cjs/VL53L8CX/VL53L8CX_ws/src/base_interfaces_demo -DCMAKE_INSTALL_PREFIX=/home/cjs/VL53L8CX/VL53L8CX_ws/install/base_interfaces_demo
[0.512s] -- The C compiler identification is GNU 9.4.0
[0.838s] -- The CXX compiler identification is GNU 9.4.0
[0.864s] -- Check for working C compiler: /usr/bin/cc
[1.149s] -- Check for working C compiler: /usr/bin/cc -- works
[1.149s] -- Detecting C compiler ABI info
[1.397s] -- Detecting C compiler ABI info - done
[1.408s] -- Detecting C compile features
[1.410s] -- Detecting C compile features - done
[1.418s] -- Check for working CXX compiler: /usr/bin/c++
[1.693s] -- Check for working CXX compiler: /usr/bin/c++ -- works
[1.696s] -- Detecting CXX compiler ABI info
[1.992s] -- Detecting CXX compiler ABI info - done
[2.009s] -- Detecting CXX compile features
[2.010s] -- Detecting CXX compile features - done
[2.025s] -- Found ament_cmake: 0.9.12 (/opt/ros/foxy/share/ament_cmake/cmake)
[2.096s] -- Found PythonInterp: /usr/bin/python3 (found suitable version "3.8.10", minimum required is "3") 
[2.096s] -- Using PYTHON_EXECUTABLE: /usr/bin/python3
[2.568s] -- Found rclcpp: 2.4.3 (/opt/ros/foxy/share/rclcpp/cmake)
[2.739s] -- Using all available rosidl_typesupport_c: rosidl_typesupport_fastrtps_c;rosidl_typesupport_introspection_c
[2.763s] -- Found rosidl_adapter: 1.3.1 (/opt/ros/foxy/share/rosidl_adapter/cmake)
[3.172s] -- Found OpenSSL: /usr/lib/x86_64-linux-gnu/libcrypto.so (found version "1.1.1f")  
[3.235s] -- Found FastRTPS: /opt/ros/foxy/include  
[3.443s] -- Using all available rosidl_typesupport_cpp: rosidl_typesupport_fastrtps_cpp;rosidl_typesupport_introspection_cpp
[3.612s] -- Found rmw_implementation_cmake: 1.0.4 (/opt/ros/foxy/share/rmw_implementation_cmake/cmake)
[3.620s] -- Using RMW implementation 'rmw_fastrtps_cpp' as default
[3.625s] -- Looking for pthread.h
[3.906s] -- Looking for pthread.h - found
[3.906s] -- Performing Test CMAKE_HAVE_LIBC_PTHREAD
[4.202s] -- Performing Test CMAKE_HAVE_LIBC_PTHREAD - Failed
[4.204s] -- Looking for pthread_create in pthreads
[4.413s] -- Looking for pthread_create in pthreads - not found
[4.414s] -- Looking for pthread_create in pthread
[4.678s] -- Looking for pthread_create in pthread - found
[4.681s] -- Found Threads: TRUE  
[5.046s] -- Found ament_lint_auto: 0.9.8 (/opt/ros/foxy/share/ament_lint_auto/cmake)
[5.241s] -- Added test 'copyright' to check source files copyright and LICENSE
[5.259s] -- Added test 'lint_cmake' to check CMake code style
[5.267s] -- Added test 'xmllint' to check XML markup files
[5.283s] -- Configuring done
[5.290s] -- Generating done
[5.294s] -- Build files have been written to: /home/cjs/VL53L8CX/VL53L8CX_ws/build/base_interfaces_demo
[5.314s] Invoked command in '/home/cjs/VL53L8CX/VL53L8CX_ws/build/base_interfaces_demo' returned '0': CMAKE_PREFIX_PATH=/opt/ros/foxy /usr/bin/cmake /home/cjs/VL53L8CX/VL53L8CX_ws/src/base_interfaces_demo -DCMAKE_INSTALL_PREFIX=/home/cjs/VL53L8CX/VL53L8CX_ws/install/base_interfaces_demo
[5.325s] Invoking command in '/home/cjs/VL53L8CX/VL53L8CX_ws/build/base_interfaces_demo': CMAKE_PREFIX_PATH=/opt/ros/foxy /usr/bin/cmake --build /home/cjs/VL53L8CX/VL53L8CX_ws/build/base_interfaces_demo -- -j4 -l4
[5.485s] Invoked command in '/home/cjs/VL53L8CX/VL53L8CX_ws/build/base_interfaces_demo' returned '0': CMAKE_PREFIX_PATH=/opt/ros/foxy /usr/bin/cmake --build /home/cjs/VL53L8CX/VL53L8CX_ws/build/base_interfaces_demo -- -j4 -l4
[5.629s] Invoking command in '/home/cjs/VL53L8CX/VL53L8CX_ws/build/base_interfaces_demo': CMAKE_PREFIX_PATH=/opt/ros/foxy /usr/bin/cmake --install /home/cjs/VL53L8CX/VL53L8CX_ws/build/base_interfaces_demo
[5.661s] -- Install configuration: ""
[5.662s] -- Installing: /home/cjs/VL53L8CX/VL53L8CX_ws/install/base_interfaces_demo/share/ament_index/resource_index/package_run_dependencies/base_interfaces_demo
[5.665s] -- Installing: /home/cjs/VL53L8CX/VL53L8CX_ws/install/base_interfaces_demo/share/ament_index/resource_index/parent_prefix_path/base_interfaces_demo
[5.671s] -- Installing: /home/cjs/VL53L8CX/VL53L8CX_ws/install/base_interfaces_demo/share/base_interfaces_demo/environment/ament_prefix_path.sh
[5.672s] -- Installing: /home/cjs/VL53L8CX/VL53L8CX_ws/install/base_interfaces_demo/share/base_interfaces_demo/environment/ament_prefix_path.dsv
[5.674s] -- Installing: /home/cjs/VL53L8CX/VL53L8CX_ws/install/base_interfaces_demo/share/base_interfaces_demo/environment/path.sh
[5.675s] -- Installing: /home/cjs/VL53L8CX/VL53L8CX_ws/install/base_interfaces_demo/share/base_interfaces_demo/environment/path.dsv
[5.676s] -- Installing: /home/cjs/VL53L8CX/VL53L8CX_ws/install/base_interfaces_demo/share/base_interfaces_demo/local_setup.bash
[5.677s] -- Installing: /home/cjs/VL53L8CX/VL53L8CX_ws/install/base_interfaces_demo/share/base_interfaces_demo/local_setup.sh
[5.679s] -- Installing: /home/cjs/VL53L8CX/VL53L8CX_ws/install/base_interfaces_demo/share/base_interfaces_demo/local_setup.zsh
[5.681s] -- Installing: /home/cjs/VL53L8CX/VL53L8CX_ws/install/base_interfaces_demo/share/base_interfaces_demo/local_setup.dsv
[5.682s] -- Installing: /home/cjs/VL53L8CX/VL53L8CX_ws/install/base_interfaces_demo/share/base_interfaces_demo/package.dsv
[5.683s] -- Installing: /home/cjs/VL53L8CX/VL53L8CX_ws/install/base_interfaces_demo/share/ament_index/resource_index/packages/base_interfaces_demo
[5.685s] -- Installing: /home/cjs/VL53L8CX/VL53L8CX_ws/install/base_interfaces_demo/share/base_interfaces_demo/cmake/base_interfaces_demoConfig.cmake
[5.686s] -- Installing: /home/cjs/VL53L8CX/VL53L8CX_ws/install/base_interfaces_demo/share/base_interfaces_demo/cmake/base_interfaces_demoConfig-version.cmake
[5.687s] -- Installing: /home/cjs/VL53L8CX/VL53L8CX_ws/install/base_interfaces_demo/share/base_interfaces_demo/package.xml
[5.695s] Invoked command in '/home/cjs/VL53L8CX/VL53L8CX_ws/build/base_interfaces_demo' returned '0': CMAKE_PREFIX_PATH=/opt/ros/foxy /usr/bin/cmake --install /home/cjs/VL53L8CX/VL53L8CX_ws/build/base_interfaces_demo
