[0.418s] DEBUG:colcon:Command line arguments: ['/usr/bin/colcon', 'build']
[0.418s] DEBUG:colcon:Parsed command line arguments: Namespace(allow_overriding=[], ament_cmake_args=None, base_paths=['.'], build_base='build', catkin_cmake_args=None, catkin_skip_building_tests=False, cmake_args=None, cmake_clean_cache=False, cmake_clean_first=False, cmake_force_configure=False, cmake_target=None, cmake_target_skip_unavailable=False, continue_on_error=False, event_handlers=None, executor='parallel', ignore_user_meta=False, install_base='install', log_base=None, log_level=None, main=<bound method BuildVerb.main of <colcon_core.verb.build.BuildVerb object at 0x7f90c93bc250>>, merge_install=False, metas=['./colcon.meta'], mixin=None, mixin_files=None, mixin_verb=('build',), packages_above=None, packages_above_and_dependencies=None, packages_above_depth=None, packages_end=None, packages_ignore=None, packages_ignore_regex=None, packages_select=None, packages_select_build_failed=False, packages_select_by_dep=None, packages_select_regex=None, packages_select_test_failures=False, packages_skip=None, packages_skip_build_finished=False, packages_skip_by_dep=None, packages_skip_regex=None, packages_skip_test_passed=False, packages_skip_up_to=None, packages_start=None, packages_up_to=None, packages_up_to_regex=None, parallel_workers=4, paths=None, symlink_install=False, test_result_base=None, verb_extension=<colcon_core.verb.build.BuildVerb object at 0x7f90c93bc250>, verb_name='build', verb_parser=<colcon_mixin.mixin.mixin_argument.MixinArgumentDecorator object at 0x7f90c931d700>)
[0.601s] Level 1:colcon.colcon_core.package_discovery:discover_packages(colcon_meta) check parameters
[0.601s] Level 1:colcon.colcon_core.package_discovery:discover_packages(recursive) check parameters
[0.601s] Level 1:colcon.colcon_core.package_discovery:discover_packages(ignore) check parameters
[0.601s] Level 1:colcon.colcon_core.package_discovery:discover_packages(path) check parameters
[0.601s] Level 1:colcon.colcon_core.package_discovery:discover_packages(colcon_meta) discover
[0.601s] Level 1:colcon.colcon_core.package_discovery:discover_packages(recursive) discover
[0.601s] INFO:colcon.colcon_core.package_discovery:Crawling recursively for packages in '/home/cjs/VL53L8CX/VL53L8CX_ws'
[0.601s] Level 1:colcon.colcon_core.package_identification:_identify(.) by extensions ['ignore', 'ignore_ament_install']
[0.601s] Level 1:colcon.colcon_core.package_identification:_identify(.) by extension 'ignore'
[0.601s] Level 1:colcon.colcon_core.package_identification:_identify(.) by extension 'ignore_ament_install'
[0.601s] Level 1:colcon.colcon_core.package_identification:_identify(.) by extensions ['colcon_pkg']
[0.602s] Level 1:colcon.colcon_core.package_identification:_identify(.) by extension 'colcon_pkg'
[0.602s] Level 1:colcon.colcon_core.package_identification:_identify(.) by extensions ['colcon_meta']
[0.602s] Level 1:colcon.colcon_core.package_identification:_identify(.) by extension 'colcon_meta'
[0.602s] Level 1:colcon.colcon_core.package_identification:_identify(.) by extensions ['ros']
[0.602s] Level 1:colcon.colcon_core.package_identification:_identify(.) by extension 'ros'
[0.621s] Level 1:colcon.colcon_core.package_identification:_identify(.) by extensions ['cmake', 'python']
[0.621s] Level 1:colcon.colcon_core.package_identification:_identify(.) by extension 'cmake'
[0.621s] Level 1:colcon.colcon_core.package_identification:_identify(.) by extension 'python'
[0.621s] Level 1:colcon.colcon_core.package_identification:_identify(.) by extensions ['python_setup_py']
[0.621s] Level 1:colcon.colcon_core.package_identification:_identify(.) by extension 'python_setup_py'
[0.621s] Level 1:colcon.colcon_core.package_identification:_identify(build) by extensions ['ignore', 'ignore_ament_install']
[0.621s] Level 1:colcon.colcon_core.package_identification:_identify(build) by extension 'ignore'
[0.621s] Level 1:colcon.colcon_core.package_identification:_identify(build) ignored
[0.622s] Level 1:colcon.colcon_core.package_identification:_identify(install) by extensions ['ignore', 'ignore_ament_install']
[0.622s] Level 1:colcon.colcon_core.package_identification:_identify(install) by extension 'ignore'
[0.622s] Level 1:colcon.colcon_core.package_identification:_identify(install) ignored
[0.622s] Level 1:colcon.colcon_core.package_identification:_identify(log) by extensions ['ignore', 'ignore_ament_install']
[0.622s] Level 1:colcon.colcon_core.package_identification:_identify(log) by extension 'ignore'
[0.622s] Level 1:colcon.colcon_core.package_identification:_identify(log) ignored
[0.622s] Level 1:colcon.colcon_core.package_identification:_identify(src) by extensions ['ignore', 'ignore_ament_install']
[0.622s] Level 1:colcon.colcon_core.package_identification:_identify(src) by extension 'ignore'
[0.622s] Level 1:colcon.colcon_core.package_identification:_identify(src) by extension 'ignore_ament_install'
[0.622s] Level 1:colcon.colcon_core.package_identification:_identify(src) by extensions ['colcon_pkg']
[0.622s] Level 1:colcon.colcon_core.package_identification:_identify(src) by extension 'colcon_pkg'
[0.623s] Level 1:colcon.colcon_core.package_identification:_identify(src) by extensions ['colcon_meta']
[0.623s] Level 1:colcon.colcon_core.package_identification:_identify(src) by extension 'colcon_meta'
[0.623s] Level 1:colcon.colcon_core.package_identification:_identify(src) by extensions ['ros']
[0.623s] Level 1:colcon.colcon_core.package_identification:_identify(src) by extension 'ros'
[0.623s] Level 1:colcon.colcon_core.package_identification:_identify(src) by extensions ['cmake', 'python']
[0.623s] Level 1:colcon.colcon_core.package_identification:_identify(src) by extension 'cmake'
[0.623s] Level 1:colcon.colcon_core.package_identification:_identify(src) by extension 'python'
[0.623s] Level 1:colcon.colcon_core.package_identification:_identify(src) by extensions ['python_setup_py']
[0.623s] Level 1:colcon.colcon_core.package_identification:_identify(src) by extension 'python_setup_py'
[0.623s] Level 1:colcon.colcon_core.package_identification:_identify(src/base_interfaces_demo) by extensions ['ignore', 'ignore_ament_install']
[0.623s] Level 1:colcon.colcon_core.package_identification:_identify(src/base_interfaces_demo) by extension 'ignore'
[0.623s] Level 1:colcon.colcon_core.package_identification:_identify(src/base_interfaces_demo) by extension 'ignore_ament_install'
[0.623s] Level 1:colcon.colcon_core.package_identification:_identify(src/base_interfaces_demo) by extensions ['colcon_pkg']
[0.623s] Level 1:colcon.colcon_core.package_identification:_identify(src/base_interfaces_demo) by extension 'colcon_pkg'
[0.623s] Level 1:colcon.colcon_core.package_identification:_identify(src/base_interfaces_demo) by extensions ['colcon_meta']
[0.623s] Level 1:colcon.colcon_core.package_identification:_identify(src/base_interfaces_demo) by extension 'colcon_meta'
[0.623s] Level 1:colcon.colcon_core.package_identification:_identify(src/base_interfaces_demo) by extensions ['ros']
[0.623s] Level 1:colcon.colcon_core.package_identification:_identify(src/base_interfaces_demo) by extension 'ros'
[0.629s] DEBUG:colcon.colcon_core.package_identification:Package 'src/base_interfaces_demo' with type 'ros.ament_cmake' and name 'base_interfaces_demo'
[0.629s] Level 1:colcon.colcon_core.package_identification:_identify(src/tof_sensor_package) by extensions ['ignore', 'ignore_ament_install']
[0.629s] Level 1:colcon.colcon_core.package_identification:_identify(src/tof_sensor_package) by extension 'ignore'
[0.630s] Level 1:colcon.colcon_core.package_identification:_identify(src/tof_sensor_package) by extension 'ignore_ament_install'
[0.630s] Level 1:colcon.colcon_core.package_identification:_identify(src/tof_sensor_package) by extensions ['colcon_pkg']
[0.630s] Level 1:colcon.colcon_core.package_identification:_identify(src/tof_sensor_package) by extension 'colcon_pkg'
[0.630s] Level 1:colcon.colcon_core.package_identification:_identify(src/tof_sensor_package) by extensions ['colcon_meta']
[0.630s] Level 1:colcon.colcon_core.package_identification:_identify(src/tof_sensor_package) by extension 'colcon_meta'
[0.630s] Level 1:colcon.colcon_core.package_identification:_identify(src/tof_sensor_package) by extensions ['ros']
[0.630s] Level 1:colcon.colcon_core.package_identification:_identify(src/tof_sensor_package) by extension 'ros'
[0.631s] DEBUG:colcon.colcon_core.package_identification:Package 'src/tof_sensor_package' with type 'ros.ament_cmake' and name 'tof_sensor_package'
[0.631s] Level 1:colcon.colcon_core.package_discovery:discover_packages(recursive) using defaults
[0.631s] Level 1:colcon.colcon_core.package_discovery:discover_packages(ignore) discover
[0.631s] Level 1:colcon.colcon_core.package_discovery:discover_packages(ignore) using defaults
[0.631s] Level 1:colcon.colcon_core.package_discovery:discover_packages(path) discover
[0.631s] Level 1:colcon.colcon_core.package_discovery:discover_packages(path) using defaults
[0.659s] Level 1:colcon.colcon_core.package_discovery:discover_packages(prefix_path) check parameters
[0.659s] Level 1:colcon.colcon_core.package_discovery:discover_packages(prefix_path) discover
[0.665s] DEBUG:colcon.colcon_installed_package_information.package_discovery:Found 256 installed packages in /opt/ros/foxy
[0.666s] Level 1:colcon.colcon_core.package_discovery:discover_packages(prefix_path) using defaults
[0.801s] Level 5:colcon.colcon_core.verb:set package 'base_interfaces_demo' build argument 'cmake_args' from command line to 'None'
[0.802s] Level 5:colcon.colcon_core.verb:set package 'base_interfaces_demo' build argument 'cmake_target' from command line to 'None'
[0.802s] Level 5:colcon.colcon_core.verb:set package 'base_interfaces_demo' build argument 'cmake_target_skip_unavailable' from command line to 'False'
[0.802s] Level 5:colcon.colcon_core.verb:set package 'base_interfaces_demo' build argument 'cmake_clean_cache' from command line to 'False'
[0.802s] Level 5:colcon.colcon_core.verb:set package 'base_interfaces_demo' build argument 'cmake_clean_first' from command line to 'False'
[0.802s] Level 5:colcon.colcon_core.verb:set package 'base_interfaces_demo' build argument 'cmake_force_configure' from command line to 'False'
[0.802s] Level 5:colcon.colcon_core.verb:set package 'base_interfaces_demo' build argument 'ament_cmake_args' from command line to 'None'
[0.802s] Level 5:colcon.colcon_core.verb:set package 'base_interfaces_demo' build argument 'catkin_cmake_args' from command line to 'None'
[0.802s] Level 5:colcon.colcon_core.verb:set package 'base_interfaces_demo' build argument 'catkin_skip_building_tests' from command line to 'False'
[0.802s] DEBUG:colcon.colcon_core.verb:Building package 'base_interfaces_demo' with the following arguments: {'ament_cmake_args': None, 'build_base': '/home/cjs/VL53L8CX/VL53L8CX_ws/build/base_interfaces_demo', 'catkin_cmake_args': None, 'catkin_skip_building_tests': False, 'cmake_args': None, 'cmake_clean_cache': False, 'cmake_clean_first': False, 'cmake_force_configure': False, 'cmake_target': None, 'cmake_target_skip_unavailable': False, 'install_base': '/home/cjs/VL53L8CX/VL53L8CX_ws/install/base_interfaces_demo', 'merge_install': False, 'path': '/home/cjs/VL53L8CX/VL53L8CX_ws/src/base_interfaces_demo', 'symlink_install': False, 'test_result_base': None}
[0.802s] Level 5:colcon.colcon_core.verb:set package 'tof_sensor_package' build argument 'cmake_args' from command line to 'None'
[0.802s] Level 5:colcon.colcon_core.verb:set package 'tof_sensor_package' build argument 'cmake_target' from command line to 'None'
[0.802s] Level 5:colcon.colcon_core.verb:set package 'tof_sensor_package' build argument 'cmake_target_skip_unavailable' from command line to 'False'
[0.802s] Level 5:colcon.colcon_core.verb:set package 'tof_sensor_package' build argument 'cmake_clean_cache' from command line to 'False'
[0.802s] Level 5:colcon.colcon_core.verb:set package 'tof_sensor_package' build argument 'cmake_clean_first' from command line to 'False'
[0.802s] Level 5:colcon.colcon_core.verb:set package 'tof_sensor_package' build argument 'cmake_force_configure' from command line to 'False'
[0.802s] Level 5:colcon.colcon_core.verb:set package 'tof_sensor_package' build argument 'ament_cmake_args' from command line to 'None'
[0.802s] Level 5:colcon.colcon_core.verb:set package 'tof_sensor_package' build argument 'catkin_cmake_args' from command line to 'None'
[0.802s] Level 5:colcon.colcon_core.verb:set package 'tof_sensor_package' build argument 'catkin_skip_building_tests' from command line to 'False'
[0.802s] DEBUG:colcon.colcon_core.verb:Building package 'tof_sensor_package' with the following arguments: {'ament_cmake_args': None, 'build_base': '/home/cjs/VL53L8CX/VL53L8CX_ws/build/tof_sensor_package', 'catkin_cmake_args': None, 'catkin_skip_building_tests': False, 'cmake_args': None, 'cmake_clean_cache': False, 'cmake_clean_first': False, 'cmake_force_configure': False, 'cmake_target': None, 'cmake_target_skip_unavailable': False, 'install_base': '/home/cjs/VL53L8CX/VL53L8CX_ws/install/tof_sensor_package', 'merge_install': False, 'path': '/home/cjs/VL53L8CX/VL53L8CX_ws/src/tof_sensor_package', 'symlink_install': False, 'test_result_base': None}
[0.803s] INFO:colcon.colcon_core.executor:Executing jobs using 'parallel' executor
[0.805s] DEBUG:colcon.colcon_parallel_executor.executor.parallel:run_until_complete
[0.806s] INFO:colcon.colcon_ros.task.ament_cmake.build:Building ROS package in '/home/cjs/VL53L8CX/VL53L8CX_ws/src/base_interfaces_demo' with build type 'ament_cmake'
[0.806s] INFO:colcon.colcon_cmake.task.cmake.build:Building CMake package in '/home/cjs/VL53L8CX/VL53L8CX_ws/src/base_interfaces_demo'
[0.812s] INFO:colcon.colcon_core.plugin_system:Skipping extension 'colcon_core.shell.bat': Not used on non-Windows systems
[0.813s] INFO:colcon.colcon_core.shell:Skip shell extension 'powershell' for command environment: Not usable outside of PowerShell
[0.813s] DEBUG:colcon.colcon_core.shell:Skip shell extension 'dsv' for command environment
[0.827s] DEBUG:colcon.colcon_core.event_handler.log_command:Invoking command in '/home/cjs/VL53L8CX/VL53L8CX_ws/build/base_interfaces_demo': CMAKE_PREFIX_PATH=/opt/ros/foxy /usr/bin/cmake --build /home/cjs/VL53L8CX/VL53L8CX_ws/build/base_interfaces_demo -- -j4 -l4
[1.249s] DEBUG:colcon.colcon_core.event_handler.log_command:Invoked command in '/home/cjs/VL53L8CX/VL53L8CX_ws/build/base_interfaces_demo' returned '0': CMAKE_PREFIX_PATH=/opt/ros/foxy /usr/bin/cmake --build /home/cjs/VL53L8CX/VL53L8CX_ws/build/base_interfaces_demo -- -j4 -l4
[1.455s] DEBUG:colcon.colcon_core.event_handler.log_command:Invoking command in '/home/cjs/VL53L8CX/VL53L8CX_ws/build/base_interfaces_demo': CMAKE_PREFIX_PATH=/opt/ros/foxy /usr/bin/cmake --install /home/cjs/VL53L8CX/VL53L8CX_ws/build/base_interfaces_demo
[1.531s] Level 1:colcon.colcon_core.environment:create_environment_scripts_only(base_interfaces_demo)
[1.532s] DEBUG:colcon.colcon_core.event_handler.log_command:Invoked command in '/home/cjs/VL53L8CX/VL53L8CX_ws/build/base_interfaces_demo' returned '0': CMAKE_PREFIX_PATH=/opt/ros/foxy /usr/bin/cmake --install /home/cjs/VL53L8CX/VL53L8CX_ws/build/base_interfaces_demo
[1.539s] Level 1:colcon.colcon_core.environment:checking '/home/cjs/VL53L8CX/VL53L8CX_ws/install/base_interfaces_demo' for CMake module files
[1.540s] Level 1:colcon.colcon_core.environment:checking '/home/cjs/VL53L8CX/VL53L8CX_ws/install/base_interfaces_demo' for CMake config files
[1.540s] Level 1:colcon.colcon_core.shell:create_environment_hook('base_interfaces_demo', 'cmake_prefix_path')
[1.541s] INFO:colcon.colcon_core.shell:Creating environment hook '/home/cjs/VL53L8CX/VL53L8CX_ws/install/base_interfaces_demo/share/base_interfaces_demo/hook/cmake_prefix_path.ps1'
[1.542s] INFO:colcon.colcon_core.shell:Creating environment descriptor '/home/cjs/VL53L8CX/VL53L8CX_ws/install/base_interfaces_demo/share/base_interfaces_demo/hook/cmake_prefix_path.dsv'
[1.543s] INFO:colcon.colcon_core.shell:Creating environment hook '/home/cjs/VL53L8CX/VL53L8CX_ws/install/base_interfaces_demo/share/base_interfaces_demo/hook/cmake_prefix_path.sh'
[1.545s] Level 1:colcon.colcon_core.environment:checking '/home/cjs/VL53L8CX/VL53L8CX_ws/install/base_interfaces_demo/lib'
[1.545s] Level 1:colcon.colcon_core.shell:create_environment_hook('base_interfaces_demo', 'ld_library_path_lib')
[1.546s] INFO:colcon.colcon_core.shell:Creating environment hook '/home/cjs/VL53L8CX/VL53L8CX_ws/install/base_interfaces_demo/share/base_interfaces_demo/hook/ld_library_path_lib.ps1'
[1.546s] INFO:colcon.colcon_core.shell:Creating environment descriptor '/home/cjs/VL53L8CX/VL53L8CX_ws/install/base_interfaces_demo/share/base_interfaces_demo/hook/ld_library_path_lib.dsv'
[1.547s] INFO:colcon.colcon_core.shell:Creating environment hook '/home/cjs/VL53L8CX/VL53L8CX_ws/install/base_interfaces_demo/share/base_interfaces_demo/hook/ld_library_path_lib.sh'
[1.547s] Level 1:colcon.colcon_core.environment:checking '/home/cjs/VL53L8CX/VL53L8CX_ws/install/base_interfaces_demo/bin'
[1.548s] Level 1:colcon.colcon_core.environment:checking '/home/cjs/VL53L8CX/VL53L8CX_ws/install/base_interfaces_demo/lib/pkgconfig/base_interfaces_demo.pc'
[1.548s] Level 1:colcon.colcon_core.environment:checking '/home/cjs/VL53L8CX/VL53L8CX_ws/install/base_interfaces_demo/lib/python3.8/site-packages'
[1.548s] Level 1:colcon.colcon_core.shell:create_environment_hook('base_interfaces_demo', 'pythonpath')
[1.548s] INFO:colcon.colcon_core.shell:Creating environment hook '/home/cjs/VL53L8CX/VL53L8CX_ws/install/base_interfaces_demo/share/base_interfaces_demo/hook/pythonpath.ps1'
[1.549s] INFO:colcon.colcon_core.shell:Creating environment descriptor '/home/cjs/VL53L8CX/VL53L8CX_ws/install/base_interfaces_demo/share/base_interfaces_demo/hook/pythonpath.dsv'
[1.549s] INFO:colcon.colcon_core.shell:Creating environment hook '/home/cjs/VL53L8CX/VL53L8CX_ws/install/base_interfaces_demo/share/base_interfaces_demo/hook/pythonpath.sh'
[1.550s] Level 1:colcon.colcon_core.environment:checking '/home/cjs/VL53L8CX/VL53L8CX_ws/install/base_interfaces_demo/bin'
[1.550s] INFO:colcon.colcon_core.shell:Creating package script '/home/cjs/VL53L8CX/VL53L8CX_ws/install/base_interfaces_demo/share/base_interfaces_demo/package.ps1'
[1.552s] INFO:colcon.colcon_core.shell:Creating package descriptor '/home/cjs/VL53L8CX/VL53L8CX_ws/install/base_interfaces_demo/share/base_interfaces_demo/package.dsv'
[1.553s] INFO:colcon.colcon_core.shell:Creating package script '/home/cjs/VL53L8CX/VL53L8CX_ws/install/base_interfaces_demo/share/base_interfaces_demo/package.sh'
[1.556s] INFO:colcon.colcon_core.shell:Creating package script '/home/cjs/VL53L8CX/VL53L8CX_ws/install/base_interfaces_demo/share/base_interfaces_demo/package.bash'
[1.558s] INFO:colcon.colcon_core.shell:Creating package script '/home/cjs/VL53L8CX/VL53L8CX_ws/install/base_interfaces_demo/share/base_interfaces_demo/package.zsh'
[1.560s] Level 1:colcon.colcon_core.environment:create_file_with_runtime_dependencies(/home/cjs/VL53L8CX/VL53L8CX_ws/install/base_interfaces_demo/share/colcon-core/packages/base_interfaces_demo)
[1.757s] Level 1:colcon.colcon_core.environment:create_environment_scripts_only(base_interfaces_demo)
[1.757s] Level 1:colcon.colcon_core.environment:checking '/home/cjs/VL53L8CX/VL53L8CX_ws/install/base_interfaces_demo' for CMake module files
[1.758s] Level 1:colcon.colcon_core.environment:checking '/home/cjs/VL53L8CX/VL53L8CX_ws/install/base_interfaces_demo' for CMake config files
[1.759s] Level 1:colcon.colcon_core.shell:create_environment_hook('base_interfaces_demo', 'cmake_prefix_path')
[1.759s] INFO:colcon.colcon_core.shell:Creating environment hook '/home/cjs/VL53L8CX/VL53L8CX_ws/install/base_interfaces_demo/share/base_interfaces_demo/hook/cmake_prefix_path.ps1'
[1.760s] INFO:colcon.colcon_core.shell:Creating environment descriptor '/home/cjs/VL53L8CX/VL53L8CX_ws/install/base_interfaces_demo/share/base_interfaces_demo/hook/cmake_prefix_path.dsv'
[1.760s] INFO:colcon.colcon_core.shell:Creating environment hook '/home/cjs/VL53L8CX/VL53L8CX_ws/install/base_interfaces_demo/share/base_interfaces_demo/hook/cmake_prefix_path.sh'
[1.761s] Level 1:colcon.colcon_core.environment:checking '/home/cjs/VL53L8CX/VL53L8CX_ws/install/base_interfaces_demo/lib'
[1.761s] Level 1:colcon.colcon_core.shell:create_environment_hook('base_interfaces_demo', 'ld_library_path_lib')
[1.761s] INFO:colcon.colcon_core.shell:Creating environment hook '/home/cjs/VL53L8CX/VL53L8CX_ws/install/base_interfaces_demo/share/base_interfaces_demo/hook/ld_library_path_lib.ps1'
[1.762s] INFO:colcon.colcon_core.shell:Creating environment descriptor '/home/cjs/VL53L8CX/VL53L8CX_ws/install/base_interfaces_demo/share/base_interfaces_demo/hook/ld_library_path_lib.dsv'
[1.762s] INFO:colcon.colcon_core.shell:Creating environment hook '/home/cjs/VL53L8CX/VL53L8CX_ws/install/base_interfaces_demo/share/base_interfaces_demo/hook/ld_library_path_lib.sh'
[1.763s] Level 1:colcon.colcon_core.environment:checking '/home/cjs/VL53L8CX/VL53L8CX_ws/install/base_interfaces_demo/bin'
[1.763s] Level 1:colcon.colcon_core.environment:checking '/home/cjs/VL53L8CX/VL53L8CX_ws/install/base_interfaces_demo/lib/pkgconfig/base_interfaces_demo.pc'
[1.763s] Level 1:colcon.colcon_core.environment:checking '/home/cjs/VL53L8CX/VL53L8CX_ws/install/base_interfaces_demo/lib/python3.8/site-packages'
[1.763s] Level 1:colcon.colcon_core.shell:create_environment_hook('base_interfaces_demo', 'pythonpath')
[1.763s] INFO:colcon.colcon_core.shell:Creating environment hook '/home/cjs/VL53L8CX/VL53L8CX_ws/install/base_interfaces_demo/share/base_interfaces_demo/hook/pythonpath.ps1'
[1.764s] INFO:colcon.colcon_core.shell:Creating environment descriptor '/home/cjs/VL53L8CX/VL53L8CX_ws/install/base_interfaces_demo/share/base_interfaces_demo/hook/pythonpath.dsv'
[1.764s] INFO:colcon.colcon_core.shell:Creating environment hook '/home/cjs/VL53L8CX/VL53L8CX_ws/install/base_interfaces_demo/share/base_interfaces_demo/hook/pythonpath.sh'
[1.765s] Level 1:colcon.colcon_core.environment:checking '/home/cjs/VL53L8CX/VL53L8CX_ws/install/base_interfaces_demo/bin'
[1.765s] INFO:colcon.colcon_core.shell:Creating package script '/home/cjs/VL53L8CX/VL53L8CX_ws/install/base_interfaces_demo/share/base_interfaces_demo/package.ps1'
[1.766s] INFO:colcon.colcon_core.shell:Creating package descriptor '/home/cjs/VL53L8CX/VL53L8CX_ws/install/base_interfaces_demo/share/base_interfaces_demo/package.dsv'
[1.766s] INFO:colcon.colcon_core.shell:Creating package script '/home/cjs/VL53L8CX/VL53L8CX_ws/install/base_interfaces_demo/share/base_interfaces_demo/package.sh'
[1.767s] INFO:colcon.colcon_core.shell:Creating package script '/home/cjs/VL53L8CX/VL53L8CX_ws/install/base_interfaces_demo/share/base_interfaces_demo/package.bash'
[1.767s] INFO:colcon.colcon_core.shell:Creating package script '/home/cjs/VL53L8CX/VL53L8CX_ws/install/base_interfaces_demo/share/base_interfaces_demo/package.zsh'
[1.768s] Level 1:colcon.colcon_core.environment:create_file_with_runtime_dependencies(/home/cjs/VL53L8CX/VL53L8CX_ws/install/base_interfaces_demo/share/colcon-core/packages/base_interfaces_demo)
[1.769s] INFO:colcon.colcon_ros.task.ament_cmake.build:Building ROS package in '/home/cjs/VL53L8CX/VL53L8CX_ws/src/tof_sensor_package' with build type 'ament_cmake'
[1.769s] INFO:colcon.colcon_cmake.task.cmake.build:Building CMake package in '/home/cjs/VL53L8CX/VL53L8CX_ws/src/tof_sensor_package'
[1.770s] INFO:colcon.colcon_core.shell:Skip shell extension 'powershell' for command environment: Not usable outside of PowerShell
[1.770s] DEBUG:colcon.colcon_core.shell:Skip shell extension 'dsv' for command environment
[1.804s] DEBUG:colcon.colcon_core.event_handler.log_command:Invoking command in '/home/cjs/VL53L8CX/VL53L8CX_ws/build/tof_sensor_package': AMENT_PREFIX_PATH=/home/cjs/VL53L8CX/VL53L8CX_ws/install/base_interfaces_demo:${AMENT_PREFIX_PATH} CMAKE_PREFIX_PATH=/home/cjs/VL53L8CX/VL53L8CX_ws/install/base_interfaces_demo:/opt/ros/foxy LD_LIBRARY_PATH=/home/cjs/VL53L8CX/VL53L8CX_ws/install/base_interfaces_demo/lib:${LD_LIBRARY_PATH} PYTHONPATH=/home/cjs/VL53L8CX/VL53L8CX_ws/install/base_interfaces_demo/lib/python3.8/site-packages:${PYTHONPATH} /usr/bin/cmake --build /home/cjs/VL53L8CX/VL53L8CX_ws/build/tof_sensor_package -- -j4 -l4
[14.289s] DEBUG:colcon.colcon_core.event_handler.log_command:Invoked command in '/home/cjs/VL53L8CX/VL53L8CX_ws/build/tof_sensor_package' returned '0': AMENT_PREFIX_PATH=/home/cjs/VL53L8CX/VL53L8CX_ws/install/base_interfaces_demo:${AMENT_PREFIX_PATH} CMAKE_PREFIX_PATH=/home/cjs/VL53L8CX/VL53L8CX_ws/install/base_interfaces_demo:/opt/ros/foxy LD_LIBRARY_PATH=/home/cjs/VL53L8CX/VL53L8CX_ws/install/base_interfaces_demo/lib:${LD_LIBRARY_PATH} PYTHONPATH=/home/cjs/VL53L8CX/VL53L8CX_ws/install/base_interfaces_demo/lib/python3.8/site-packages:${PYTHONPATH} /usr/bin/cmake --build /home/cjs/VL53L8CX/VL53L8CX_ws/build/tof_sensor_package -- -j4 -l4
[14.346s] DEBUG:colcon.colcon_core.event_handler.log_command:Invoking command in '/home/cjs/VL53L8CX/VL53L8CX_ws/build/tof_sensor_package': AMENT_PREFIX_PATH=/home/cjs/VL53L8CX/VL53L8CX_ws/install/base_interfaces_demo:${AMENT_PREFIX_PATH} CMAKE_PREFIX_PATH=/home/cjs/VL53L8CX/VL53L8CX_ws/install/base_interfaces_demo:/opt/ros/foxy LD_LIBRARY_PATH=/home/cjs/VL53L8CX/VL53L8CX_ws/install/base_interfaces_demo/lib:${LD_LIBRARY_PATH} PYTHONPATH=/home/cjs/VL53L8CX/VL53L8CX_ws/install/base_interfaces_demo/lib/python3.8/site-packages:${PYTHONPATH} /usr/bin/cmake --install /home/cjs/VL53L8CX/VL53L8CX_ws/build/tof_sensor_package
[14.367s] Level 1:colcon.colcon_core.environment:create_environment_scripts_only(tof_sensor_package)
[14.368s] Level 1:colcon.colcon_core.environment:checking '/home/cjs/VL53L8CX/VL53L8CX_ws/install/tof_sensor_package' for CMake module files
[14.368s] DEBUG:colcon.colcon_core.event_handler.log_command:Invoked command in '/home/cjs/VL53L8CX/VL53L8CX_ws/build/tof_sensor_package' returned '0': AMENT_PREFIX_PATH=/home/cjs/VL53L8CX/VL53L8CX_ws/install/base_interfaces_demo:${AMENT_PREFIX_PATH} CMAKE_PREFIX_PATH=/home/cjs/VL53L8CX/VL53L8CX_ws/install/base_interfaces_demo:/opt/ros/foxy LD_LIBRARY_PATH=/home/cjs/VL53L8CX/VL53L8CX_ws/install/base_interfaces_demo/lib:${LD_LIBRARY_PATH} PYTHONPATH=/home/cjs/VL53L8CX/VL53L8CX_ws/install/base_interfaces_demo/lib/python3.8/site-packages:${PYTHONPATH} /usr/bin/cmake --install /home/cjs/VL53L8CX/VL53L8CX_ws/build/tof_sensor_package
[14.369s] Level 1:colcon.colcon_core.environment:checking '/home/cjs/VL53L8CX/VL53L8CX_ws/install/tof_sensor_package' for CMake config files
[14.370s] Level 1:colcon.colcon_core.shell:create_environment_hook('tof_sensor_package', 'cmake_prefix_path')
[14.370s] INFO:colcon.colcon_core.shell:Creating environment hook '/home/cjs/VL53L8CX/VL53L8CX_ws/install/tof_sensor_package/share/tof_sensor_package/hook/cmake_prefix_path.ps1'
[14.371s] INFO:colcon.colcon_core.shell:Creating environment descriptor '/home/cjs/VL53L8CX/VL53L8CX_ws/install/tof_sensor_package/share/tof_sensor_package/hook/cmake_prefix_path.dsv'
[14.371s] INFO:colcon.colcon_core.shell:Creating environment hook '/home/cjs/VL53L8CX/VL53L8CX_ws/install/tof_sensor_package/share/tof_sensor_package/hook/cmake_prefix_path.sh'
[14.372s] Level 1:colcon.colcon_core.environment:checking '/home/cjs/VL53L8CX/VL53L8CX_ws/install/tof_sensor_package/lib'
[14.372s] Level 1:colcon.colcon_core.environment:checking '/home/cjs/VL53L8CX/VL53L8CX_ws/install/tof_sensor_package/bin'
[14.372s] Level 1:colcon.colcon_core.environment:checking '/home/cjs/VL53L8CX/VL53L8CX_ws/install/tof_sensor_package/lib/pkgconfig/tof_sensor_package.pc'
[14.372s] Level 1:colcon.colcon_core.environment:checking '/home/cjs/VL53L8CX/VL53L8CX_ws/install/tof_sensor_package/lib/python3.8/site-packages'
[14.373s] Level 1:colcon.colcon_core.environment:checking '/home/cjs/VL53L8CX/VL53L8CX_ws/install/tof_sensor_package/bin'
[14.373s] INFO:colcon.colcon_core.shell:Creating package script '/home/cjs/VL53L8CX/VL53L8CX_ws/install/tof_sensor_package/share/tof_sensor_package/package.ps1'
[14.374s] INFO:colcon.colcon_core.shell:Creating package descriptor '/home/cjs/VL53L8CX/VL53L8CX_ws/install/tof_sensor_package/share/tof_sensor_package/package.dsv'
[14.374s] INFO:colcon.colcon_core.shell:Creating package script '/home/cjs/VL53L8CX/VL53L8CX_ws/install/tof_sensor_package/share/tof_sensor_package/package.sh'
[14.375s] INFO:colcon.colcon_core.shell:Creating package script '/home/cjs/VL53L8CX/VL53L8CX_ws/install/tof_sensor_package/share/tof_sensor_package/package.bash'
[14.375s] INFO:colcon.colcon_core.shell:Creating package script '/home/cjs/VL53L8CX/VL53L8CX_ws/install/tof_sensor_package/share/tof_sensor_package/package.zsh'
[14.376s] Level 1:colcon.colcon_core.environment:create_file_with_runtime_dependencies(/home/cjs/VL53L8CX/VL53L8CX_ws/install/tof_sensor_package/share/colcon-core/packages/tof_sensor_package)
[14.432s] Level 1:colcon.colcon_core.environment:create_environment_scripts_only(tof_sensor_package)
[14.432s] Level 1:colcon.colcon_core.environment:checking '/home/cjs/VL53L8CX/VL53L8CX_ws/install/tof_sensor_package' for CMake module files
[14.433s] Level 1:colcon.colcon_core.environment:checking '/home/cjs/VL53L8CX/VL53L8CX_ws/install/tof_sensor_package' for CMake config files
[14.433s] Level 1:colcon.colcon_core.shell:create_environment_hook('tof_sensor_package', 'cmake_prefix_path')
[14.433s] INFO:colcon.colcon_core.shell:Creating environment hook '/home/cjs/VL53L8CX/VL53L8CX_ws/install/tof_sensor_package/share/tof_sensor_package/hook/cmake_prefix_path.ps1'
[14.434s] INFO:colcon.colcon_core.shell:Creating environment descriptor '/home/cjs/VL53L8CX/VL53L8CX_ws/install/tof_sensor_package/share/tof_sensor_package/hook/cmake_prefix_path.dsv'
[14.435s] INFO:colcon.colcon_core.shell:Creating environment hook '/home/cjs/VL53L8CX/VL53L8CX_ws/install/tof_sensor_package/share/tof_sensor_package/hook/cmake_prefix_path.sh'
[14.436s] Level 1:colcon.colcon_core.environment:checking '/home/cjs/VL53L8CX/VL53L8CX_ws/install/tof_sensor_package/lib'
[14.436s] Level 1:colcon.colcon_core.environment:checking '/home/cjs/VL53L8CX/VL53L8CX_ws/install/tof_sensor_package/bin'
[14.436s] Level 1:colcon.colcon_core.environment:checking '/home/cjs/VL53L8CX/VL53L8CX_ws/install/tof_sensor_package/lib/pkgconfig/tof_sensor_package.pc'
[14.437s] Level 1:colcon.colcon_core.environment:checking '/home/cjs/VL53L8CX/VL53L8CX_ws/install/tof_sensor_package/lib/python3.8/site-packages'
[14.437s] Level 1:colcon.colcon_core.environment:checking '/home/cjs/VL53L8CX/VL53L8CX_ws/install/tof_sensor_package/bin'
[14.437s] INFO:colcon.colcon_core.shell:Creating package script '/home/cjs/VL53L8CX/VL53L8CX_ws/install/tof_sensor_package/share/tof_sensor_package/package.ps1'
[14.438s] INFO:colcon.colcon_core.shell:Creating package descriptor '/home/cjs/VL53L8CX/VL53L8CX_ws/install/tof_sensor_package/share/tof_sensor_package/package.dsv'
[14.438s] INFO:colcon.colcon_core.shell:Creating package script '/home/cjs/VL53L8CX/VL53L8CX_ws/install/tof_sensor_package/share/tof_sensor_package/package.sh'
[14.439s] INFO:colcon.colcon_core.shell:Creating package script '/home/cjs/VL53L8CX/VL53L8CX_ws/install/tof_sensor_package/share/tof_sensor_package/package.bash'
[14.439s] INFO:colcon.colcon_core.shell:Creating package script '/home/cjs/VL53L8CX/VL53L8CX_ws/install/tof_sensor_package/share/tof_sensor_package/package.zsh'
[14.440s] Level 1:colcon.colcon_core.environment:create_file_with_runtime_dependencies(/home/cjs/VL53L8CX/VL53L8CX_ws/install/tof_sensor_package/share/colcon-core/packages/tof_sensor_package)
[14.442s] DEBUG:colcon.colcon_parallel_executor.executor.parallel:closing loop
[14.442s] DEBUG:colcon.colcon_parallel_executor.executor.parallel:loop closed
[14.442s] DEBUG:colcon.colcon_parallel_executor.executor.parallel:run_until_complete finished with '0'
[14.442s] DEBUG:colcon.colcon_core.event_reactor:joining thread
[14.470s] INFO:colcon.colcon_core.plugin_system:Skipping extension 'colcon_notification.desktop_notification.terminal_notifier': Not used on non-Darwin systems
[14.470s] INFO:colcon.colcon_core.plugin_system:Skipping extension 'colcon_notification.desktop_notification.win32': Not used on non-Windows systems
[14.470s] INFO:colcon.colcon_notification.desktop_notification:Sending desktop notification using 'notify2'
[14.538s] DEBUG:colcon.colcon_core.event_reactor:joined thread
[14.539s] INFO:colcon.colcon_core.shell:Creating prefix script '/home/cjs/VL53L8CX/VL53L8CX_ws/install/local_setup.ps1'
[14.541s] INFO:colcon.colcon_core.shell:Creating prefix util module '/home/cjs/VL53L8CX/VL53L8CX_ws/install/_local_setup_util_ps1.py'
[14.543s] INFO:colcon.colcon_core.shell:Creating prefix chain script '/home/cjs/VL53L8CX/VL53L8CX_ws/install/setup.ps1'
[14.545s] INFO:colcon.colcon_core.shell:Creating prefix script '/home/cjs/VL53L8CX/VL53L8CX_ws/install/local_setup.sh'
[14.546s] INFO:colcon.colcon_core.shell:Creating prefix util module '/home/cjs/VL53L8CX/VL53L8CX_ws/install/_local_setup_util_sh.py'
[14.547s] INFO:colcon.colcon_core.shell:Creating prefix chain script '/home/cjs/VL53L8CX/VL53L8CX_ws/install/setup.sh'
[14.551s] INFO:colcon.colcon_core.shell:Creating prefix script '/home/cjs/VL53L8CX/VL53L8CX_ws/install/local_setup.bash'
[14.553s] INFO:colcon.colcon_core.shell:Creating prefix chain script '/home/cjs/VL53L8CX/VL53L8CX_ws/install/setup.bash'
[14.555s] INFO:colcon.colcon_core.shell:Creating prefix script '/home/cjs/VL53L8CX/VL53L8CX_ws/install/local_setup.zsh'
[14.557s] INFO:colcon.colcon_core.shell:Creating prefix chain script '/home/cjs/VL53L8CX/VL53L8CX_ws/install/setup.zsh'
