[0.000000] (-) TimerEvent: {}
[0.000772] (base_interfaces_demo) JobQueued: {'identifier': 'base_interfaces_demo', 'dependencies': OrderedDict()}
[0.000936] (tof_sensor_package) JobQueued: {'identifier': 'tof_sensor_package', 'dependencies': OrderedDict([('base_interfaces_demo', '/home/cjs/VL53L8CX/install/base_interfaces_demo')])}
[0.001035] (base_interfaces_demo) JobStarted: {'identifier': 'base_interfaces_demo'}
[0.033994] (base_interfaces_demo) JobProgress: {'identifier': 'base_interfaces_demo', 'progress': 'cmake'}
[0.036043] (base_interfaces_demo) Command: {'cmd': ['/usr/bin/cmake', '/home/cjs/VL53L8CX/VL53L8CX_ws/src/base_interfaces_demo', '-DCMAKE_INSTALL_PREFIX=/home/cjs/VL53L8CX/install/base_interfaces_demo'], 'cwd': '/home/cjs/VL53L8CX/build/base_interfaces_demo', 'env': OrderedDict([('GJS_DEBUG_TOPICS', 'JS ERROR;JS LOG'), ('USER', 'cjs'), ('LC_TIME', 'zh_CN.UTF-8'), ('GIO_MODULE_DIR', '/home/cjs/snap/code/common/.cache/gio-modules'), ('SSH_AGENT_PID', '1750'), ('XDG_SESSION_TYPE', 'x11'), ('GTK_EXE_PREFIX_VSCODE_SNAP_ORIG', ''), ('GIT_ASKPASS', '/snap/code/162/usr/share/code/resources/app/extensions/git/dist/askpass.sh'), ('GDK_BACKEND_VSCODE_SNAP_ORIG', ''), ('SHLVL', '1'), ('LD_LIBRARY_PATH', '/opt/ros/foxy/opt/yaml_cpp_vendor/lib:/opt/ros/foxy/opt/rviz_ogre_vendor/lib:/opt/ros/foxy/lib/x86_64-linux-gnu:/opt/ros/foxy/lib'), ('HOME', '/home/cjs'), ('LOCPATH_VSCODE_SNAP_ORIG', ''), ('CHROME_DESKTOP', 'code-url-handler.desktop'), ('OLDPWD', '/home/cjs'), ('LESS', '-R'), ('DESKTOP_SESSION', 'ubuntu'), ('GTK_PATH', '/snap/code/163/usr/lib/x86_64-linux-gnu/gtk-3.0'), ('TERM_PROGRAM_VERSION', '1.91.0'), ('GTK_IM_MODULE_FILE', '/home/cjs/snap/code/common/.cache/immodules/immodules.cache'), ('GIO_LAUNCHED_DESKTOP_FILE', '/var/lib/snapd/desktop/applications/code_code.desktop'), ('ZSH', '/home/cjs/.oh-my-zsh'), ('LSCOLORS', 'Gxfxcxdxbxegedabagacad'), ('GNOME_SHELL_SESSION_MODE', 'ubuntu'), ('ALL', 'en.US.UTF-8'), ('GTK_MODULES', 'gail:atk-bridge'), ('GSETTINGS_SCHEMA_DIR_VSCODE_SNAP_ORIG', ''), ('VSCODE_GIT_ASKPASS_MAIN', '/snap/code/162/usr/share/code/resources/app/extensions/git/dist/askpass-main.js'), ('PAGER', 'less'), ('ROS_PYTHON_VERSION', '3'), ('LC_MONETARY', 'zh_CN.UTF-8'), ('MANAGERPID', '1651'), ('VSCODE_GIT_ASKPASS_NODE', '/snap/code/162/usr/share/code/code'), ('DBUS_SESSION_BUS_ADDRESS', 'unix:path=/run/user/1000/bus'), ('GIO_LAUNCHED_DESKTOP_FILE_PID', '3357'), ('COLORTERM', 'truecolor'), ('IM_CONFIG_PHASE', '1'), ('ROS_DISTRO', 'foxy'), ('LOGNAME', 'cjs'), ('JOURNAL_STREAM', '8:57564'), ('_', '/usr/bin/colcon'), ('XDG_CONFIG_DIRS_VSCODE_SNAP_ORIG', '/etc/xdg/xdg-ubuntu:/etc/xdg'), ('XDG_SESSION_CLASS', 'user'), ('XDG_DATA_DIRS_VSCODE_SNAP_ORIG', '/usr/share/ubuntu:/usr/local/share/:/usr/share/:/var/lib/snapd/desktop'), ('USER_ZDOTDIR', '/home/cjs'), ('ROS_VERSION', '2'), ('USERNAME', 'cjs'), ('TERM', 'xterm-256color'), ('GNOME_DESKTOP_SESSION_ID', 'this-is-deprecated'), ('ROS_LOCALHOST_ONLY', '0'), ('WINDOWPATH', '2'), ('PATH', '/opt/ros/foxy/bin:/usr/local/sbin:/usr/local/bin:/usr/sbin:/usr/bin:/sbin:/bin:/usr/games:/usr/local/games:/snap/bin'), ('SESSION_MANAGER', 'local/cjs-virtual-machine:@/tmp/.ICE-unix/1788,unix/cjs-virtual-machine:/tmp/.ICE-unix/1788'), ('GTK_EXE_PREFIX', '/snap/code/163/usr'), ('INVOCATION_ID', 'bd5f11e0d6db41b78fcd76403df7c9b2'), ('XDG_MENU_PREFIX', 'gnome-'), ('LC_ADDRESS', 'zh_CN.UTF-8'), ('BAMF_DESKTOP_FILE_HINT', '/var/lib/snapd/desktop/applications/code_code.desktop'), ('XDG_RUNTIME_DIR', '/run/user/1000'), ('GDK_BACKEND', 'x11'), ('DISPLAY', ':0'), ('LOCPATH', '/snap/code/163/usr/lib/locale'), ('LANG', 'en_US.UTF-8'), ('XDG_CURRENT_DESKTOP', 'Unity'), ('LC_TELEPHONE', 'zh_CN.UTF-8'), ('VSCODE_INJECTION', '1'), ('GIO_MODULE_DIR_VSCODE_SNAP_ORIG', ''), ('XMODIFIERS', '@im=ibus'), ('XDG_SESSION_DESKTOP', 'ubuntu'), ('XAUTHORITY', '/run/user/1000/gdm/Xauthority'), ('TERM_PROGRAM', 'vscode'), ('VSCODE_GIT_IPC_HANDLE', '/run/user/1000/vscode-git-6e22b0dd4c.sock'), ('LS_COLORS', 'no=00:fi=00:di=01;34:ln=00;36:pi=40;33:so=01;35:do=01;35:bd=40;33;01:cd=40;33;01:or=41;33;01:ex=00;32:*.cmd=00;32:*.exe=01;32:*.com=01;32:*.bat=01;32:*.btm=01;32:*.dll=01;32:*.tar=00;31:*.tbz=00;31:*.tgz=00;31:*.rpm=00;31:*.deb=00;31:*.arj=00;31:*.taz=00;31:*.lzh=00;31:*.lzma=00;31:*.zip=00;31:*.zoo=00;31:*.z=00;31:*.Z=00;31:*.gz=00;31:*.bz2=00;31:*.tb2=00;31:*.tz2=00;31:*.tbz2=00;31:*.avi=01;35:*.bmp=01;35:*.fli=01;35:*.gif=01;35:*.jpg=01;35:*.jpeg=01;35:*.mng=01;35:*.mov=01;35:*.mpg=01;35:*.pcx=01;35:*.pbm=01;35:*.pgm=01;35:*.png=01;35:*.ppm=01;35:*.tga=01;35:*.tif=01;35:*.xbm=01;35:*.xpm=01;35:*.dl=01;35:*.gl=01;35:*.wmv=01;35:*.aiff=00;32:*.au=00;32:*.mid=00;32:*.mp3=00;32:*.ogg=00;32:*.voc=00;32:*.wav=00;32:'), ('SSH_AUTH_SOCK', '/run/user/1000/keyring/ssh'), ('GSETTINGS_SCHEMA_DIR', '/home/cjs/snap/code/163/.local/share/glib-2.0/schemas'), ('ORIGINAL_XDG_CURRENT_DESKTOP', 'ubuntu:GNOME'), ('AMENT_PREFIX_PATH', '/opt/ros/foxy'), ('SHELL', '/usr/bin/zsh'), ('LC_NAME', 'zh_CN.UTF-8'), ('QT_ACCESSIBILITY', '1'), ('GDMSESSION', 'ubuntu'), ('GTK_PATH_VSCODE_SNAP_ORIG', ''), ('GTK_IM_MODULE_FILE_VSCODE_SNAP_ORIG', ''), ('LC_MEASUREMENT', 'zh_CN.UTF-8'), ('GPG_AGENT_INFO', '/run/user/1000/gnupg/S.gpg-agent:0:1'), ('GJS_DEBUG_OUTPUT', 'stderr'), ('LC_IDENTIFICATION', 'zh_CN.UTF-8'), ('QT_IM_MODULE', 'ibus'), ('VSCODE_GIT_ASKPASS_EXTRA_ARGS', ''), ('PWD', '/home/cjs/VL53L8CX/build/base_interfaces_demo'), ('XDG_CONFIG_DIRS', '/etc/xdg/xdg-ubuntu:/etc/xdg'), ('XDG_DATA_DIRS', '/home/cjs/snap/code/163/.local/share:/home/cjs/snap/code/163:/snap/code/163/usr/share:/usr/share/ubuntu:/usr/local/share/:/usr/share/:/var/lib/snapd/desktop'), ('ZDOTDIR', '/home/cjs'), ('LC_NUMERIC', 'zh_CN.UTF-8'), ('PYTHONPATH', '/opt/ros/foxy/lib/python3.8/site-packages'), ('LC_PAPER', 'zh_CN.UTF-8'), ('COLCON', '1'), ('CMAKE_PREFIX_PATH', '/opt/ros/foxy')]), 'shell': False}
[0.098612] (-) TimerEvent: {}
[0.200742] (-) TimerEvent: {}
[0.302169] (-) TimerEvent: {}
[0.403117] (-) TimerEvent: {}
[0.505185] (-) TimerEvent: {}
[0.534291] (base_interfaces_demo) StdoutLine: {'line': b'-- The C compiler identification is GNU 9.4.0\n'}
[0.605770] (-) TimerEvent: {}
[0.706967] (-) TimerEvent: {}
[0.798307] (base_interfaces_demo) StdoutLine: {'line': b'-- The CXX compiler identification is GNU 9.4.0\n'}
[0.807571] (-) TimerEvent: {}
[0.819889] (base_interfaces_demo) StdoutLine: {'line': b'-- Check for working C compiler: /usr/bin/cc\n'}
[0.908862] (-) TimerEvent: {}
[1.009649] (-) TimerEvent: {}
[1.115241] (-) TimerEvent: {}
[1.179936] (base_interfaces_demo) StdoutLine: {'line': b'-- Check for working C compiler: /usr/bin/cc -- works\n'}
[1.188504] (base_interfaces_demo) StdoutLine: {'line': b'-- Detecting C compiler ABI info\n'}
[1.215831] (-) TimerEvent: {}
[1.316666] (-) TimerEvent: {}
[1.419024] (-) TimerEvent: {}
[1.486471] (base_interfaces_demo) StdoutLine: {'line': b'-- Detecting C compiler ABI info - done\n'}
[1.514068] (base_interfaces_demo) StdoutLine: {'line': b'-- Detecting C compile features\n'}
[1.515810] (base_interfaces_demo) StdoutLine: {'line': b'-- Detecting C compile features - done\n'}
[1.519823] (-) TimerEvent: {}
[1.523524] (base_interfaces_demo) StdoutLine: {'line': b'-- Check for working CXX compiler: /usr/bin/c++\n'}
[1.620982] (-) TimerEvent: {}
[1.722496] (-) TimerEvent: {}
[1.824231] (-) TimerEvent: {}
[1.857684] (base_interfaces_demo) StdoutLine: {'line': b'-- Check for working CXX compiler: /usr/bin/c++ -- works\n'}
[1.860280] (base_interfaces_demo) StdoutLine: {'line': b'-- Detecting CXX compiler ABI info\n'}
[1.926831] (-) TimerEvent: {}
[2.027625] (-) TimerEvent: {}
[2.129283] (-) TimerEvent: {}
[2.159039] (base_interfaces_demo) StdoutLine: {'line': b'-- Detecting CXX compiler ABI info - done\n'}
[2.174470] (base_interfaces_demo) StdoutLine: {'line': b'-- Detecting CXX compile features\n'}
[2.176389] (base_interfaces_demo) StdoutLine: {'line': b'-- Detecting CXX compile features - done\n'}
[2.182765] (base_interfaces_demo) StdoutLine: {'line': b'-- Found ament_cmake: 0.9.12 (/opt/ros/foxy/share/ament_cmake/cmake)\n'}
[2.230009] (-) TimerEvent: {}
[2.232133] (base_interfaces_demo) StdoutLine: {'line': b'-- Found PythonInterp: /usr/bin/python3 (found suitable version "3.8.10", minimum required is "3") \n'}
[2.232692] (base_interfaces_demo) StdoutLine: {'line': b'-- Using PYTHON_EXECUTABLE: /usr/bin/python3\n'}
[2.330388] (-) TimerEvent: {}
[2.431034] (-) TimerEvent: {}
[2.532477] (-) TimerEvent: {}
[2.633285] (-) TimerEvent: {}
[2.642367] (base_interfaces_demo) StdoutLine: {'line': b'-- Found rclcpp: 2.4.3 (/opt/ros/foxy/share/rclcpp/cmake)\n'}
[2.734113] (-) TimerEvent: {}
[2.747603] (base_interfaces_demo) StdoutLine: {'line': b'-- Using all available rosidl_typesupport_c: rosidl_typesupport_fastrtps_c;rosidl_typesupport_introspection_c\n'}
[2.768308] (base_interfaces_demo) StdoutLine: {'line': b'-- Found rosidl_adapter: 1.3.1 (/opt/ros/foxy/share/rosidl_adapter/cmake)\n'}
[2.834925] (-) TimerEvent: {}
[2.935864] (-) TimerEvent: {}
[3.037234] (-) TimerEvent: {}
[3.125711] (base_interfaces_demo) StdoutLine: {'line': b'-- Found OpenSSL: /usr/lib/x86_64-linux-gnu/libcrypto.so (found version "1.1.1f")  \n'}
[3.137962] (-) TimerEvent: {}
[3.186675] (base_interfaces_demo) StdoutLine: {'line': b'-- Found FastRTPS: /opt/ros/foxy/include  \n'}
[3.238829] (-) TimerEvent: {}
[3.340182] (-) TimerEvent: {}
[3.354534] (base_interfaces_demo) StdoutLine: {'line': b'-- Using all available rosidl_typesupport_cpp: rosidl_typesupport_fastrtps_cpp;rosidl_typesupport_introspection_cpp\n'}
[3.440978] (-) TimerEvent: {}
[3.456191] (base_interfaces_demo) StdoutLine: {'line': b'-- Found rmw_implementation_cmake: 1.0.4 (/opt/ros/foxy/share/rmw_implementation_cmake/cmake)\n'}
[3.459451] (base_interfaces_demo) StdoutLine: {'line': b"-- Using RMW implementation 'rmw_fastrtps_cpp' as default\n"}
[3.466756] (base_interfaces_demo) StdoutLine: {'line': b'-- Looking for pthread.h\n'}
[3.541970] (-) TimerEvent: {}
[3.645291] (-) TimerEvent: {}
[3.735088] (base_interfaces_demo) StdoutLine: {'line': b'-- Looking for pthread.h - found\n'}
[3.736237] (base_interfaces_demo) StdoutLine: {'line': b'-- Performing Test CMAKE_HAVE_LIBC_PTHREAD\n'}
[3.746480] (-) TimerEvent: {}
[3.847559] (-) TimerEvent: {}
[3.948800] (-) TimerEvent: {}
[4.049335] (-) TimerEvent: {}
[4.060170] (base_interfaces_demo) StdoutLine: {'line': b'-- Performing Test CMAKE_HAVE_LIBC_PTHREAD - Failed\n'}
[4.061931] (base_interfaces_demo) StdoutLine: {'line': b'-- Looking for pthread_create in pthreads\n'}
[4.151497] (-) TimerEvent: {}
[4.252181] (-) TimerEvent: {}
[4.317421] (base_interfaces_demo) StdoutLine: {'line': b'-- Looking for pthread_create in pthreads - not found\n'}
[4.318381] (base_interfaces_demo) StdoutLine: {'line': b'-- Looking for pthread_create in pthread\n'}
[4.353062] (-) TimerEvent: {}
[4.453792] (-) TimerEvent: {}
[4.554359] (-) TimerEvent: {}
[4.582836] (base_interfaces_demo) StdoutLine: {'line': b'-- Looking for pthread_create in pthread - found\n'}
[4.588560] (base_interfaces_demo) StdoutLine: {'line': b'-- Found Threads: TRUE  \n'}
[4.655484] (-) TimerEvent: {}
[4.756109] (-) TimerEvent: {}
[4.857858] (-) TimerEvent: {}
[4.877946] (base_interfaces_demo) StdoutLine: {'line': b'-- Found rosidl_default_generators: 1.0.1 (/opt/ros/foxy/share/rosidl_default_generators/cmake)\n'}
[4.956060] (base_interfaces_demo) StdoutLine: {'line': b'-- Found PythonInterp: /usr/bin/python3 (found version "3.8.10") \n'}
[4.959963] (-) TimerEvent: {}
[5.064050] (-) TimerEvent: {}
[5.165093] (-) TimerEvent: {}
[5.241665] (base_interfaces_demo) StdoutLine: {'line': b'-- Found ament_cmake_ros: 0.9.2 (/opt/ros/foxy/share/ament_cmake_ros/cmake)\n'}
[5.266019] (-) TimerEvent: {}
[5.367409] (-) TimerEvent: {}
[5.468670] (-) TimerEvent: {}
[5.471034] (base_interfaces_demo) StdoutLine: {'line': b'-- Using all available rosidl_typesupport_c: rosidl_typesupport_fastrtps_c;rosidl_typesupport_introspection_c\n'}
[5.494319] (base_interfaces_demo) StdoutLine: {'line': b'-- Using all available rosidl_typesupport_cpp: rosidl_typesupport_fastrtps_cpp;rosidl_typesupport_introspection_cpp\n'}
[5.545504] (base_interfaces_demo) StdoutLine: {'line': b'-- Found PythonInterp: /usr/bin/python3 (found suitable version "3.8.10", minimum required is "3.5") \n'}
[5.549263] (base_interfaces_demo) StdoutLine: {'line': b'-- Found python_cmake_module: 0.8.1 (/opt/ros/foxy/share/python_cmake_module/cmake)\n'}
[5.569517] (-) TimerEvent: {}
[5.617114] (base_interfaces_demo) StdoutLine: {'line': b'-- Found PythonLibs: /usr/lib/x86_64-linux-gnu/libpython3.8.so (found suitable version "3.8.10", minimum required is "3.5") \n'}
[5.617677] (base_interfaces_demo) StdoutLine: {'line': b'-- Using PYTHON_EXECUTABLE: /usr/bin/python3\n'}
[5.617869] (base_interfaces_demo) StdoutLine: {'line': b'-- Using PYTHON_INCLUDE_DIRS: /usr/include/python3.8\n'}
[5.618030] (base_interfaces_demo) StdoutLine: {'line': b'-- Using PYTHON_LIBRARIES: /usr/lib/x86_64-linux-gnu/libpython3.8.so\n'}
[5.670104] (base_interfaces_demo) StdoutLine: {'line': b'-- Found PythonExtra: .so  \n'}
[5.670409] (-) TimerEvent: {}
[5.769737] (base_interfaces_demo) StdoutLine: {'line': b'-- Found ament_lint_auto: 0.9.8 (/opt/ros/foxy/share/ament_lint_auto/cmake)\n'}
[5.771285] (-) TimerEvent: {}
[5.819681] (base_interfaces_demo) StdoutLine: {'line': b"-- Added test 'copyright' to check source files copyright and LICENSE\n"}
[5.828905] (base_interfaces_demo) StdoutLine: {'line': b"-- Added test 'lint_cmake' to check CMake code style\n"}
[5.838591] (base_interfaces_demo) StdoutLine: {'line': b"-- Added test 'xmllint' to check XML markup files\n"}
[5.869602] (base_interfaces_demo) StdoutLine: {'line': b'-- Configuring done\n'}
[5.872561] (-) TimerEvent: {}
[5.974059] (-) TimerEvent: {}
[6.032390] (base_interfaces_demo) StdoutLine: {'line': b'-- Generating done\n'}
[6.040593] (base_interfaces_demo) StdoutLine: {'line': b'-- Build files have been written to: /home/cjs/VL53L8CX/build/base_interfaces_demo\n'}
[6.057476] (base_interfaces_demo) CommandEnded: {'returncode': 0}
[6.060004] (base_interfaces_demo) JobProgress: {'identifier': 'base_interfaces_demo', 'progress': 'build'}
[6.067007] (base_interfaces_demo) Command: {'cmd': ['/usr/bin/cmake', '--build', '/home/cjs/VL53L8CX/build/base_interfaces_demo', '--', '-j4', '-l4'], 'cwd': '/home/cjs/VL53L8CX/build/base_interfaces_demo', 'env': OrderedDict([('GJS_DEBUG_TOPICS', 'JS ERROR;JS LOG'), ('USER', 'cjs'), ('LC_TIME', 'zh_CN.UTF-8'), ('GIO_MODULE_DIR', '/home/cjs/snap/code/common/.cache/gio-modules'), ('SSH_AGENT_PID', '1750'), ('XDG_SESSION_TYPE', 'x11'), ('GTK_EXE_PREFIX_VSCODE_SNAP_ORIG', ''), ('GIT_ASKPASS', '/snap/code/162/usr/share/code/resources/app/extensions/git/dist/askpass.sh'), ('GDK_BACKEND_VSCODE_SNAP_ORIG', ''), ('SHLVL', '1'), ('LD_LIBRARY_PATH', '/opt/ros/foxy/opt/yaml_cpp_vendor/lib:/opt/ros/foxy/opt/rviz_ogre_vendor/lib:/opt/ros/foxy/lib/x86_64-linux-gnu:/opt/ros/foxy/lib'), ('HOME', '/home/cjs'), ('LOCPATH_VSCODE_SNAP_ORIG', ''), ('CHROME_DESKTOP', 'code-url-handler.desktop'), ('OLDPWD', '/home/cjs'), ('LESS', '-R'), ('DESKTOP_SESSION', 'ubuntu'), ('GTK_PATH', '/snap/code/163/usr/lib/x86_64-linux-gnu/gtk-3.0'), ('TERM_PROGRAM_VERSION', '1.91.0'), ('GTK_IM_MODULE_FILE', '/home/cjs/snap/code/common/.cache/immodules/immodules.cache'), ('GIO_LAUNCHED_DESKTOP_FILE', '/var/lib/snapd/desktop/applications/code_code.desktop'), ('ZSH', '/home/cjs/.oh-my-zsh'), ('LSCOLORS', 'Gxfxcxdxbxegedabagacad'), ('GNOME_SHELL_SESSION_MODE', 'ubuntu'), ('ALL', 'en.US.UTF-8'), ('GTK_MODULES', 'gail:atk-bridge'), ('GSETTINGS_SCHEMA_DIR_VSCODE_SNAP_ORIG', ''), ('VSCODE_GIT_ASKPASS_MAIN', '/snap/code/162/usr/share/code/resources/app/extensions/git/dist/askpass-main.js'), ('PAGER', 'less'), ('ROS_PYTHON_VERSION', '3'), ('LC_MONETARY', 'zh_CN.UTF-8'), ('MANAGERPID', '1651'), ('VSCODE_GIT_ASKPASS_NODE', '/snap/code/162/usr/share/code/code'), ('DBUS_SESSION_BUS_ADDRESS', 'unix:path=/run/user/1000/bus'), ('GIO_LAUNCHED_DESKTOP_FILE_PID', '3357'), ('COLORTERM', 'truecolor'), ('IM_CONFIG_PHASE', '1'), ('ROS_DISTRO', 'foxy'), ('LOGNAME', 'cjs'), ('JOURNAL_STREAM', '8:57564'), ('_', '/usr/bin/colcon'), ('XDG_CONFIG_DIRS_VSCODE_SNAP_ORIG', '/etc/xdg/xdg-ubuntu:/etc/xdg'), ('XDG_SESSION_CLASS', 'user'), ('XDG_DATA_DIRS_VSCODE_SNAP_ORIG', '/usr/share/ubuntu:/usr/local/share/:/usr/share/:/var/lib/snapd/desktop'), ('USER_ZDOTDIR', '/home/cjs'), ('ROS_VERSION', '2'), ('USERNAME', 'cjs'), ('TERM', 'xterm-256color'), ('GNOME_DESKTOP_SESSION_ID', 'this-is-deprecated'), ('ROS_LOCALHOST_ONLY', '0'), ('WINDOWPATH', '2'), ('PATH', '/opt/ros/foxy/bin:/usr/local/sbin:/usr/local/bin:/usr/sbin:/usr/bin:/sbin:/bin:/usr/games:/usr/local/games:/snap/bin'), ('SESSION_MANAGER', 'local/cjs-virtual-machine:@/tmp/.ICE-unix/1788,unix/cjs-virtual-machine:/tmp/.ICE-unix/1788'), ('GTK_EXE_PREFIX', '/snap/code/163/usr'), ('INVOCATION_ID', 'bd5f11e0d6db41b78fcd76403df7c9b2'), ('XDG_MENU_PREFIX', 'gnome-'), ('LC_ADDRESS', 'zh_CN.UTF-8'), ('BAMF_DESKTOP_FILE_HINT', '/var/lib/snapd/desktop/applications/code_code.desktop'), ('XDG_RUNTIME_DIR', '/run/user/1000'), ('GDK_BACKEND', 'x11'), ('DISPLAY', ':0'), ('LOCPATH', '/snap/code/163/usr/lib/locale'), ('LANG', 'en_US.UTF-8'), ('XDG_CURRENT_DESKTOP', 'Unity'), ('LC_TELEPHONE', 'zh_CN.UTF-8'), ('VSCODE_INJECTION', '1'), ('GIO_MODULE_DIR_VSCODE_SNAP_ORIG', ''), ('XMODIFIERS', '@im=ibus'), ('XDG_SESSION_DESKTOP', 'ubuntu'), ('XAUTHORITY', '/run/user/1000/gdm/Xauthority'), ('TERM_PROGRAM', 'vscode'), ('VSCODE_GIT_IPC_HANDLE', '/run/user/1000/vscode-git-6e22b0dd4c.sock'), ('LS_COLORS', 'no=00:fi=00:di=01;34:ln=00;36:pi=40;33:so=01;35:do=01;35:bd=40;33;01:cd=40;33;01:or=41;33;01:ex=00;32:*.cmd=00;32:*.exe=01;32:*.com=01;32:*.bat=01;32:*.btm=01;32:*.dll=01;32:*.tar=00;31:*.tbz=00;31:*.tgz=00;31:*.rpm=00;31:*.deb=00;31:*.arj=00;31:*.taz=00;31:*.lzh=00;31:*.lzma=00;31:*.zip=00;31:*.zoo=00;31:*.z=00;31:*.Z=00;31:*.gz=00;31:*.bz2=00;31:*.tb2=00;31:*.tz2=00;31:*.tbz2=00;31:*.avi=01;35:*.bmp=01;35:*.fli=01;35:*.gif=01;35:*.jpg=01;35:*.jpeg=01;35:*.mng=01;35:*.mov=01;35:*.mpg=01;35:*.pcx=01;35:*.pbm=01;35:*.pgm=01;35:*.png=01;35:*.ppm=01;35:*.tga=01;35:*.tif=01;35:*.xbm=01;35:*.xpm=01;35:*.dl=01;35:*.gl=01;35:*.wmv=01;35:*.aiff=00;32:*.au=00;32:*.mid=00;32:*.mp3=00;32:*.ogg=00;32:*.voc=00;32:*.wav=00;32:'), ('SSH_AUTH_SOCK', '/run/user/1000/keyring/ssh'), ('GSETTINGS_SCHEMA_DIR', '/home/cjs/snap/code/163/.local/share/glib-2.0/schemas'), ('ORIGINAL_XDG_CURRENT_DESKTOP', 'ubuntu:GNOME'), ('AMENT_PREFIX_PATH', '/opt/ros/foxy'), ('SHELL', '/usr/bin/zsh'), ('LC_NAME', 'zh_CN.UTF-8'), ('QT_ACCESSIBILITY', '1'), ('GDMSESSION', 'ubuntu'), ('GTK_PATH_VSCODE_SNAP_ORIG', ''), ('GTK_IM_MODULE_FILE_VSCODE_SNAP_ORIG', ''), ('LC_MEASUREMENT', 'zh_CN.UTF-8'), ('GPG_AGENT_INFO', '/run/user/1000/gnupg/S.gpg-agent:0:1'), ('GJS_DEBUG_OUTPUT', 'stderr'), ('LC_IDENTIFICATION', 'zh_CN.UTF-8'), ('QT_IM_MODULE', 'ibus'), ('VSCODE_GIT_ASKPASS_EXTRA_ARGS', ''), ('PWD', '/home/cjs/VL53L8CX/build/base_interfaces_demo'), ('XDG_CONFIG_DIRS', '/etc/xdg/xdg-ubuntu:/etc/xdg'), ('XDG_DATA_DIRS', '/home/cjs/snap/code/163/.local/share:/home/cjs/snap/code/163:/snap/code/163/usr/share:/usr/share/ubuntu:/usr/local/share/:/usr/share/:/var/lib/snapd/desktop'), ('ZDOTDIR', '/home/cjs'), ('LC_NUMERIC', 'zh_CN.UTF-8'), ('PYTHONPATH', '/opt/ros/foxy/lib/python3.8/site-packages'), ('LC_PAPER', 'zh_CN.UTF-8'), ('COLCON', '1'), ('CMAKE_PREFIX_PATH', '/opt/ros/foxy')]), 'shell': False}
[6.076804] (-) TimerEvent: {}
[6.178471] (-) TimerEvent: {}
[6.254987] (base_interfaces_demo) StdoutLine: {'line': b'\x1b[35m\x1b[1mScanning dependencies of target base_interfaces_demo__cpp\x1b[0m\n'}
[6.259073] (base_interfaces_demo) StdoutLine: {'line': b'[  2%] \x1b[34m\x1b[1mGenerating C code for ROS interfaces\x1b[0m\n'}
[6.279433] (-) TimerEvent: {}
[6.311677] (base_interfaces_demo) StdoutLine: {'line': b'[  4%] \x1b[34m\x1b[1mGenerating C++ code for ROS interfaces\x1b[0m\n'}
[6.380090] (-) TimerEvent: {}
[6.394681] (base_interfaces_demo) StderrLine: {'line': b'Traceback (most recent call last):\n'}
[6.395292] (base_interfaces_demo) StderrLine: {'line': b'  File "/opt/ros/foxy/share/rosidl_generator_c/cmake/../../../lib/rosidl_generator_c/rosidl_generator_c", line 8, in <module>\n'}
[6.395873] (base_interfaces_demo) StderrLine: {'line': b'Traceback (most recent call last):\n'}
[6.396576] (base_interfaces_demo) StderrLine: {'line': b'  File "/opt/ros/foxy/share/rosidl_generator_cpp/cmake/../../../lib/rosidl_generator_cpp/rosidl_generator_cpp", line 8, in <module>\n'}
[6.397355] (base_interfaces_demo) StderrLine: {'line': b'    from rosidl_generator_cpp import generate_cpp\n'}
[6.397528] (base_interfaces_demo) StderrLine: {'line': b'  File "/opt/ros/foxy/lib/python3.8/site-packages/rosidl_generator_cpp/__init__.py", line 17, in <module>\n'}
[6.397927] (base_interfaces_demo) StderrLine: {'line': b'    from rosidl_generator_c import generate_c\n'}
[6.398173] (base_interfaces_demo) StderrLine: {'line': b'  File "/opt/ros/foxy/lib/python3.8/site-packages/rosidl_generator_c/__init__.py", line 15, in <module>\n'}
[6.398637] (base_interfaces_demo) StderrLine: {'line': b'    from rosidl_cmake import generate_files\n'}
[6.399117] (base_interfaces_demo) StderrLine: {'line': b'  File "/opt/ros/foxy/lib/python3.8/site-packages/rosidl_cmake/__init__.py", line 22, in <module>\n'}
[6.399850] (base_interfaces_demo) StderrLine: {'line': b'    import em\n'}
[6.400406] (base_interfaces_demo) StderrLine: {'line': b'  File "/usr/lib/python3/dist-packages/em.py", line 20, in <module>\n'}
[6.400565] (base_interfaces_demo) StderrLine: {'line': b'    from rosidl_cmake import convert_camel_case_to_lower_case_underscore\n'}
[6.404566] (base_interfaces_demo) StderrLine: {'line': b'  File "/opt/ros/foxy/lib/python3.8/site-packages/rosidl_cmake/__init__.py", line 24, in <module>\n'}
[6.405221] (base_interfaces_demo) StderrLine: {'line': b'    from rosidl_parser.parser import parse_idl_file\n'}
[6.405383] (base_interfaces_demo) StderrLine: {'line': b'  File "/opt/ros/foxy/lib/python3.8/site-packages/rosidl_parser/parser.py", line 20, in <module>\n'}
[6.405542] (base_interfaces_demo) StderrLine: {'line': b'    from lark import Lark\n'}
[6.405702] (base_interfaces_demo) StderrLine: {'line': b'  File "/usr/lib/python3/dist-packages/lark/__init__.py", line 6, in <module>\n'}
[6.406028] (base_interfaces_demo) StderrLine: {'line': b'    import inspect\n'}
[6.406335] (base_interfaces_demo) StderrLine: {'line': b'  File "/usr/lib/python3.8/inspect.py", line 40, in <module>\n'}
[6.407079] (base_interfaces_demo) StderrLine: {'line': b'    import linecache\n'}
[6.407308] (base_interfaces_demo) StderrLine: {'line': b'  File "/usr/lib/python3.8/linecache.py", line 11, in <module>\n'}
[6.407461] (base_interfaces_demo) StderrLine: {'line': b'    import tokenize\n'}
[6.407836] (base_interfaces_demo) StderrLine: {'line': b'  File "/usr/lib/python3.8/tokenize.py", line 121, in <module>\n'}
[6.408150] (base_interfaces_demo) StderrLine: {'line': b'    from .lark import Lark\n'}
[6.408666] (base_interfaces_demo) StderrLine: {'line': b'  File "/usr/lib/python3/dist-packages/lark/lark.py", line 7, in <module>\n'}
[6.410953] (base_interfaces_demo) StderrLine: {'line': b'    Special = group(*map(re.escape, sorted(EXACT_TOKEN_TYPES, reverse=True)))\n'}
[6.411463] (base_interfaces_demo) StderrLine: {'line': b'  File "/usr/lib/python3.8/tokenize.py", line 58, in group\n'}
[6.411741] (base_interfaces_demo) StderrLine: {'line': b"    def group(*choices): return '(' + '|'.join(choices) + ')'\n"}
[6.411982] (base_interfaces_demo) StderrLine: {'line': b'KeyboardInterrupt\n'}
[6.420027] (base_interfaces_demo) StderrLine: {'line': b'    from .load_grammar import load_grammar\n'}
[6.421149] (base_interfaces_demo) StderrLine: {'line': b'  File "/usr/lib/python3/dist-packages/lark/load_grammar.py", line 12, in <module>\n'}
[6.422239] (base_interfaces_demo) StderrLine: {'line': b'    from .parser_frontends import LALR_TraditionalLexer\n'}
[6.422609] (base_interfaces_demo) StderrLine: {'line': b'  File "/usr/lib/python3/dist-packages/lark/parser_frontends.py", line 7, in <module>\n'}
[6.423359] (base_interfaces_demo) StderrLine: {'line': b'    from .parsers import earley, xearley, cyk\n'}
[6.425880] (base_interfaces_demo) StderrLine: {'line': b'  File "<frozen importlib._bootstrap>", line 991, in _find_and_load\n'}
[6.426112] (base_interfaces_demo) StderrLine: {'line': b'  File "<frozen importlib._bootstrap>", line 975, in _find_and_load_unlocked\n'}
[6.426278] (base_interfaces_demo) StderrLine: {'line': b'  File "<frozen importlib._bootstrap>", line 671, in _load_unlocked\n'}
[6.426449] (base_interfaces_demo) StderrLine: {'line': b'  File "<frozen importlib._bootstrap_external>", line 844, in exec_module\n'}
[6.426601] (base_interfaces_demo) StderrLine: {'line': b'  File "<frozen importlib._bootstrap_external>", line 939, in get_code\n'}
[6.431085] (base_interfaces_demo) StderrLine: {'line': b'  File "<frozen importlib._bootstrap_external>", line 1038, in get_data\n'}
[6.431579] (base_interfaces_demo) StderrLine: {'line': b'KeyboardInterrupt\n'}
[6.431793] (base_interfaces_demo) StderrLine: {'line': b'make[2]: *** [CMakeFiles/base_interfaces_demo__cpp.dir/build.make:97: rosidl_generator_cpp/base_interfaces_demo/msg/location.hpp] Interrupt\n'}
[6.431972] (base_interfaces_demo) StderrLine: {'line': b'make[1]: *** [CMakeFiles/Makefile2:496: CMakeFiles/base_interfaces_demo__cpp.dir/all] Interrupt\n'}
[6.442043] (base_interfaces_demo) StderrLine: {'line': b'make[2]: *** [CMakeFiles/base_interfaces_demo__rosidl_generator_c.dir/build.make:77: rosidl_generator_c/base_interfaces_demo/msg/location.h] Interrupt\n'}
[6.444240] (base_interfaces_demo) StderrLine: {'line': b'make[1]: *** [CMakeFiles/Makefile2:304: CMakeFiles/base_interfaces_demo__rosidl_generator_c.dir/all] Interrupt\n'}
[6.444542] (base_interfaces_demo) StderrLine: {'line': b'make: *** [Makefile:141: all] Interrupt\n'}
[6.453098] (base_interfaces_demo) CommandEnded: {'returncode': -2}
[6.480600] (-) TimerEvent: {}
[6.582089] (-) TimerEvent: {}
[6.684476] (-) TimerEvent: {}
[6.785174] (-) TimerEvent: {}
[6.885891] (-) TimerEvent: {}
[6.989145] (-) TimerEvent: {}
[6.997707] (base_interfaces_demo) JobEnded: {'identifier': 'base_interfaces_demo', 'rc': 'SIGINT'}
[7.000769] (tof_sensor_package) JobSkipped: {'identifier': 'tof_sensor_package'}
[7.000864] (-) EventReactorShutdown: {}
