[0.322s] DEBUG:colcon:Command line arguments: ['/usr/bin/colcon', 'build']
[0.322s] DEBUG:colcon:Parsed command line arguments: Namespace(allow_overriding=[], ament_cmake_args=None, base_paths=['.'], build_base='build', catkin_cmake_args=None, catkin_skip_building_tests=False, cmake_args=None, cmake_clean_cache=False, cmake_clean_first=False, cmake_force_configure=False, cmake_target=None, cmake_target_skip_unavailable=False, continue_on_error=False, event_handlers=None, executor='parallel', ignore_user_meta=False, install_base='install', log_base=None, log_level=None, main=<bound method BuildVerb.main of <colcon_core.verb.build.BuildVerb object at 0x7f7b944f9dc0>>, merge_install=False, metas=['./colcon.meta'], mixin=None, mixin_files=None, mixin_verb=('build',), packages_above=None, packages_above_and_dependencies=None, packages_above_depth=None, packages_end=None, packages_ignore=None, packages_ignore_regex=None, packages_select=None, packages_select_build_failed=False, packages_select_by_dep=None, packages_select_regex=None, packages_select_test_failures=False, packages_skip=None, packages_skip_build_finished=False, packages_skip_by_dep=None, packages_skip_regex=None, packages_skip_test_passed=False, packages_skip_up_to=None, packages_start=None, packages_up_to=None, packages_up_to_regex=None, parallel_workers=4, paths=None, symlink_install=False, test_result_base=None, verb_extension=<colcon_core.verb.build.BuildVerb object at 0x7f7b944f9dc0>, verb_name='build', verb_parser=<colcon_mixin.mixin.mixin_argument.MixinArgumentDecorator object at 0x7f7b943defa0>)
[0.601s] Level 1:colcon.colcon_core.package_discovery:discover_packages(colcon_meta) check parameters
[0.601s] Level 1:colcon.colcon_core.package_discovery:discover_packages(recursive) check parameters
[0.601s] Level 1:colcon.colcon_core.package_discovery:discover_packages(ignore) check parameters
[0.601s] Level 1:colcon.colcon_core.package_discovery:discover_packages(path) check parameters
[0.601s] Level 1:colcon.colcon_core.package_discovery:discover_packages(colcon_meta) discover
[0.601s] Level 1:colcon.colcon_core.package_discovery:discover_packages(recursive) discover
[0.601s] INFO:colcon.colcon_core.package_discovery:Crawling recursively for packages in '/home/cjs/VL53L8CX'
[0.602s] Level 1:colcon.colcon_core.package_identification:_identify(.) by extensions ['ignore', 'ignore_ament_install']
[0.602s] Level 1:colcon.colcon_core.package_identification:_identify(.) by extension 'ignore'
[0.602s] Level 1:colcon.colcon_core.package_identification:_identify(.) by extension 'ignore_ament_install'
[0.602s] Level 1:colcon.colcon_core.package_identification:_identify(.) by extensions ['colcon_pkg']
[0.602s] Level 1:colcon.colcon_core.package_identification:_identify(.) by extension 'colcon_pkg'
[0.602s] Level 1:colcon.colcon_core.package_identification:_identify(.) by extensions ['colcon_meta']
[0.602s] Level 1:colcon.colcon_core.package_identification:_identify(.) by extension 'colcon_meta'
[0.602s] Level 1:colcon.colcon_core.package_identification:_identify(.) by extensions ['ros']
[0.602s] Level 1:colcon.colcon_core.package_identification:_identify(.) by extension 'ros'
[0.625s] Level 1:colcon.colcon_core.package_identification:_identify(.) by extensions ['cmake', 'python']
[0.625s] Level 1:colcon.colcon_core.package_identification:_identify(.) by extension 'cmake'
[0.625s] Level 1:colcon.colcon_core.package_identification:_identify(.) by extension 'python'
[0.626s] Level 1:colcon.colcon_core.package_identification:_identify(.) by extensions ['python_setup_py']
[0.626s] Level 1:colcon.colcon_core.package_identification:_identify(.) by extension 'python_setup_py'
[0.626s] Level 1:colcon.colcon_core.package_identification:_identify(VL53L8CX_ws) by extensions ['ignore', 'ignore_ament_install']
[0.626s] Level 1:colcon.colcon_core.package_identification:_identify(VL53L8CX_ws) by extension 'ignore'
[0.626s] Level 1:colcon.colcon_core.package_identification:_identify(VL53L8CX_ws) by extension 'ignore_ament_install'
[0.626s] Level 1:colcon.colcon_core.package_identification:_identify(VL53L8CX_ws) by extensions ['colcon_pkg']
[0.626s] Level 1:colcon.colcon_core.package_identification:_identify(VL53L8CX_ws) by extension 'colcon_pkg'
[0.626s] Level 1:colcon.colcon_core.package_identification:_identify(VL53L8CX_ws) by extensions ['colcon_meta']
[0.626s] Level 1:colcon.colcon_core.package_identification:_identify(VL53L8CX_ws) by extension 'colcon_meta'
[0.626s] Level 1:colcon.colcon_core.package_identification:_identify(VL53L8CX_ws) by extensions ['ros']
[0.627s] Level 1:colcon.colcon_core.package_identification:_identify(VL53L8CX_ws) by extension 'ros'
[0.627s] Level 1:colcon.colcon_core.package_identification:_identify(VL53L8CX_ws) by extensions ['cmake', 'python']
[0.627s] Level 1:colcon.colcon_core.package_identification:_identify(VL53L8CX_ws) by extension 'cmake'
[0.627s] Level 1:colcon.colcon_core.package_identification:_identify(VL53L8CX_ws) by extension 'python'
[0.627s] Level 1:colcon.colcon_core.package_identification:_identify(VL53L8CX_ws) by extensions ['python_setup_py']
[0.627s] Level 1:colcon.colcon_core.package_identification:_identify(VL53L8CX_ws) by extension 'python_setup_py'
[0.627s] Level 1:colcon.colcon_core.package_identification:_identify(VL53L8CX_ws/build) by extensions ['ignore', 'ignore_ament_install']
[0.628s] Level 1:colcon.colcon_core.package_identification:_identify(VL53L8CX_ws/build) by extension 'ignore'
[0.628s] Level 1:colcon.colcon_core.package_identification:_identify(VL53L8CX_ws/build) ignored
[0.628s] Level 1:colcon.colcon_core.package_identification:_identify(VL53L8CX_ws/install) by extensions ['ignore', 'ignore_ament_install']
[0.628s] Level 1:colcon.colcon_core.package_identification:_identify(VL53L8CX_ws/install) by extension 'ignore'
[0.628s] Level 1:colcon.colcon_core.package_identification:_identify(VL53L8CX_ws/install) ignored
[0.628s] Level 1:colcon.colcon_core.package_identification:_identify(VL53L8CX_ws/log) by extensions ['ignore', 'ignore_ament_install']
[0.628s] Level 1:colcon.colcon_core.package_identification:_identify(VL53L8CX_ws/log) by extension 'ignore'
[0.628s] Level 1:colcon.colcon_core.package_identification:_identify(VL53L8CX_ws/log) ignored
[0.629s] Level 1:colcon.colcon_core.package_identification:_identify(VL53L8CX_ws/src) by extensions ['ignore', 'ignore_ament_install']
[0.629s] Level 1:colcon.colcon_core.package_identification:_identify(VL53L8CX_ws/src) by extension 'ignore'
[0.629s] Level 1:colcon.colcon_core.package_identification:_identify(VL53L8CX_ws/src) by extension 'ignore_ament_install'
[0.629s] Level 1:colcon.colcon_core.package_identification:_identify(VL53L8CX_ws/src) by extensions ['colcon_pkg']
[0.629s] Level 1:colcon.colcon_core.package_identification:_identify(VL53L8CX_ws/src) by extension 'colcon_pkg'
[0.629s] Level 1:colcon.colcon_core.package_identification:_identify(VL53L8CX_ws/src) by extensions ['colcon_meta']
[0.629s] Level 1:colcon.colcon_core.package_identification:_identify(VL53L8CX_ws/src) by extension 'colcon_meta'
[0.629s] Level 1:colcon.colcon_core.package_identification:_identify(VL53L8CX_ws/src) by extensions ['ros']
[0.629s] Level 1:colcon.colcon_core.package_identification:_identify(VL53L8CX_ws/src) by extension 'ros'
[0.630s] Level 1:colcon.colcon_core.package_identification:_identify(VL53L8CX_ws/src) by extensions ['cmake', 'python']
[0.630s] Level 1:colcon.colcon_core.package_identification:_identify(VL53L8CX_ws/src) by extension 'cmake'
[0.630s] Level 1:colcon.colcon_core.package_identification:_identify(VL53L8CX_ws/src) by extension 'python'
[0.630s] Level 1:colcon.colcon_core.package_identification:_identify(VL53L8CX_ws/src) by extensions ['python_setup_py']
[0.630s] Level 1:colcon.colcon_core.package_identification:_identify(VL53L8CX_ws/src) by extension 'python_setup_py'
[0.630s] Level 1:colcon.colcon_core.package_identification:_identify(VL53L8CX_ws/src/base_interfaces_demo) by extensions ['ignore', 'ignore_ament_install']
[0.630s] Level 1:colcon.colcon_core.package_identification:_identify(VL53L8CX_ws/src/base_interfaces_demo) by extension 'ignore'
[0.630s] Level 1:colcon.colcon_core.package_identification:_identify(VL53L8CX_ws/src/base_interfaces_demo) by extension 'ignore_ament_install'
[0.630s] Level 1:colcon.colcon_core.package_identification:_identify(VL53L8CX_ws/src/base_interfaces_demo) by extensions ['colcon_pkg']
[0.630s] Level 1:colcon.colcon_core.package_identification:_identify(VL53L8CX_ws/src/base_interfaces_demo) by extension 'colcon_pkg'
[0.631s] Level 1:colcon.colcon_core.package_identification:_identify(VL53L8CX_ws/src/base_interfaces_demo) by extensions ['colcon_meta']
[0.631s] Level 1:colcon.colcon_core.package_identification:_identify(VL53L8CX_ws/src/base_interfaces_demo) by extension 'colcon_meta'
[0.631s] Level 1:colcon.colcon_core.package_identification:_identify(VL53L8CX_ws/src/base_interfaces_demo) by extensions ['ros']
[0.631s] Level 1:colcon.colcon_core.package_identification:_identify(VL53L8CX_ws/src/base_interfaces_demo) by extension 'ros'
[0.635s] DEBUG:colcon.colcon_core.package_identification:Package 'VL53L8CX_ws/src/base_interfaces_demo' with type 'ros.ament_cmake' and name 'base_interfaces_demo'
[0.635s] Level 1:colcon.colcon_core.package_identification:_identify(VL53L8CX_ws/src/tof_sensor_package) by extensions ['ignore', 'ignore_ament_install']
[0.635s] Level 1:colcon.colcon_core.package_identification:_identify(VL53L8CX_ws/src/tof_sensor_package) by extension 'ignore'
[0.635s] Level 1:colcon.colcon_core.package_identification:_identify(VL53L8CX_ws/src/tof_sensor_package) by extension 'ignore_ament_install'
[0.635s] Level 1:colcon.colcon_core.package_identification:_identify(VL53L8CX_ws/src/tof_sensor_package) by extensions ['colcon_pkg']
[0.635s] Level 1:colcon.colcon_core.package_identification:_identify(VL53L8CX_ws/src/tof_sensor_package) by extension 'colcon_pkg'
[0.636s] Level 1:colcon.colcon_core.package_identification:_identify(VL53L8CX_ws/src/tof_sensor_package) by extensions ['colcon_meta']
[0.636s] Level 1:colcon.colcon_core.package_identification:_identify(VL53L8CX_ws/src/tof_sensor_package) by extension 'colcon_meta'
[0.636s] Level 1:colcon.colcon_core.package_identification:_identify(VL53L8CX_ws/src/tof_sensor_package) by extensions ['ros']
[0.636s] Level 1:colcon.colcon_core.package_identification:_identify(VL53L8CX_ws/src/tof_sensor_package) by extension 'ros'
[0.637s] DEBUG:colcon.colcon_core.package_identification:Package 'VL53L8CX_ws/src/tof_sensor_package' with type 'ros.ament_cmake' and name 'tof_sensor_package'
[0.637s] Level 1:colcon.colcon_core.package_identification:_identify(build) by extensions ['ignore', 'ignore_ament_install']
[0.637s] Level 1:colcon.colcon_core.package_identification:_identify(build) by extension 'ignore'
[0.637s] Level 1:colcon.colcon_core.package_identification:_identify(build) ignored
[0.637s] Level 1:colcon.colcon_core.package_identification:_identify(install) by extensions ['ignore', 'ignore_ament_install']
[0.637s] Level 1:colcon.colcon_core.package_identification:_identify(install) by extension 'ignore'
[0.637s] Level 1:colcon.colcon_core.package_identification:_identify(install) ignored
[0.638s] Level 1:colcon.colcon_core.package_identification:_identify(log) by extensions ['ignore', 'ignore_ament_install']
[0.638s] Level 1:colcon.colcon_core.package_identification:_identify(log) by extension 'ignore'
[0.638s] Level 1:colcon.colcon_core.package_identification:_identify(log) ignored
[0.638s] Level 1:colcon.colcon_core.package_discovery:discover_packages(recursive) using defaults
[0.638s] Level 1:colcon.colcon_core.package_discovery:discover_packages(ignore) discover
[0.638s] Level 1:colcon.colcon_core.package_discovery:discover_packages(ignore) using defaults
[0.638s] Level 1:colcon.colcon_core.package_discovery:discover_packages(path) discover
[0.638s] Level 1:colcon.colcon_core.package_discovery:discover_packages(path) using defaults
[0.669s] Level 1:colcon.colcon_core.package_discovery:discover_packages(prefix_path) check parameters
[0.669s] Level 1:colcon.colcon_core.package_discovery:discover_packages(prefix_path) discover
[0.676s] DEBUG:colcon.colcon_installed_package_information.package_discovery:Found 256 installed packages in /opt/ros/foxy
[0.679s] Level 1:colcon.colcon_core.package_discovery:discover_packages(prefix_path) using defaults
[0.796s] Level 5:colcon.colcon_core.verb:set package 'base_interfaces_demo' build argument 'cmake_args' from command line to 'None'
[0.796s] Level 5:colcon.colcon_core.verb:set package 'base_interfaces_demo' build argument 'cmake_target' from command line to 'None'
[0.796s] Level 5:colcon.colcon_core.verb:set package 'base_interfaces_demo' build argument 'cmake_target_skip_unavailable' from command line to 'False'
[0.796s] Level 5:colcon.colcon_core.verb:set package 'base_interfaces_demo' build argument 'cmake_clean_cache' from command line to 'False'
[0.797s] Level 5:colcon.colcon_core.verb:set package 'base_interfaces_demo' build argument 'cmake_clean_first' from command line to 'False'
[0.797s] Level 5:colcon.colcon_core.verb:set package 'base_interfaces_demo' build argument 'cmake_force_configure' from command line to 'False'
[0.797s] Level 5:colcon.colcon_core.verb:set package 'base_interfaces_demo' build argument 'ament_cmake_args' from command line to 'None'
[0.797s] Level 5:colcon.colcon_core.verb:set package 'base_interfaces_demo' build argument 'catkin_cmake_args' from command line to 'None'
[0.797s] Level 5:colcon.colcon_core.verb:set package 'base_interfaces_demo' build argument 'catkin_skip_building_tests' from command line to 'False'
[0.797s] DEBUG:colcon.colcon_core.verb:Building package 'base_interfaces_demo' with the following arguments: {'ament_cmake_args': None, 'build_base': '/home/cjs/VL53L8CX/build/base_interfaces_demo', 'catkin_cmake_args': None, 'catkin_skip_building_tests': False, 'cmake_args': None, 'cmake_clean_cache': False, 'cmake_clean_first': False, 'cmake_force_configure': False, 'cmake_target': None, 'cmake_target_skip_unavailable': False, 'install_base': '/home/cjs/VL53L8CX/install/base_interfaces_demo', 'merge_install': False, 'path': '/home/cjs/VL53L8CX/VL53L8CX_ws/src/base_interfaces_demo', 'symlink_install': False, 'test_result_base': None}
[0.797s] Level 5:colcon.colcon_core.verb:set package 'tof_sensor_package' build argument 'cmake_args' from command line to 'None'
[0.797s] Level 5:colcon.colcon_core.verb:set package 'tof_sensor_package' build argument 'cmake_target' from command line to 'None'
[0.797s] Level 5:colcon.colcon_core.verb:set package 'tof_sensor_package' build argument 'cmake_target_skip_unavailable' from command line to 'False'
[0.797s] Level 5:colcon.colcon_core.verb:set package 'tof_sensor_package' build argument 'cmake_clean_cache' from command line to 'False'
[0.797s] Level 5:colcon.colcon_core.verb:set package 'tof_sensor_package' build argument 'cmake_clean_first' from command line to 'False'
[0.797s] Level 5:colcon.colcon_core.verb:set package 'tof_sensor_package' build argument 'cmake_force_configure' from command line to 'False'
[0.797s] Level 5:colcon.colcon_core.verb:set package 'tof_sensor_package' build argument 'ament_cmake_args' from command line to 'None'
[0.797s] Level 5:colcon.colcon_core.verb:set package 'tof_sensor_package' build argument 'catkin_cmake_args' from command line to 'None'
[0.798s] Level 5:colcon.colcon_core.verb:set package 'tof_sensor_package' build argument 'catkin_skip_building_tests' from command line to 'False'
[0.798s] DEBUG:colcon.colcon_core.verb:Building package 'tof_sensor_package' with the following arguments: {'ament_cmake_args': None, 'build_base': '/home/cjs/VL53L8CX/build/tof_sensor_package', 'catkin_cmake_args': None, 'catkin_skip_building_tests': False, 'cmake_args': None, 'cmake_clean_cache': False, 'cmake_clean_first': False, 'cmake_force_configure': False, 'cmake_target': None, 'cmake_target_skip_unavailable': False, 'install_base': '/home/cjs/VL53L8CX/install/tof_sensor_package', 'merge_install': False, 'path': '/home/cjs/VL53L8CX/VL53L8CX_ws/src/tof_sensor_package', 'symlink_install': False, 'test_result_base': None}
[0.798s] INFO:colcon.colcon_core.executor:Executing jobs using 'parallel' executor
[0.799s] DEBUG:colcon.colcon_parallel_executor.executor.parallel:run_until_complete
[0.800s] INFO:colcon.colcon_ros.task.ament_cmake.build:Building ROS package in '/home/cjs/VL53L8CX/VL53L8CX_ws/src/base_interfaces_demo' with build type 'ament_cmake'
[0.800s] INFO:colcon.colcon_cmake.task.cmake.build:Building CMake package in '/home/cjs/VL53L8CX/VL53L8CX_ws/src/base_interfaces_demo'
[0.805s] INFO:colcon.colcon_core.plugin_system:Skipping extension 'colcon_core.shell.bat': Not used on non-Windows systems
[0.806s] INFO:colcon.colcon_core.shell:Skip shell extension 'powershell' for command environment: Not usable outside of PowerShell
[0.806s] DEBUG:colcon.colcon_core.shell:Skip shell extension 'dsv' for command environment
[0.843s] DEBUG:colcon.colcon_core.event_handler.log_command:Invoking command in '/home/cjs/VL53L8CX/build/base_interfaces_demo': CMAKE_PREFIX_PATH=/opt/ros/foxy /usr/bin/cmake /home/cjs/VL53L8CX/VL53L8CX_ws/src/base_interfaces_demo -DCMAKE_INSTALL_PREFIX=/home/cjs/VL53L8CX/install/base_interfaces_demo
[6.859s] DEBUG:colcon.colcon_core.event_handler.log_command:Invoked command in '/home/cjs/VL53L8CX/build/base_interfaces_demo' returned '0': CMAKE_PREFIX_PATH=/opt/ros/foxy /usr/bin/cmake /home/cjs/VL53L8CX/VL53L8CX_ws/src/base_interfaces_demo -DCMAKE_INSTALL_PREFIX=/home/cjs/VL53L8CX/install/base_interfaces_demo
[6.871s] DEBUG:colcon.colcon_core.event_handler.log_command:Invoking command in '/home/cjs/VL53L8CX/build/base_interfaces_demo': CMAKE_PREFIX_PATH=/opt/ros/foxy /usr/bin/cmake --build /home/cjs/VL53L8CX/build/base_interfaces_demo -- -j4 -l4
[7.194s] DEBUG:colcon.colcon_parallel_executor.executor.parallel:run_until_complete was interrupted
[7.195s] DEBUG:colcon.colcon_parallel_executor.executor.parallel:run_until_complete again
[7.255s] DEBUG:colcon.colcon_core.event_handler.log_command:Invoked command in '/home/cjs/VL53L8CX/build/base_interfaces_demo' returned '-2': CMAKE_PREFIX_PATH=/opt/ros/foxy /usr/bin/cmake --build /home/cjs/VL53L8CX/build/base_interfaces_demo -- -j4 -l4
[7.777s] Level 1:colcon.colcon_core.environment:create_environment_scripts_only(base_interfaces_demo)
[7.785s] Level 1:colcon.colcon_core.environment:checking '/home/cjs/VL53L8CX/install/base_interfaces_demo' for CMake module files
[7.786s] Level 1:colcon.colcon_core.environment:checking '/home/cjs/VL53L8CX/install/base_interfaces_demo' for CMake config files
[7.788s] Level 1:colcon.colcon_core.environment:checking '/home/cjs/VL53L8CX/install/base_interfaces_demo/bin'
[7.788s] Level 1:colcon.colcon_core.environment:checking '/home/cjs/VL53L8CX/install/base_interfaces_demo/lib/pkgconfig/base_interfaces_demo.pc'
[7.789s] Level 1:colcon.colcon_core.environment:checking '/home/cjs/VL53L8CX/install/base_interfaces_demo/lib/python3.8/site-packages'
[7.789s] Level 1:colcon.colcon_core.environment:checking '/home/cjs/VL53L8CX/install/base_interfaces_demo/bin'
[7.790s] INFO:colcon.colcon_core.shell:Creating package script '/home/cjs/VL53L8CX/install/base_interfaces_demo/share/base_interfaces_demo/package.ps1'
[7.793s] INFO:colcon.colcon_core.shell:Creating package descriptor '/home/cjs/VL53L8CX/install/base_interfaces_demo/share/base_interfaces_demo/package.dsv'
[7.794s] INFO:colcon.colcon_core.shell:Creating package script '/home/cjs/VL53L8CX/install/base_interfaces_demo/share/base_interfaces_demo/package.sh'
[7.795s] INFO:colcon.colcon_core.shell:Creating package script '/home/cjs/VL53L8CX/install/base_interfaces_demo/share/base_interfaces_demo/package.bash'
[7.796s] INFO:colcon.colcon_core.shell:Creating package script '/home/cjs/VL53L8CX/install/base_interfaces_demo/share/base_interfaces_demo/package.zsh'
[7.797s] Level 1:colcon.colcon_core.environment:create_file_with_runtime_dependencies(/home/cjs/VL53L8CX/install/base_interfaces_demo/share/colcon-core/packages/base_interfaces_demo)
[7.800s] DEBUG:colcon.colcon_parallel_executor.executor.parallel:run_until_complete finished
[7.800s] DEBUG:colcon.colcon_parallel_executor.executor.parallel:closing loop
[7.801s] DEBUG:colcon.colcon_parallel_executor.executor.parallel:loop closed
[7.801s] DEBUG:colcon.colcon_core.event_reactor:joining thread
[7.823s] INFO:colcon.colcon_core.plugin_system:Skipping extension 'colcon_notification.desktop_notification.terminal_notifier': Not used on non-Darwin systems
[7.823s] INFO:colcon.colcon_core.plugin_system:Skipping extension 'colcon_notification.desktop_notification.win32': Not used on non-Windows systems
[7.824s] INFO:colcon.colcon_notification.desktop_notification:Sending desktop notification using 'notify2'
[7.893s] DEBUG:colcon.colcon_core.event_reactor:joined thread
[7.894s] INFO:colcon.colcon_core.shell:Creating prefix script '/home/cjs/VL53L8CX/install/local_setup.ps1'
[7.895s] INFO:colcon.colcon_core.shell:Creating prefix util module '/home/cjs/VL53L8CX/install/_local_setup_util_ps1.py'
[7.897s] INFO:colcon.colcon_core.shell:Creating prefix chain script '/home/cjs/VL53L8CX/install/setup.ps1'
[7.899s] INFO:colcon.colcon_core.shell:Creating prefix script '/home/cjs/VL53L8CX/install/local_setup.sh'
[7.900s] INFO:colcon.colcon_core.shell:Creating prefix util module '/home/cjs/VL53L8CX/install/_local_setup_util_sh.py'
[7.901s] INFO:colcon.colcon_core.shell:Creating prefix chain script '/home/cjs/VL53L8CX/install/setup.sh'
[7.903s] INFO:colcon.colcon_core.shell:Creating prefix script '/home/cjs/VL53L8CX/install/local_setup.bash'
[7.904s] INFO:colcon.colcon_core.shell:Creating prefix chain script '/home/cjs/VL53L8CX/install/setup.bash'
[7.906s] INFO:colcon.colcon_core.shell:Creating prefix script '/home/cjs/VL53L8CX/install/local_setup.zsh'
[7.907s] INFO:colcon.colcon_core.shell:Creating prefix chain script '/home/cjs/VL53L8CX/install/setup.zsh'
