[0.024s] Invoking command in '/home/cjs/VL53L8CX/VL53L8CX_ws/build/tof_sensor_package': AMENT_PREFIX_PATH=/home/cjs/VL53L8CX/VL53L8CX_ws/install/base_interfaces_demo:${AMENT_PREFIX_PATH} CMAKE_PREFIX_PATH=/home/cjs/VL53L8CX/VL53L8CX_ws/install/base_interfaces_demo:/opt/ros/foxy LD_LIBRARY_PATH=/home/cjs/VL53L8CX/VL53L8CX_ws/install/base_interfaces_demo/lib:${LD_LIBRARY_PATH} PYTHONPATH=/home/cjs/VL53L8CX/VL53L8CX_ws/install/base_interfaces_demo/lib/python3.8/site-packages:${PYTHONPATH} /usr/bin/cmake --build /home/cjs/VL53L8CX/VL53L8CX_ws/build/tof_sensor_package -- -j4 -l4
[0.095s] -- Found ament_cmake: 0.9.12 (/opt/ros/foxy/share/ament_cmake/cmake)
[0.135s] -- Using PYTHON_EXECUTABLE: /usr/bin/python3
[0.333s] -- Found rclcpp: 2.4.3 (/opt/ros/foxy/share/rclcpp/cmake)
[0.367s] -- Using all available rosidl_typesupport_c: rosidl_typesupport_fastrtps_c;rosidl_typesupport_introspection_c
[0.369s] -- Found rosidl_adapter: 1.3.1 (/opt/ros/foxy/share/rosidl_adapter/cmake)
[0.513s] -- Using all available rosidl_typesupport_cpp: rosidl_typesupport_fastrtps_cpp;rosidl_typesupport_introspection_cpp
[0.568s] -- Found rmw_implementation_cmake: 1.0.4 (/opt/ros/foxy/share/rmw_implementation_cmake/cmake)
[0.569s] -- Using RMW implementation 'rmw_fastrtps_cpp' as default
[0.718s] -- Found sensor_msgs: 2.0.5 (/opt/ros/foxy/share/sensor_msgs/cmake)
[0.901s] -- Found base_interfaces_demo: 0.0.0 (/home/cjs/VL53L8CX/VL53L8CX_ws/install/base_interfaces_demo/share/base_interfaces_demo/cmake)
[0.917s] -- Found ament_lint_auto: 0.9.8 (/opt/ros/foxy/share/ament_lint_auto/cmake)
[1.014s] -- Added test 'copyright' to check source files copyright and LICENSE
[1.015s] -- Added test 'cppcheck' to perform static code analysis on C / C++ code
[1.016s] -- Configured cppcheck include dirs: /home/cjs/VL53L8CX/VL53L8CX_ws/src/tof_sensor_package/include;/home/cjs/VL53L8CX/VL53L8CX_ws/src/tof_sensor_package/../install/base_interfaces_demo/include
[1.016s] -- Configured cppcheck exclude dirs and/or files: 
[1.017s] -- Added test 'cpplint' to check C / C++ code against the Google style
[1.017s] -- Configured cpplint exclude dirs and/or files: 
[1.018s] -- Added test 'lint_cmake' to check CMake code style
[1.019s] -- Added test 'uncrustify' to check C / C++ code style
[1.020s] -- Configured uncrustify additional arguments: 
[1.020s] -- Added test 'xmllint' to check XML markup files
[1.024s] -- Configuring done
[1.057s] -- Generating done
[1.063s] -- Build files have been written to: /home/cjs/VL53L8CX/VL53L8CX_ws/build/tof_sensor_package
[1.121s] [35m[1mScanning dependencies of target pallet_detect_node[0m
[1.200s] [ 25%] [32mBuilding CXX object CMakeFiles/pallet_detect_node.dir/src/BestFit.cpp.o[0m
[1.212s] [ 50%] [32mBuilding CXX object CMakeFiles/pallet_detect_node.dir/src/pallet_detect_node.cpp.o[0m
[1.212s] [ 75%] [32mBuilding CXX object CMakeFiles/pallet_detect_node.dir/src/vl53l8_oper.cpp.o[0m
[1.866s] [01m[K/home/cjs/VL53L8CX/VL53L8CX_ws/src/tof_sensor_package/src/vl53l8_oper.cpp:[m[K In constructor ‘[01m[KCVl53l8Oper::CVl53l8Oper(std::string)[m[K’:
[1.866s] [01m[K/home/cjs/VL53L8CX/VL53L8CX_ws/src/tof_sensor_package/src/vl53l8_oper.cpp:79:15:[m[K [01;31m[Kerror: [m[K‘[01m[Kclass CVl53l8Oper[m[K’ has no member named ‘[01m[KoperPort[m[K’; did you mean ‘[01m[KOpenPort[m[K’?
[1.866s]    79 |     if (this->[01;31m[KoperPort[m[K(portName))
[1.866s]       |               [01;31m[K^~~~~~~~[m[K
[1.867s]       |               [32m[KOpenPort[m[K
[1.869s] [01m[K/home/cjs/VL53L8CX/VL53L8CX_ws/src/tof_sensor_package/src/vl53l8_oper.cpp:81:19:[m[K [01;31m[Kerror: [m[K‘[01m[Kclass CVl53l8Oper[m[K’ has no member named ‘[01m[KsetPortProperty[m[K’
[1.869s]    81 |         if (this->[01;31m[KsetPortProperty[m[K(115200, 8, 'N', 1))
[1.869s]       |                   [01;31m[K^~~~~~~~~~~~~~~[m[K
[1.903s] [01m[K/home/cjs/VL53L8CX/VL53L8CX_ws/src/tof_sensor_package/src/vl53l8_oper.cpp:[m[K In member function ‘[01m[Kint CVl53l8Oper::OpenPort(std::string)[m[K’:
[1.904s] [01m[K/home/cjs/VL53L8CX/VL53L8CX_ws/src/tof_sensor_package/src/vl53l8_oper.cpp:113:39:[m[K [01;35m[Kwarning: [m[Kunused parameter ‘[01m[Kport[m[K’ [[01;35m[K-Wunused-parameter[m[K]
[1.904s]   113 | int CVl53l8Oper::OpenPort([01;35m[Kstd::string port[m[K) {
[1.904s]       |                           [01;35m[K~~~~~~~~~~~~^~~~[m[K
[1.904s] [01m[K/home/cjs/VL53L8CX/VL53L8CX_ws/src/tof_sensor_package/src/vl53l8_oper.cpp:[m[K In member function ‘[01m[Kvoid CVl53l8Oper::read_vl53l8_thread(int)[m[K’:
[1.904s] [01m[K/home/cjs/VL53L8CX/VL53L8CX_ws/src/tof_sensor_package/src/vl53l8_oper.cpp:161:5:[m[K [01;31m[Kerror: [m[K‘[01m[KUchar[m[K’ was not declared in this scope; did you mean ‘[01m[Kchar[m[K’?
[1.904s]   161 |     [01;31m[KUchar[m[K buf_1[] = {0x01, 0x03, 0x00, 0x00, 0x00, 0x40, 0x44, 0x3A};
[1.904s]       |     [01;31m[K^~~~~[m[K
[1.904s]       |     [32m[Kchar[m[K
[1.904s] [01m[K/home/cjs/VL53L8CX/VL53L8CX_ws/src/tof_sensor_package/src/vl53l8_oper.cpp:162:10:[m[K [01;31m[Kerror: [m[Kexpected ‘[01m[K;[m[K’ before ‘[01m[Kbuf_2[m[K’
[1.904s]   162 |     Uchar[01;31m[K [m[K[32m[Kbuf_2[m[K[] = {0x02, 0x03, 0x00, 0x00, 0x00, 0x40, 0x44, 0x09};
[1.904s]       |          [01;31m[K^[m[K[32m[K~~~~~[m[K
[1.904s]       |          [32m[K;[m[K
[1.909s] [01m[K/home/cjs/VL53L8CX/VL53L8CX_ws/src/tof_sensor_package/src/vl53l8_oper.cpp:218:21:[m[K [01;31m[Kerror: [m[K‘[01m[Kbuf_2[m[K’ was not declared in this scope
[1.909s]   218 |         setSendData([01;31m[Kbuf_2[m[K, sizeof(buf_2));
[1.909s]       |                     [01;31m[K^~~~~[m[K
[1.909s] [01m[K/home/cjs/VL53L8CX/VL53L8CX_ws/src/tof_sensor_package/src/vl53l8_oper.cpp:218:9:[m[K [01;31m[Kerror: [m[K‘[01m[KsetSendData[m[K’ was not declared in this scope
[1.909s]   218 |         [01;31m[KsetSendData[m[K(buf_2, sizeof(buf_2));
[1.909s]       |         [01;31m[K^~~~~~~~~~~[m[K
[1.921s] [01m[K/home/cjs/VL53L8CX/VL53L8CX_ws/src/tof_sensor_package/src/vl53l8_oper.cpp:219:23:[m[K [01;31m[Kerror: [m[K‘[01m[KSendResponse[m[K’ was not declared in this scope
[1.921s]   219 |         readWirtePort([01;31m[KSendResponse[m[K, 30000, nullptr);
[1.921s]       |                       [01;31m[K^~~~~~~~~~~~[m[K
[1.921s] [01m[K/home/cjs/VL53L8CX/VL53L8CX_ws/src/tof_sensor_package/src/vl53l8_oper.cpp:219:9:[m[K [01;31m[Kerror: [m[K‘[01m[KreadWirtePort[m[K’ was not declared in this scope
[1.922s]   219 |         [01;31m[KreadWirtePort[m[K(SendResponse, 30000, nullptr);
[1.922s]       |         [01;31m[K^~~~~~~~~~~~~[m[K
[1.922s] [01m[K/home/cjs/VL53L8CX/VL53L8CX_ws/src/tof_sensor_package/src/vl53l8_oper.cpp:156:42:[m[K [01;35m[Kwarning: [m[Kunused parameter ‘[01m[Kfd[m[K’ [[01;35m[K-Wunused-parameter[m[K]
[1.922s]   156 | void CVl53l8Oper::read_vl53l8_thread([01;35m[Kint fd[m[K) {
[1.922s]       |                                      [01;35m[K~~~~^~[m[K
[1.922s] [01m[K/home/cjs/VL53L8CX/VL53L8CX_ws/src/tof_sensor_package/src/vl53l8_oper.cpp:[m[K In member function ‘[01m[Kint CVl53l8Oper::parse_response(uint8_t*, int, int)[m[K’:
[1.922s] [01m[K/home/cjs/VL53L8CX/VL53L8CX_ws/src/tof_sensor_package/src/vl53l8_oper.cpp:224:42:[m[K [01;35m[Kwarning: [m[Kunused parameter ‘[01m[Kbuf[m[K’ [[01;35m[K-Wunused-parameter[m[K]
[1.932s]   224 | int CVl53l8Oper::parse_response([01;35m[Kuint8_t *buf[m[K, int len, int id) {
[1.932s]       |                                 [01;35m[K~~~~~~~~~^~~[m[K
[1.932s] [01m[K/home/cjs/VL53L8CX/VL53L8CX_ws/src/tof_sensor_package/src/vl53l8_oper.cpp:224:51:[m[K [01;35m[Kwarning: [m[Kunused parameter ‘[01m[Klen[m[K’ [[01;35m[K-Wunused-parameter[m[K]
[1.932s]   224 | int CVl53l8Oper::parse_response(uint8_t *buf, [01;35m[Kint len[m[K, int id) {
[1.932s]       |                                               [01;35m[K~~~~^~~[m[K
[1.932s] [01m[K/home/cjs/VL53L8CX/VL53L8CX_ws/src/tof_sensor_package/src/vl53l8_oper.cpp:224:60:[m[K [01;35m[Kwarning: [m[Kunused parameter ‘[01m[Kid[m[K’ [[01;35m[K-Wunused-parameter[m[K]
[1.932s]   224 | int CVl53l8Oper::parse_response(uint8_t *buf, int len, [01;35m[Kint id[m[K) {
[1.932s]       |                                                        [01;35m[K~~~~^~[m[K
[1.932s] [01m[K/home/cjs/VL53L8CX/VL53L8CX_ws/src/tof_sensor_package/src/vl53l8_oper.cpp:[m[K At global scope:
[1.932s] [01m[K/home/cjs/VL53L8CX/VL53L8CX_ws/src/tof_sensor_package/src/vl53l8_oper.cpp:269:5:[m[K [01;31m[Kerror: [m[Kno declaration matches ‘[01m[Kint CVl53l8Oper::parseAcceptData(void*)[m[K’
[1.932s]   269 | int [01;31m[KCVl53l8Oper[m[K::parseAcceptData(void* para) {
[1.933s]       |     [01;31m[K^~~~~~~~~~~[m[K
[1.933s] [01m[K/home/cjs/VL53L8CX/VL53L8CX_ws/src/tof_sensor_package/src/vl53l8_oper.cpp:269:5:[m[K [01;36m[Knote: [m[Kno functions named ‘[01m[Kint CVl53l8Oper::parseAcceptData(void*)[m[K’
[1.933s] In file included from [01m[K/home/cjs/VL53L8CX/VL53L8CX_ws/src/tof_sensor_package/src/vl53l8_oper.cpp:1[m[K:
[1.933s] [01m[K/home/cjs/VL53L8CX/VL53L8CX_ws/src/tof_sensor_package/src/vl53l8_oper.hpp:14:7:[m[K [01;36m[Knote: [m[K‘[01m[Kclass CVl53l8Oper[m[K’ defined here
[1.933s]    14 | class [01;36m[KCVl53l8Oper[m[K {
[1.933s]       |       [01;36m[K^~~~~~~~~~~[m[K
[1.933s] [01m[K/home/cjs/VL53L8CX/VL53L8CX_ws/src/tof_sensor_package/src/vl53l8_oper.cpp:[m[K In member function ‘[01m[Kint CVl53l8Oper::getTof(uint16_t*, int)[m[K’:
[1.933s] [01m[K/home/cjs/VL53L8CX/VL53L8CX_ws/src/tof_sensor_package/src/vl53l8_oper.cpp:318:62:[m[K [01;35m[Kwarning: [m[Ksuggest parentheses around ‘[01m[K&&[m[K’ within ‘[01m[K||[m[K’ [[01;35m[K-Wparentheses[m[K]
[1.933s]   318 |     if ((id == SLAVE_ID1 && !data_ready1) || [01;35m[Kid == SLAVE_ID2 && !data_ready2[m[K) {
[1.933s]       |                                              [01;35m[K~~~~~~~~~~~~~~~~^~~~~~~~~~~~~~~[m[K
[2.156s] make[2]: *** [CMakeFiles/pallet_detect_node.dir/build.make:76: CMakeFiles/pallet_detect_node.dir/src/vl53l8_oper.cpp.o] Error 1
[2.156s] make[2]: *** Waiting for unfinished jobs....
[3.829s] [01m[K/home/cjs/VL53L8CX/VL53L8CX_ws/src/tof_sensor_package/src/BestFit.cpp:[m[K In static member function ‘[01m[Kstatic std::pair<double, double> BestFit::analyze(const cv::Mat&, double)[m[K’:
[3.829s] [01m[K/home/cjs/VL53L8CX/VL53L8CX_ws/src/tof_sensor_package/src/BestFit.cpp:69:10:[m[K [01;35m[Kwarning: [m[Kstructured bindings only available with ‘[01m[K-std=c++17[m[K’ or ‘[01m[K-std=gnu++17[m[K’
[3.829s]    69 |     auto [01;35m[K[[m[Kcoefficients, inliers] = fitLineRANSAC(filteredBoundaryPoints);
[3.829s]       |          [01;35m[K^[m[K
[6.250s] [01m[K/home/cjs/VL53L8CX/VL53L8CX_ws/src/tof_sensor_package/src/pallet_detect_node.cpp:[m[K In member function ‘[01m[Kvoid PalletDetectNode::timer_callback()[m[K’:
[6.250s] [01m[K/home/cjs/VL53L8CX/VL53L8CX_ws/src/tof_sensor_package/src/pallet_detect_node.cpp:89:26:[m[K [01;35m[Kwarning: [m[Kstructured bindings only available with ‘[01m[K-std=c++17[m[K’ or ‘[01m[K-std=gnu++17[m[K’
[6.250s]    89 |                     auto [01;35m[K[[m[Kangle, drift] = BestFit::analyze(A, distance_threshold);
[6.250s]       |                          [01;35m[K^[m[K
[12.025s] make[1]: *** [CMakeFiles/Makefile2:78: CMakeFiles/pallet_detect_node.dir/all] Error 2
[12.025s] make: *** [Makefile:141: all] Error 2
[12.033s] Invoked command in '/home/cjs/VL53L8CX/VL53L8CX_ws/build/tof_sensor_package' returned '2': AMENT_PREFIX_PATH=/home/cjs/VL53L8CX/VL53L8CX_ws/install/base_interfaces_demo:${AMENT_PREFIX_PATH} CMAKE_PREFIX_PATH=/home/cjs/VL53L8CX/VL53L8CX_ws/install/base_interfaces_demo:/opt/ros/foxy LD_LIBRARY_PATH=/home/cjs/VL53L8CX/VL53L8CX_ws/install/base_interfaces_demo/lib:${LD_LIBRARY_PATH} PYTHONPATH=/home/cjs/VL53L8CX/VL53L8CX_ws/install/base_interfaces_demo/lib/python3.8/site-packages:${PYTHONPATH} /usr/bin/cmake --build /home/cjs/VL53L8CX/VL53L8CX_ws/build/tof_sensor_package -- -j4 -l4
