[0.059s] Invoking command in '/home/cjs/VL53L8CX/VL53L8CX_ws/build/tof_sensor_package': AMENT_PREFIX_PATH=/home/cjs/VL53L8CX/VL53L8CX_ws/install/base_interfaces_demo:${AMENT_PREFIX_PATH} CMAKE_PREFIX_PATH=/home/cjs/VL53L8CX/VL53L8CX_ws/install/base_interfaces_demo:/opt/ros/foxy LD_LIBRARY_PATH=/home/cjs/VL53L8CX/VL53L8CX_ws/install/base_interfaces_demo/lib:${LD_LIBRARY_PATH} PYTHONPATH=/home/cjs/VL53L8CX/VL53L8CX_ws/install/base_interfaces_demo/lib/python3.8/site-packages:${PYTHONPATH} /usr/bin/cmake --build /home/cjs/VL53L8CX/VL53L8CX_ws/build/tof_sensor_package -- -j4 -l4
[0.232s] [35m[1mScanning dependencies of target pallet_detect_node[0m
[0.428s] [ 20%] [32mBuilding CXX object CMakeFiles/pallet_detect_node.dir/src/pallet_detect_node.cpp.o[0m
[5.532s] [01m[K/home/cjs/VL53L8CX/VL53L8CX_ws/src/tof_sensor_package/src/pallet_detect_node.cpp:[m[K In member function ‘[01m[Kvoid PalletDetectNode::timer_callback()[m[K’:
[5.532s] [01m[K/home/cjs/VL53L8CX/VL53L8CX_ws/src/tof_sensor_package/src/pallet_detect_node.cpp:124:26:[m[K [01;35m[Kwarning: [m[Kstructured bindings only available with ‘[01m[K-std=c++17[m[K’ or ‘[01m[K-std=gnu++17[m[K’
[5.532s]   124 |                     auto [01;35m[K[[m[KangleA, driftA] = BestFit::analyze(A, distance_threshold);
[5.532s]       |                          [01;35m[K^[m[K
[5.536s] [01m[K/home/cjs/VL53L8CX/VL53L8CX_ws/src/tof_sensor_package/src/pallet_detect_node.cpp:125:26:[m[K [01;35m[Kwarning: [m[Kstructured bindings only available with ‘[01m[K-std=c++17[m[K’ or ‘[01m[K-std=gnu++17[m[K’
[5.537s]   125 |                     auto [01;35m[K[[m[KangleC, driftC] = BestFit::analyze(C, distance_threshold);
[5.537s]       |                          [01;35m[K^[m[K
[13.128s] [ 40%] [32m[1mLinking CXX executable pallet_detect_node[0m
[15.004s] [100%] Built target pallet_detect_node
[15.051s] Invoked command in '/home/cjs/VL53L8CX/VL53L8CX_ws/build/tof_sensor_package' returned '0': AMENT_PREFIX_PATH=/home/cjs/VL53L8CX/VL53L8CX_ws/install/base_interfaces_demo:${AMENT_PREFIX_PATH} CMAKE_PREFIX_PATH=/home/cjs/VL53L8CX/VL53L8CX_ws/install/base_interfaces_demo:/opt/ros/foxy LD_LIBRARY_PATH=/home/cjs/VL53L8CX/VL53L8CX_ws/install/base_interfaces_demo/lib:${LD_LIBRARY_PATH} PYTHONPATH=/home/cjs/VL53L8CX/VL53L8CX_ws/install/base_interfaces_demo/lib/python3.8/site-packages:${PYTHONPATH} /usr/bin/cmake --build /home/cjs/VL53L8CX/VL53L8CX_ws/build/tof_sensor_package -- -j4 -l4
[15.233s] Invoking command in '/home/cjs/VL53L8CX/VL53L8CX_ws/build/tof_sensor_package': AMENT_PREFIX_PATH=/home/cjs/VL53L8CX/VL53L8CX_ws/install/base_interfaces_demo:${AMENT_PREFIX_PATH} CMAKE_PREFIX_PATH=/home/cjs/VL53L8CX/VL53L8CX_ws/install/base_interfaces_demo:/opt/ros/foxy LD_LIBRARY_PATH=/home/cjs/VL53L8CX/VL53L8CX_ws/install/base_interfaces_demo/lib:${LD_LIBRARY_PATH} PYTHONPATH=/home/cjs/VL53L8CX/VL53L8CX_ws/install/base_interfaces_demo/lib/python3.8/site-packages:${PYTHONPATH} /usr/bin/cmake --install /home/cjs/VL53L8CX/VL53L8CX_ws/build/tof_sensor_package
[15.254s] -- Install configuration: ""
[15.256s] -- Installing: /home/cjs/VL53L8CX/VL53L8CX_ws/install/tof_sensor_package/lib/tof_sensor_package/pallet_detect_node
[15.274s] -- Set runtime path of "/home/cjs/VL53L8CX/VL53L8CX_ws/install/tof_sensor_package/lib/tof_sensor_package/pallet_detect_node" to ""
[15.275s] -- Up-to-date: /home/cjs/VL53L8CX/VL53L8CX_ws/install/tof_sensor_package/share/ament_index/resource_index/package_run_dependencies/tof_sensor_package
[15.280s] -- Up-to-date: /home/cjs/VL53L8CX/VL53L8CX_ws/install/tof_sensor_package/share/ament_index/resource_index/parent_prefix_path/tof_sensor_package
[15.285s] -- Up-to-date: /home/cjs/VL53L8CX/VL53L8CX_ws/install/tof_sensor_package/share/tof_sensor_package/environment/ament_prefix_path.sh
[15.285s] -- Up-to-date: /home/cjs/VL53L8CX/VL53L8CX_ws/install/tof_sensor_package/share/tof_sensor_package/environment/ament_prefix_path.dsv
[15.286s] -- Up-to-date: /home/cjs/VL53L8CX/VL53L8CX_ws/install/tof_sensor_package/share/tof_sensor_package/environment/path.sh
[15.288s] -- Up-to-date: /home/cjs/VL53L8CX/VL53L8CX_ws/install/tof_sensor_package/share/tof_sensor_package/environment/path.dsv
[15.289s] -- Up-to-date: /home/cjs/VL53L8CX/VL53L8CX_ws/install/tof_sensor_package/share/tof_sensor_package/local_setup.bash
[15.290s] -- Up-to-date: /home/cjs/VL53L8CX/VL53L8CX_ws/install/tof_sensor_package/share/tof_sensor_package/local_setup.sh
[15.291s] -- Up-to-date: /home/cjs/VL53L8CX/VL53L8CX_ws/install/tof_sensor_package/share/tof_sensor_package/local_setup.zsh
[15.292s] -- Up-to-date: /home/cjs/VL53L8CX/VL53L8CX_ws/install/tof_sensor_package/share/tof_sensor_package/local_setup.dsv
[15.292s] -- Installing: /home/cjs/VL53L8CX/VL53L8CX_ws/install/tof_sensor_package/share/tof_sensor_package/package.dsv
[15.294s] -- Up-to-date: /home/cjs/VL53L8CX/VL53L8CX_ws/install/tof_sensor_package/share/ament_index/resource_index/packages/tof_sensor_package
[15.295s] -- Up-to-date: /home/cjs/VL53L8CX/VL53L8CX_ws/install/tof_sensor_package/share/tof_sensor_package/cmake/tof_sensor_packageConfig.cmake
[15.296s] -- Up-to-date: /home/cjs/VL53L8CX/VL53L8CX_ws/install/tof_sensor_package/share/tof_sensor_package/cmake/tof_sensor_packageConfig-version.cmake
[15.297s] -- Up-to-date: /home/cjs/VL53L8CX/VL53L8CX_ws/install/tof_sensor_package/share/tof_sensor_package/package.xml
[15.307s] Invoked command in '/home/cjs/VL53L8CX/VL53L8CX_ws/build/tof_sensor_package' returned '0': AMENT_PREFIX_PATH=/home/cjs/VL53L8CX/VL53L8CX_ws/install/base_interfaces_demo:${AMENT_PREFIX_PATH} CMAKE_PREFIX_PATH=/home/cjs/VL53L8CX/VL53L8CX_ws/install/base_interfaces_demo:/opt/ros/foxy LD_LIBRARY_PATH=/home/cjs/VL53L8CX/VL53L8CX_ws/install/base_interfaces_demo/lib:${LD_LIBRARY_PATH} PYTHONPATH=/home/cjs/VL53L8CX/VL53L8CX_ws/install/base_interfaces_demo/lib/python3.8/site-packages:${PYTHONPATH} /usr/bin/cmake --install /home/cjs/VL53L8CX/VL53L8CX_ws/build/tof_sensor_package
