[0.346s] DEBUG:colcon:Command line arguments: ['/usr/bin/colcon', 'build']
[0.346s] DEBUG:colcon:Parsed command line arguments: Namespace(allow_overriding=[], ament_cmake_args=None, base_paths=['.'], build_base='build', catkin_cmake_args=None, catkin_skip_building_tests=False, cmake_args=None, cmake_clean_cache=False, cmake_clean_first=False, cmake_force_configure=False, cmake_target=None, cmake_target_skip_unavailable=False, continue_on_error=False, event_handlers=None, executor='parallel', ignore_user_meta=False, install_base='install', log_base=None, log_level=None, main=<bound method BuildVerb.main of <colcon_core.verb.build.BuildVerb object at 0x7f4d381be340>>, merge_install=False, metas=['./colcon.meta'], mixin=None, mixin_files=None, mixin_verb=('build',), packages_above=None, packages_above_and_dependencies=None, packages_above_depth=None, packages_end=None, packages_ignore=None, packages_ignore_regex=None, packages_select=None, packages_select_build_failed=False, packages_select_by_dep=None, packages_select_regex=None, packages_select_test_failures=False, packages_skip=None, packages_skip_build_finished=False, packages_skip_by_dep=None, packages_skip_regex=None, packages_skip_test_passed=False, packages_skip_up_to=None, packages_start=None, packages_up_to=None, packages_up_to_regex=None, parallel_workers=4, paths=None, symlink_install=False, test_result_base=None, verb_extension=<colcon_core.verb.build.BuildVerb object at 0x7f4d381be340>, verb_name='build', verb_parser=<colcon_mixin.mixin.mixin_argument.MixinArgumentDecorator object at 0x7f4d3811e5e0>)
[0.621s] Level 1:colcon.colcon_core.package_discovery:discover_packages(colcon_meta) check parameters
[0.622s] Level 1:colcon.colcon_core.package_discovery:discover_packages(recursive) check parameters
[0.622s] Level 1:colcon.colcon_core.package_discovery:discover_packages(ignore) check parameters
[0.622s] Level 1:colcon.colcon_core.package_discovery:discover_packages(path) check parameters
[0.622s] Level 1:colcon.colcon_core.package_discovery:discover_packages(colcon_meta) discover
[0.622s] Level 1:colcon.colcon_core.package_discovery:discover_packages(recursive) discover
[0.622s] INFO:colcon.colcon_core.package_discovery:Crawling recursively for packages in '/home/cjs/VL53L8CX/VL53L8CX_ws'
[0.622s] Level 1:colcon.colcon_core.package_identification:_identify(.) by extensions ['ignore', 'ignore_ament_install']
[0.623s] Level 1:colcon.colcon_core.package_identification:_identify(.) by extension 'ignore'
[0.623s] Level 1:colcon.colcon_core.package_identification:_identify(.) by extension 'ignore_ament_install'
[0.623s] Level 1:colcon.colcon_core.package_identification:_identify(.) by extensions ['colcon_pkg']
[0.623s] Level 1:colcon.colcon_core.package_identification:_identify(.) by extension 'colcon_pkg'
[0.623s] Level 1:colcon.colcon_core.package_identification:_identify(.) by extensions ['colcon_meta']
[0.623s] Level 1:colcon.colcon_core.package_identification:_identify(.) by extension 'colcon_meta'
[0.623s] Level 1:colcon.colcon_core.package_identification:_identify(.) by extensions ['ros']
[0.623s] Level 1:colcon.colcon_core.package_identification:_identify(.) by extension 'ros'
[0.643s] Level 1:colcon.colcon_core.package_identification:_identify(.) by extensions ['cmake', 'python']
[0.643s] Level 1:colcon.colcon_core.package_identification:_identify(.) by extension 'cmake'
[0.643s] Level 1:colcon.colcon_core.package_identification:_identify(.) by extension 'python'
[0.643s] Level 1:colcon.colcon_core.package_identification:_identify(.) by extensions ['python_setup_py']
[0.643s] Level 1:colcon.colcon_core.package_identification:_identify(.) by extension 'python_setup_py'
[0.644s] Level 1:colcon.colcon_core.package_identification:_identify(build) by extensions ['ignore', 'ignore_ament_install']
[0.644s] Level 1:colcon.colcon_core.package_identification:_identify(build) by extension 'ignore'
[0.644s] Level 1:colcon.colcon_core.package_identification:_identify(build) ignored
[0.644s] Level 1:colcon.colcon_core.package_identification:_identify(install) by extensions ['ignore', 'ignore_ament_install']
[0.644s] Level 1:colcon.colcon_core.package_identification:_identify(install) by extension 'ignore'
[0.644s] Level 1:colcon.colcon_core.package_identification:_identify(install) ignored
[0.645s] Level 1:colcon.colcon_core.package_identification:_identify(log) by extensions ['ignore', 'ignore_ament_install']
[0.645s] Level 1:colcon.colcon_core.package_identification:_identify(log) by extension 'ignore'
[0.645s] Level 1:colcon.colcon_core.package_identification:_identify(log) ignored
[0.645s] Level 1:colcon.colcon_core.package_identification:_identify(src) by extensions ['ignore', 'ignore_ament_install']
[0.645s] Level 1:colcon.colcon_core.package_identification:_identify(src) by extension 'ignore'
[0.645s] Level 1:colcon.colcon_core.package_identification:_identify(src) by extension 'ignore_ament_install'
[0.645s] Level 1:colcon.colcon_core.package_identification:_identify(src) by extensions ['colcon_pkg']
[0.645s] Level 1:colcon.colcon_core.package_identification:_identify(src) by extension 'colcon_pkg'
[0.645s] Level 1:colcon.colcon_core.package_identification:_identify(src) by extensions ['colcon_meta']
[0.646s] Level 1:colcon.colcon_core.package_identification:_identify(src) by extension 'colcon_meta'
[0.646s] Level 1:colcon.colcon_core.package_identification:_identify(src) by extensions ['ros']
[0.646s] Level 1:colcon.colcon_core.package_identification:_identify(src) by extension 'ros'
[0.646s] Level 1:colcon.colcon_core.package_identification:_identify(src) by extensions ['cmake', 'python']
[0.646s] Level 1:colcon.colcon_core.package_identification:_identify(src) by extension 'cmake'
[0.646s] Level 1:colcon.colcon_core.package_identification:_identify(src) by extension 'python'
[0.646s] Level 1:colcon.colcon_core.package_identification:_identify(src) by extensions ['python_setup_py']
[0.646s] Level 1:colcon.colcon_core.package_identification:_identify(src) by extension 'python_setup_py'
[0.646s] Level 1:colcon.colcon_core.package_identification:_identify(src/base_interfaces_demo) by extensions ['ignore', 'ignore_ament_install']
[0.647s] Level 1:colcon.colcon_core.package_identification:_identify(src/base_interfaces_demo) by extension 'ignore'
[0.647s] Level 1:colcon.colcon_core.package_identification:_identify(src/base_interfaces_demo) by extension 'ignore_ament_install'
[0.647s] Level 1:colcon.colcon_core.package_identification:_identify(src/base_interfaces_demo) by extensions ['colcon_pkg']
[0.647s] Level 1:colcon.colcon_core.package_identification:_identify(src/base_interfaces_demo) by extension 'colcon_pkg'
[0.647s] Level 1:colcon.colcon_core.package_identification:_identify(src/base_interfaces_demo) by extensions ['colcon_meta']
[0.647s] Level 1:colcon.colcon_core.package_identification:_identify(src/base_interfaces_demo) by extension 'colcon_meta'
[0.647s] Level 1:colcon.colcon_core.package_identification:_identify(src/base_interfaces_demo) by extensions ['ros']
[0.647s] Level 1:colcon.colcon_core.package_identification:_identify(src/base_interfaces_demo) by extension 'ros'
[0.651s] DEBUG:colcon.colcon_core.package_identification:Package 'src/base_interfaces_demo' with type 'ros.ament_cmake' and name 'base_interfaces_demo'
[0.651s] Level 1:colcon.colcon_core.package_identification:_identify(src/tof_sensor_package) by extensions ['ignore', 'ignore_ament_install']
[0.651s] Level 1:colcon.colcon_core.package_identification:_identify(src/tof_sensor_package) by extension 'ignore'
[0.651s] Level 1:colcon.colcon_core.package_identification:_identify(src/tof_sensor_package) by extension 'ignore_ament_install'
[0.651s] Level 1:colcon.colcon_core.package_identification:_identify(src/tof_sensor_package) by extensions ['colcon_pkg']
[0.651s] Level 1:colcon.colcon_core.package_identification:_identify(src/tof_sensor_package) by extension 'colcon_pkg'
[0.651s] Level 1:colcon.colcon_core.package_identification:_identify(src/tof_sensor_package) by extensions ['colcon_meta']
[0.651s] Level 1:colcon.colcon_core.package_identification:_identify(src/tof_sensor_package) by extension 'colcon_meta'
[0.652s] Level 1:colcon.colcon_core.package_identification:_identify(src/tof_sensor_package) by extensions ['ros']
[0.652s] Level 1:colcon.colcon_core.package_identification:_identify(src/tof_sensor_package) by extension 'ros'
[0.652s] DEBUG:colcon.colcon_core.package_identification:Package 'src/tof_sensor_package' with type 'ros.ament_cmake' and name 'tof_sensor_package'
[0.653s] Level 1:colcon.colcon_core.package_discovery:discover_packages(recursive) using defaults
[0.653s] Level 1:colcon.colcon_core.package_discovery:discover_packages(ignore) discover
[0.653s] Level 1:colcon.colcon_core.package_discovery:discover_packages(ignore) using defaults
[0.653s] Level 1:colcon.colcon_core.package_discovery:discover_packages(path) discover
[0.653s] Level 1:colcon.colcon_core.package_discovery:discover_packages(path) using defaults
[0.672s] Level 1:colcon.colcon_core.package_discovery:discover_packages(prefix_path) check parameters
[0.672s] Level 1:colcon.colcon_core.package_discovery:discover_packages(prefix_path) discover
[0.676s] DEBUG:colcon.colcon_installed_package_information.package_discovery:Found 2 installed packages in /home/cjs/VL53L8CX/VL53L8CX_ws/install
[0.679s] DEBUG:colcon.colcon_installed_package_information.package_discovery:Found 256 installed packages in /opt/ros/foxy
[0.681s] Level 1:colcon.colcon_core.package_discovery:discover_packages(prefix_path) using defaults
[0.788s] Level 5:colcon.colcon_core.verb:set package 'base_interfaces_demo' build argument 'cmake_args' from command line to 'None'
[0.788s] Level 5:colcon.colcon_core.verb:set package 'base_interfaces_demo' build argument 'cmake_target' from command line to 'None'
[0.788s] Level 5:colcon.colcon_core.verb:set package 'base_interfaces_demo' build argument 'cmake_target_skip_unavailable' from command line to 'False'
[0.788s] Level 5:colcon.colcon_core.verb:set package 'base_interfaces_demo' build argument 'cmake_clean_cache' from command line to 'False'
[0.788s] Level 5:colcon.colcon_core.verb:set package 'base_interfaces_demo' build argument 'cmake_clean_first' from command line to 'False'
[0.788s] Level 5:colcon.colcon_core.verb:set package 'base_interfaces_demo' build argument 'cmake_force_configure' from command line to 'False'
[0.788s] Level 5:colcon.colcon_core.verb:set package 'base_interfaces_demo' build argument 'ament_cmake_args' from command line to 'None'
[0.788s] Level 5:colcon.colcon_core.verb:set package 'base_interfaces_demo' build argument 'catkin_cmake_args' from command line to 'None'
[0.788s] Level 5:colcon.colcon_core.verb:set package 'base_interfaces_demo' build argument 'catkin_skip_building_tests' from command line to 'False'
[0.788s] DEBUG:colcon.colcon_core.verb:Building package 'base_interfaces_demo' with the following arguments: {'ament_cmake_args': None, 'build_base': '/home/cjs/VL53L8CX/VL53L8CX_ws/build/base_interfaces_demo', 'catkin_cmake_args': None, 'catkin_skip_building_tests': False, 'cmake_args': None, 'cmake_clean_cache': False, 'cmake_clean_first': False, 'cmake_force_configure': False, 'cmake_target': None, 'cmake_target_skip_unavailable': False, 'install_base': '/home/cjs/VL53L8CX/VL53L8CX_ws/install/base_interfaces_demo', 'merge_install': False, 'path': '/home/cjs/VL53L8CX/VL53L8CX_ws/src/base_interfaces_demo', 'symlink_install': False, 'test_result_base': None}
[0.789s] Level 5:colcon.colcon_core.verb:set package 'tof_sensor_package' build argument 'cmake_args' from command line to 'None'
[0.789s] Level 5:colcon.colcon_core.verb:set package 'tof_sensor_package' build argument 'cmake_target' from command line to 'None'
[0.789s] Level 5:colcon.colcon_core.verb:set package 'tof_sensor_package' build argument 'cmake_target_skip_unavailable' from command line to 'False'
[0.789s] Level 5:colcon.colcon_core.verb:set package 'tof_sensor_package' build argument 'cmake_clean_cache' from command line to 'False'
[0.789s] Level 5:colcon.colcon_core.verb:set package 'tof_sensor_package' build argument 'cmake_clean_first' from command line to 'False'
[0.789s] Level 5:colcon.colcon_core.verb:set package 'tof_sensor_package' build argument 'cmake_force_configure' from command line to 'False'
[0.789s] Level 5:colcon.colcon_core.verb:set package 'tof_sensor_package' build argument 'ament_cmake_args' from command line to 'None'
[0.789s] Level 5:colcon.colcon_core.verb:set package 'tof_sensor_package' build argument 'catkin_cmake_args' from command line to 'None'
[0.789s] Level 5:colcon.colcon_core.verb:set package 'tof_sensor_package' build argument 'catkin_skip_building_tests' from command line to 'False'
[0.789s] DEBUG:colcon.colcon_core.verb:Building package 'tof_sensor_package' with the following arguments: {'ament_cmake_args': None, 'build_base': '/home/cjs/VL53L8CX/VL53L8CX_ws/build/tof_sensor_package', 'catkin_cmake_args': None, 'catkin_skip_building_tests': False, 'cmake_args': None, 'cmake_clean_cache': False, 'cmake_clean_first': False, 'cmake_force_configure': False, 'cmake_target': None, 'cmake_target_skip_unavailable': False, 'install_base': '/home/cjs/VL53L8CX/VL53L8CX_ws/install/tof_sensor_package', 'merge_install': False, 'path': '/home/cjs/VL53L8CX/VL53L8CX_ws/src/tof_sensor_package', 'symlink_install': False, 'test_result_base': None}
[0.789s] INFO:colcon.colcon_core.executor:Executing jobs using 'parallel' executor
[0.792s] DEBUG:colcon.colcon_parallel_executor.executor.parallel:run_until_complete
[0.792s] INFO:colcon.colcon_ros.task.ament_cmake.build:Building ROS package in '/home/cjs/VL53L8CX/VL53L8CX_ws/src/base_interfaces_demo' with build type 'ament_cmake'
[0.792s] INFO:colcon.colcon_cmake.task.cmake.build:Building CMake package in '/home/cjs/VL53L8CX/VL53L8CX_ws/src/base_interfaces_demo'
[0.799s] INFO:colcon.colcon_core.plugin_system:Skipping extension 'colcon_core.shell.bat': Not used on non-Windows systems
[0.800s] INFO:colcon.colcon_core.shell:Skip shell extension 'powershell' for command environment: Not usable outside of PowerShell
[0.800s] DEBUG:colcon.colcon_core.shell:Skip shell extension 'dsv' for command environment
[0.842s] DEBUG:colcon.colcon_core.event_handler.log_command:Invoking command in '/home/cjs/VL53L8CX/VL53L8CX_ws/build/base_interfaces_demo': CMAKE_PREFIX_PATH=${CMAKE_PREFIX_PATH}:/opt/ros/foxy /usr/bin/cmake --build /home/cjs/VL53L8CX/VL53L8CX_ws/build/base_interfaces_demo -- -j4 -l4
[1.901s] DEBUG:colcon.colcon_core.event_handler.log_command:Invoked command in '/home/cjs/VL53L8CX/VL53L8CX_ws/build/base_interfaces_demo' returned '0': CMAKE_PREFIX_PATH=${CMAKE_PREFIX_PATH}:/opt/ros/foxy /usr/bin/cmake --build /home/cjs/VL53L8CX/VL53L8CX_ws/build/base_interfaces_demo -- -j4 -l4
[2.364s] DEBUG:colcon.colcon_core.event_handler.log_command:Invoking command in '/home/cjs/VL53L8CX/VL53L8CX_ws/build/base_interfaces_demo': CMAKE_PREFIX_PATH=${CMAKE_PREFIX_PATH}:/opt/ros/foxy /usr/bin/cmake --install /home/cjs/VL53L8CX/VL53L8CX_ws/build/base_interfaces_demo
[2.524s] Level 1:colcon.colcon_core.environment:create_environment_scripts_only(base_interfaces_demo)
[2.530s] DEBUG:colcon.colcon_core.event_handler.log_command:Invoked command in '/home/cjs/VL53L8CX/VL53L8CX_ws/build/base_interfaces_demo' returned '0': CMAKE_PREFIX_PATH=${CMAKE_PREFIX_PATH}:/opt/ros/foxy /usr/bin/cmake --install /home/cjs/VL53L8CX/VL53L8CX_ws/build/base_interfaces_demo
[2.534s] Level 1:colcon.colcon_core.environment:checking '/home/cjs/VL53L8CX/VL53L8CX_ws/install/base_interfaces_demo' for CMake module files
[2.536s] Level 1:colcon.colcon_core.environment:checking '/home/cjs/VL53L8CX/VL53L8CX_ws/install/base_interfaces_demo' for CMake config files
[2.537s] Level 1:colcon.colcon_core.shell:create_environment_hook('base_interfaces_demo', 'cmake_prefix_path')
[2.537s] INFO:colcon.colcon_core.shell:Creating environment hook '/home/cjs/VL53L8CX/VL53L8CX_ws/install/base_interfaces_demo/share/base_interfaces_demo/hook/cmake_prefix_path.ps1'
[2.540s] INFO:colcon.colcon_core.shell:Creating environment descriptor '/home/cjs/VL53L8CX/VL53L8CX_ws/install/base_interfaces_demo/share/base_interfaces_demo/hook/cmake_prefix_path.dsv'
[2.541s] INFO:colcon.colcon_core.shell:Creating environment hook '/home/cjs/VL53L8CX/VL53L8CX_ws/install/base_interfaces_demo/share/base_interfaces_demo/hook/cmake_prefix_path.sh'
[2.545s] Level 1:colcon.colcon_core.environment:checking '/home/cjs/VL53L8CX/VL53L8CX_ws/install/base_interfaces_demo/lib'
[2.553s] Level 1:colcon.colcon_core.shell:create_environment_hook('base_interfaces_demo', 'ld_library_path_lib')
[2.553s] INFO:colcon.colcon_core.shell:Creating environment hook '/home/cjs/VL53L8CX/VL53L8CX_ws/install/base_interfaces_demo/share/base_interfaces_demo/hook/ld_library_path_lib.ps1'
[2.555s] INFO:colcon.colcon_core.shell:Creating environment descriptor '/home/cjs/VL53L8CX/VL53L8CX_ws/install/base_interfaces_demo/share/base_interfaces_demo/hook/ld_library_path_lib.dsv'
[2.556s] INFO:colcon.colcon_core.shell:Creating environment hook '/home/cjs/VL53L8CX/VL53L8CX_ws/install/base_interfaces_demo/share/base_interfaces_demo/hook/ld_library_path_lib.sh'
[2.556s] Level 1:colcon.colcon_core.environment:checking '/home/cjs/VL53L8CX/VL53L8CX_ws/install/base_interfaces_demo/bin'
[2.557s] Level 1:colcon.colcon_core.environment:checking '/home/cjs/VL53L8CX/VL53L8CX_ws/install/base_interfaces_demo/lib/pkgconfig/base_interfaces_demo.pc'
[2.558s] Level 1:colcon.colcon_core.environment:checking '/home/cjs/VL53L8CX/VL53L8CX_ws/install/base_interfaces_demo/lib/python3.8/site-packages'
[2.558s] Level 1:colcon.colcon_core.shell:create_environment_hook('base_interfaces_demo', 'pythonpath')
[2.558s] INFO:colcon.colcon_core.shell:Creating environment hook '/home/cjs/VL53L8CX/VL53L8CX_ws/install/base_interfaces_demo/share/base_interfaces_demo/hook/pythonpath.ps1'
[2.559s] INFO:colcon.colcon_core.shell:Creating environment descriptor '/home/cjs/VL53L8CX/VL53L8CX_ws/install/base_interfaces_demo/share/base_interfaces_demo/hook/pythonpath.dsv'
[2.560s] INFO:colcon.colcon_core.shell:Creating environment hook '/home/cjs/VL53L8CX/VL53L8CX_ws/install/base_interfaces_demo/share/base_interfaces_demo/hook/pythonpath.sh'
[2.561s] Level 1:colcon.colcon_core.environment:checking '/home/cjs/VL53L8CX/VL53L8CX_ws/install/base_interfaces_demo/bin'
[2.561s] INFO:colcon.colcon_core.shell:Creating package script '/home/cjs/VL53L8CX/VL53L8CX_ws/install/base_interfaces_demo/share/base_interfaces_demo/package.ps1'
[2.563s] INFO:colcon.colcon_core.shell:Creating package descriptor '/home/cjs/VL53L8CX/VL53L8CX_ws/install/base_interfaces_demo/share/base_interfaces_demo/package.dsv'
[2.564s] INFO:colcon.colcon_core.shell:Creating package script '/home/cjs/VL53L8CX/VL53L8CX_ws/install/base_interfaces_demo/share/base_interfaces_demo/package.sh'
[2.566s] INFO:colcon.colcon_core.shell:Creating package script '/home/cjs/VL53L8CX/VL53L8CX_ws/install/base_interfaces_demo/share/base_interfaces_demo/package.bash'
[2.568s] INFO:colcon.colcon_core.shell:Creating package script '/home/cjs/VL53L8CX/VL53L8CX_ws/install/base_interfaces_demo/share/base_interfaces_demo/package.zsh'
[2.570s] Level 1:colcon.colcon_core.environment:create_file_with_runtime_dependencies(/home/cjs/VL53L8CX/VL53L8CX_ws/install/base_interfaces_demo/share/colcon-core/packages/base_interfaces_demo)
[2.996s] Level 1:colcon.colcon_core.environment:create_environment_scripts_only(base_interfaces_demo)
[2.998s] Level 1:colcon.colcon_core.environment:checking '/home/cjs/VL53L8CX/VL53L8CX_ws/install/base_interfaces_demo' for CMake module files
[2.999s] Level 1:colcon.colcon_core.environment:checking '/home/cjs/VL53L8CX/VL53L8CX_ws/install/base_interfaces_demo' for CMake config files
[3.000s] Level 1:colcon.colcon_core.shell:create_environment_hook('base_interfaces_demo', 'cmake_prefix_path')
[3.000s] INFO:colcon.colcon_core.shell:Creating environment hook '/home/cjs/VL53L8CX/VL53L8CX_ws/install/base_interfaces_demo/share/base_interfaces_demo/hook/cmake_prefix_path.ps1'
[3.002s] INFO:colcon.colcon_core.shell:Creating environment descriptor '/home/cjs/VL53L8CX/VL53L8CX_ws/install/base_interfaces_demo/share/base_interfaces_demo/hook/cmake_prefix_path.dsv'
[3.003s] INFO:colcon.colcon_core.shell:Creating environment hook '/home/cjs/VL53L8CX/VL53L8CX_ws/install/base_interfaces_demo/share/base_interfaces_demo/hook/cmake_prefix_path.sh'
[3.005s] Level 1:colcon.colcon_core.environment:checking '/home/cjs/VL53L8CX/VL53L8CX_ws/install/base_interfaces_demo/lib'
[3.006s] Level 1:colcon.colcon_core.shell:create_environment_hook('base_interfaces_demo', 'ld_library_path_lib')
[3.006s] INFO:colcon.colcon_core.shell:Creating environment hook '/home/cjs/VL53L8CX/VL53L8CX_ws/install/base_interfaces_demo/share/base_interfaces_demo/hook/ld_library_path_lib.ps1'
[3.007s] INFO:colcon.colcon_core.shell:Creating environment descriptor '/home/cjs/VL53L8CX/VL53L8CX_ws/install/base_interfaces_demo/share/base_interfaces_demo/hook/ld_library_path_lib.dsv'
[3.008s] INFO:colcon.colcon_core.shell:Creating environment hook '/home/cjs/VL53L8CX/VL53L8CX_ws/install/base_interfaces_demo/share/base_interfaces_demo/hook/ld_library_path_lib.sh'
[3.009s] Level 1:colcon.colcon_core.environment:checking '/home/cjs/VL53L8CX/VL53L8CX_ws/install/base_interfaces_demo/bin'
[3.009s] Level 1:colcon.colcon_core.environment:checking '/home/cjs/VL53L8CX/VL53L8CX_ws/install/base_interfaces_demo/lib/pkgconfig/base_interfaces_demo.pc'
[3.010s] Level 1:colcon.colcon_core.environment:checking '/home/cjs/VL53L8CX/VL53L8CX_ws/install/base_interfaces_demo/lib/python3.8/site-packages'
[3.010s] Level 1:colcon.colcon_core.shell:create_environment_hook('base_interfaces_demo', 'pythonpath')
[3.010s] INFO:colcon.colcon_core.shell:Creating environment hook '/home/cjs/VL53L8CX/VL53L8CX_ws/install/base_interfaces_demo/share/base_interfaces_demo/hook/pythonpath.ps1'
[3.011s] INFO:colcon.colcon_core.shell:Creating environment descriptor '/home/cjs/VL53L8CX/VL53L8CX_ws/install/base_interfaces_demo/share/base_interfaces_demo/hook/pythonpath.dsv'
[3.012s] INFO:colcon.colcon_core.shell:Creating environment hook '/home/cjs/VL53L8CX/VL53L8CX_ws/install/base_interfaces_demo/share/base_interfaces_demo/hook/pythonpath.sh'
[3.013s] Level 1:colcon.colcon_core.environment:checking '/home/cjs/VL53L8CX/VL53L8CX_ws/install/base_interfaces_demo/bin'
[3.013s] INFO:colcon.colcon_core.shell:Creating package script '/home/cjs/VL53L8CX/VL53L8CX_ws/install/base_interfaces_demo/share/base_interfaces_demo/package.ps1'
[3.014s] INFO:colcon.colcon_core.shell:Creating package descriptor '/home/cjs/VL53L8CX/VL53L8CX_ws/install/base_interfaces_demo/share/base_interfaces_demo/package.dsv'
[3.015s] INFO:colcon.colcon_core.shell:Creating package script '/home/cjs/VL53L8CX/VL53L8CX_ws/install/base_interfaces_demo/share/base_interfaces_demo/package.sh'
[3.016s] INFO:colcon.colcon_core.shell:Creating package script '/home/cjs/VL53L8CX/VL53L8CX_ws/install/base_interfaces_demo/share/base_interfaces_demo/package.bash'
[3.017s] INFO:colcon.colcon_core.shell:Creating package script '/home/cjs/VL53L8CX/VL53L8CX_ws/install/base_interfaces_demo/share/base_interfaces_demo/package.zsh'
[3.017s] Level 1:colcon.colcon_core.environment:create_file_with_runtime_dependencies(/home/cjs/VL53L8CX/VL53L8CX_ws/install/base_interfaces_demo/share/colcon-core/packages/base_interfaces_demo)
[3.019s] INFO:colcon.colcon_ros.task.ament_cmake.build:Building ROS package in '/home/cjs/VL53L8CX/VL53L8CX_ws/src/tof_sensor_package' with build type 'ament_cmake'
[3.019s] INFO:colcon.colcon_cmake.task.cmake.build:Building CMake package in '/home/cjs/VL53L8CX/VL53L8CX_ws/src/tof_sensor_package'
[3.019s] INFO:colcon.colcon_core.shell:Skip shell extension 'powershell' for command environment: Not usable outside of PowerShell
[3.019s] DEBUG:colcon.colcon_core.shell:Skip shell extension 'dsv' for command environment
[3.086s] DEBUG:colcon.colcon_core.event_handler.log_command:Invoking command in '/home/cjs/VL53L8CX/VL53L8CX_ws/build/tof_sensor_package': CMAKE_PREFIX_PATH=/home/cjs/VL53L8CX/VL53L8CX_ws/install/base_interfaces_demo:/home/cjs/VL53L8CX/VL53L8CX_ws/install/tof_sensor_package:/opt/ros/foxy /usr/bin/cmake --build /home/cjs/VL53L8CX/VL53L8CX_ws/build/tof_sensor_package -- -j4 -l4
[8.812s] DEBUG:colcon.colcon_core.event_handler.log_command:Invoked command in '/home/cjs/VL53L8CX/VL53L8CX_ws/build/tof_sensor_package' returned '2': CMAKE_PREFIX_PATH=/home/cjs/VL53L8CX/VL53L8CX_ws/install/base_interfaces_demo:/home/cjs/VL53L8CX/VL53L8CX_ws/install/tof_sensor_package:/opt/ros/foxy /usr/bin/cmake --build /home/cjs/VL53L8CX/VL53L8CX_ws/build/tof_sensor_package -- -j4 -l4
[8.958s] Level 1:colcon.colcon_core.environment:create_environment_scripts_only(tof_sensor_package)
[8.959s] Level 1:colcon.colcon_core.environment:checking '/home/cjs/VL53L8CX/VL53L8CX_ws/install/tof_sensor_package' for CMake module files
[8.960s] Level 1:colcon.colcon_core.environment:checking '/home/cjs/VL53L8CX/VL53L8CX_ws/install/tof_sensor_package' for CMake config files
[8.961s] Level 1:colcon.colcon_core.shell:create_environment_hook('tof_sensor_package', 'cmake_prefix_path')
[8.962s] INFO:colcon.colcon_core.shell:Creating environment hook '/home/cjs/VL53L8CX/VL53L8CX_ws/install/tof_sensor_package/share/tof_sensor_package/hook/cmake_prefix_path.ps1'
[8.964s] INFO:colcon.colcon_core.shell:Creating environment descriptor '/home/cjs/VL53L8CX/VL53L8CX_ws/install/tof_sensor_package/share/tof_sensor_package/hook/cmake_prefix_path.dsv'
[8.965s] INFO:colcon.colcon_core.shell:Creating environment hook '/home/cjs/VL53L8CX/VL53L8CX_ws/install/tof_sensor_package/share/tof_sensor_package/hook/cmake_prefix_path.sh'
[8.967s] Level 1:colcon.colcon_core.environment:checking '/home/cjs/VL53L8CX/VL53L8CX_ws/install/tof_sensor_package/lib'
[8.967s] Level 1:colcon.colcon_core.environment:checking '/home/cjs/VL53L8CX/VL53L8CX_ws/install/tof_sensor_package/bin'
[8.967s] Level 1:colcon.colcon_core.environment:checking '/home/cjs/VL53L8CX/VL53L8CX_ws/install/tof_sensor_package/lib/pkgconfig/tof_sensor_package.pc'
[8.968s] Level 1:colcon.colcon_core.environment:checking '/home/cjs/VL53L8CX/VL53L8CX_ws/install/tof_sensor_package/lib/python3.8/site-packages'
[8.968s] Level 1:colcon.colcon_core.environment:checking '/home/cjs/VL53L8CX/VL53L8CX_ws/install/tof_sensor_package/bin'
[8.969s] INFO:colcon.colcon_core.shell:Creating package script '/home/cjs/VL53L8CX/VL53L8CX_ws/install/tof_sensor_package/share/tof_sensor_package/package.ps1'
[8.970s] INFO:colcon.colcon_core.shell:Creating package descriptor '/home/cjs/VL53L8CX/VL53L8CX_ws/install/tof_sensor_package/share/tof_sensor_package/package.dsv'
[8.971s] INFO:colcon.colcon_core.shell:Creating package script '/home/cjs/VL53L8CX/VL53L8CX_ws/install/tof_sensor_package/share/tof_sensor_package/package.sh'
[8.972s] INFO:colcon.colcon_core.shell:Creating package script '/home/cjs/VL53L8CX/VL53L8CX_ws/install/tof_sensor_package/share/tof_sensor_package/package.bash'
[8.973s] INFO:colcon.colcon_core.shell:Creating package script '/home/cjs/VL53L8CX/VL53L8CX_ws/install/tof_sensor_package/share/tof_sensor_package/package.zsh'
[8.974s] Level 1:colcon.colcon_core.environment:create_file_with_runtime_dependencies(/home/cjs/VL53L8CX/VL53L8CX_ws/install/tof_sensor_package/share/colcon-core/packages/tof_sensor_package)
[8.987s] DEBUG:colcon.colcon_parallel_executor.executor.parallel:closing loop
[8.987s] DEBUG:colcon.colcon_parallel_executor.executor.parallel:loop closed
[8.988s] DEBUG:colcon.colcon_parallel_executor.executor.parallel:run_until_complete finished with '2'
[8.988s] DEBUG:colcon.colcon_core.event_reactor:joining thread
[9.015s] INFO:colcon.colcon_core.plugin_system:Skipping extension 'colcon_notification.desktop_notification.terminal_notifier': Not used on non-Darwin systems
[9.015s] INFO:colcon.colcon_core.plugin_system:Skipping extension 'colcon_notification.desktop_notification.win32': Not used on non-Windows systems
[9.016s] INFO:colcon.colcon_notification.desktop_notification:Sending desktop notification using 'notify2'
[9.055s] DEBUG:colcon.colcon_core.event_reactor:joined thread
[9.056s] INFO:colcon.colcon_core.shell:Creating prefix script '/home/cjs/VL53L8CX/VL53L8CX_ws/install/local_setup.ps1'
[9.057s] INFO:colcon.colcon_core.shell:Creating prefix util module '/home/cjs/VL53L8CX/VL53L8CX_ws/install/_local_setup_util_ps1.py'
[9.059s] INFO:colcon.colcon_core.shell:Creating prefix chain script '/home/cjs/VL53L8CX/VL53L8CX_ws/install/setup.ps1'
[9.061s] INFO:colcon.colcon_core.shell:Creating prefix script '/home/cjs/VL53L8CX/VL53L8CX_ws/install/local_setup.sh'
[9.062s] INFO:colcon.colcon_core.shell:Creating prefix util module '/home/cjs/VL53L8CX/VL53L8CX_ws/install/_local_setup_util_sh.py'
[9.062s] INFO:colcon.colcon_core.shell:Creating prefix chain script '/home/cjs/VL53L8CX/VL53L8CX_ws/install/setup.sh'
[9.064s] INFO:colcon.colcon_core.shell:Creating prefix script '/home/cjs/VL53L8CX/VL53L8CX_ws/install/local_setup.bash'
[9.069s] INFO:colcon.colcon_core.shell:Creating prefix chain script '/home/cjs/VL53L8CX/VL53L8CX_ws/install/setup.bash'
[9.073s] INFO:colcon.colcon_core.shell:Creating prefix script '/home/cjs/VL53L8CX/VL53L8CX_ws/install/local_setup.zsh'
[9.075s] INFO:colcon.colcon_core.shell:Creating prefix chain script '/home/cjs/VL53L8CX/VL53L8CX_ws/install/setup.zsh'
