[35m[1mScanning dependencies of target pallet_detect_node[0m
[ 25%] [32mBuilding CXX object CMakeFiles/pallet_detect_node.dir/src/pallet_detect_node.cpp.o[0m
[01m[K/home/cjs/VL53L8CX/VL53L8CX_ws/src/tof_sensor_package/src/pallet_detect_node.cpp:[m[K In constructor ‘[01m[KPalletDetectNode::PalletDetectNode()[m[K’:
[01m[K/home/cjs/VL53L8CX/VL53L8CX_ws/src/tof_sensor_package/src/pallet_detect_node.cpp:34:22:[m[K [01;31m[Kerror: [m[K‘[01m[Kusing PalletInfo = struct base_interfaces_demo::msg::PalletInfo_<std::allocator<void> >[m[K’ {aka ‘[01m[Kstruct base_interfaces_demo::msg::PalletInfo_<std::allocator<void> >[m[K’} has no member named ‘[01m[Kd[m[K’
   34 |         pallet_info_.[01;31m[Kd[m[K = 0;
      |                      [01;31m[K^[m[K
[01m[K/home/cjs/VL53L8CX/VL53L8CX_ws/src/tof_sensor_package/src/pallet_detect_node.cpp:[m[K In member function ‘[01m[Kvoid PalletDetectNode::timer_callback()[m[K’:
[01m[K/home/cjs/VL53L8CX/VL53L8CX_ws/src/tof_sensor_package/src/pallet_detect_node.cpp:89:26:[m[K [01;35m[Kwarning: [m[Kstructured bindings only available with ‘[01m[K-std=c++17[m[K’ or ‘[01m[K-std=gnu++17[m[K’
   89 |                     auto [01;35m[K[[m[Kangle, drift] = BestFit::analyze(A);
      |                          [01;35m[K^[m[K
[01m[K/home/cjs/VL53L8CX/VL53L8CX_ws/src/tof_sensor_package/src/pallet_detect_node.cpp:89:61:[m[K [01;31m[Kerror: [m[Kno matching function for call to ‘[01m[KBestFit::analyze(cv::Mat&)[m[K’
   89 |                     auto [angle, drift] = BestFit::analyze(A[01;31m[K)[m[K;
      |                                                             [01;31m[K^[m[K
In file included from [01m[K/home/cjs/VL53L8CX/VL53L8CX_ws/src/tof_sensor_package/src/pallet_detect_node.cpp:2[m[K:
[01m[K/home/cjs/VL53L8CX/VL53L8CX_ws/src/tof_sensor_package/src/BestFit.hpp:8:38:[m[K [01;36m[Knote: [m[Kcandidate: ‘[01m[Kstatic std::pair<double, double> BestFit::analyze(const cv::Mat&, double)[m[K’
    8 |     static std::pair<double, double> [01;36m[Kanalyze[m[K(const cv::Mat &A, double threshold);
      |                                      [01;36m[K^~~~~~~[m[K
[01m[K/home/cjs/VL53L8CX/VL53L8CX_ws/src/tof_sensor_package/src/BestFit.hpp:8:38:[m[K [01;36m[Knote: [m[K  candidate expects 2 arguments, 1 provided
make[2]: *** [CMakeFiles/pallet_detect_node.dir/build.make:63: CMakeFiles/pallet_detect_node.dir/src/pallet_detect_node.cpp.o] Error 1
make[1]: *** [CMakeFiles/Makefile2:78: CMakeFiles/pallet_detect_node.dir/all] Error 2
make: *** [Makefile:141: all] Error 2
