[0.055s] Invoking command in '/home/cjs/VL53L8CX/VL53L8CX_ws/build/tof_sensor_package': CMAKE_PREFIX_PATH=/home/cjs/VL53L8CX/VL53L8CX_ws/install/base_interfaces_demo:/home/cjs/VL53L8CX/VL53L8CX_ws/install/tof_sensor_package:/opt/ros/foxy /usr/bin/cmake --build /home/cjs/VL53L8CX/VL53L8CX_ws/build/tof_sensor_package -- -j4 -l4
[0.240s] [35m[1mScanning dependencies of target pallet_detect_node[0m
[0.428s] [ 25%] [32mBuilding CXX object CMakeFiles/pallet_detect_node.dir/src/pallet_detect_node.cpp.o[0m
[4.397s] [01m[K/home/cjs/VL53L8CX/VL53L8CX_ws/src/tof_sensor_package/src/pallet_detect_node.cpp:[m[K In constructor ‘[01m[KPalletDetectNode::PalletDetectNode()[m[K’:
[4.397s] [01m[K/home/cjs/VL53L8CX/VL53L8CX_ws/src/tof_sensor_package/src/pallet_detect_node.cpp:34:22:[m[K [01;31m[Kerror: [m[K‘[01m[Kusing PalletInfo = struct base_interfaces_demo::msg::PalletInfo_<std::allocator<void> >[m[K’ {aka ‘[01m[Kstruct base_interfaces_demo::msg::PalletInfo_<std::allocator<void> >[m[K’} has no member named ‘[01m[Kd[m[K’
[4.397s]    34 |         pallet_info_.[01;31m[Kd[m[K = 0;
[4.397s]       |                      [01;31m[K^[m[K
[4.403s] [01m[K/home/cjs/VL53L8CX/VL53L8CX_ws/src/tof_sensor_package/src/pallet_detect_node.cpp:[m[K In member function ‘[01m[Kvoid PalletDetectNode::timer_callback()[m[K’:
[4.404s] [01m[K/home/cjs/VL53L8CX/VL53L8CX_ws/src/tof_sensor_package/src/pallet_detect_node.cpp:89:26:[m[K [01;35m[Kwarning: [m[Kstructured bindings only available with ‘[01m[K-std=c++17[m[K’ or ‘[01m[K-std=gnu++17[m[K’
[4.404s]    89 |                     auto [01;35m[K[[m[Kangle, drift] = BestFit::analyze(A);
[4.404s]       |                          [01;35m[K^[m[K
[4.404s] [01m[K/home/cjs/VL53L8CX/VL53L8CX_ws/src/tof_sensor_package/src/pallet_detect_node.cpp:89:61:[m[K [01;31m[Kerror: [m[Kno matching function for call to ‘[01m[KBestFit::analyze(cv::Mat&)[m[K’
[4.404s]    89 |                     auto [angle, drift] = BestFit::analyze(A[01;31m[K)[m[K;
[4.404s]       |                                                             [01;31m[K^[m[K
[4.405s] In file included from [01m[K/home/cjs/VL53L8CX/VL53L8CX_ws/src/tof_sensor_package/src/pallet_detect_node.cpp:2[m[K:
[4.405s] [01m[K/home/cjs/VL53L8CX/VL53L8CX_ws/src/tof_sensor_package/src/BestFit.hpp:8:38:[m[K [01;36m[Knote: [m[Kcandidate: ‘[01m[Kstatic std::pair<double, double> BestFit::analyze(const cv::Mat&, double)[m[K’
[4.405s]     8 |     static std::pair<double, double> [01;36m[Kanalyze[m[K(const cv::Mat &A, double threshold);
[4.405s]       |                                      [01;36m[K^~~~~~~[m[K
[4.405s] [01m[K/home/cjs/VL53L8CX/VL53L8CX_ws/src/tof_sensor_package/src/BestFit.hpp:8:38:[m[K [01;36m[Knote: [m[K  candidate expects 2 arguments, 1 provided
[7.352s] make[2]: *** [CMakeFiles/pallet_detect_node.dir/build.make:63: CMakeFiles/pallet_detect_node.dir/src/pallet_detect_node.cpp.o] Error 1
[7.358s] make[1]: *** [CMakeFiles/Makefile2:78: CMakeFiles/pallet_detect_node.dir/all] Error 2
[7.361s] make: *** [Makefile:141: all] Error 2
[7.361s] Invoked command in '/home/cjs/VL53L8CX/VL53L8CX_ws/build/tof_sensor_package' returned '2': CMAKE_PREFIX_PATH=/home/cjs/VL53L8CX/VL53L8CX_ws/install/base_interfaces_demo:/home/cjs/VL53L8CX/VL53L8CX_ws/install/tof_sensor_package:/opt/ros/foxy /usr/bin/cmake --build /home/cjs/VL53L8CX/VL53L8CX_ws/build/tof_sensor_package -- -j4 -l4
