[0.831s] DEBUG:colcon:Command line arguments: ['/usr/bin/colcon', 'build']
[0.831s] DEBUG:colcon:Parsed command line arguments: Namespace(allow_overriding=[], ament_cmake_args=None, base_paths=['.'], build_base='build', catkin_cmake_args=None, catkin_skip_building_tests=False, cmake_args=None, cmake_clean_cache=False, cmake_clean_first=False, cmake_force_configure=False, cmake_target=None, cmake_target_skip_unavailable=False, continue_on_error=False, event_handlers=None, executor='parallel', ignore_user_meta=False, install_base='install', log_base=None, log_level=None, main=<bound method BuildVerb.main of <colcon_core.verb.build.BuildVerb object at 0x7fab4fc85be0>>, merge_install=False, metas=['./colcon.meta'], mixin=None, mixin_files=None, mixin_verb=('build',), packages_above=None, packages_above_and_dependencies=None, packages_above_depth=None, packages_end=None, packages_ignore=None, packages_ignore_regex=None, packages_select=None, packages_select_build_failed=False, packages_select_by_dep=None, packages_select_regex=None, packages_select_test_failures=False, packages_skip=None, packages_skip_build_finished=False, packages_skip_by_dep=None, packages_skip_regex=None, packages_skip_test_passed=False, packages_skip_up_to=None, packages_start=None, packages_up_to=None, packages_up_to_regex=None, parallel_workers=4, paths=None, symlink_install=False, test_result_base=None, verb_extension=<colcon_core.verb.build.BuildVerb object at 0x7fab4fc85be0>, verb_name='build', verb_parser=<colcon_mixin.mixin.mixin_argument.MixinArgumentDecorator object at 0x7fab4fb69e80>)
[1.201s] Level 1:colcon.colcon_core.package_discovery:discover_packages(colcon_meta) check parameters
[1.202s] Level 1:colcon.colcon_core.package_discovery:discover_packages(recursive) check parameters
[1.202s] Level 1:colcon.colcon_core.package_discovery:discover_packages(ignore) check parameters
[1.202s] Level 1:colcon.colcon_core.package_discovery:discover_packages(path) check parameters
[1.202s] Level 1:colcon.colcon_core.package_discovery:discover_packages(colcon_meta) discover
[1.202s] Level 1:colcon.colcon_core.package_discovery:discover_packages(recursive) discover
[1.202s] INFO:colcon.colcon_core.package_discovery:Crawling recursively for packages in '/home/cjs/VL53L8CX/VL53L8CX_ws'
[1.202s] Level 1:colcon.colcon_core.package_identification:_identify(.) by extensions ['ignore', 'ignore_ament_install']
[1.202s] Level 1:colcon.colcon_core.package_identification:_identify(.) by extension 'ignore'
[1.202s] Level 1:colcon.colcon_core.package_identification:_identify(.) by extension 'ignore_ament_install'
[1.203s] Level 1:colcon.colcon_core.package_identification:_identify(.) by extensions ['colcon_pkg']
[1.203s] Level 1:colcon.colcon_core.package_identification:_identify(.) by extension 'colcon_pkg'
[1.203s] Level 1:colcon.colcon_core.package_identification:_identify(.) by extensions ['colcon_meta']
[1.203s] Level 1:colcon.colcon_core.package_identification:_identify(.) by extension 'colcon_meta'
[1.203s] Level 1:colcon.colcon_core.package_identification:_identify(.) by extensions ['ros']
[1.203s] Level 1:colcon.colcon_core.package_identification:_identify(.) by extension 'ros'
[1.232s] Level 1:colcon.colcon_core.package_identification:_identify(.) by extensions ['cmake', 'python']
[1.232s] Level 1:colcon.colcon_core.package_identification:_identify(.) by extension 'cmake'
[1.232s] Level 1:colcon.colcon_core.package_identification:_identify(.) by extension 'python'
[1.232s] Level 1:colcon.colcon_core.package_identification:_identify(.) by extensions ['python_setup_py']
[1.232s] Level 1:colcon.colcon_core.package_identification:_identify(.) by extension 'python_setup_py'
[1.233s] Level 1:colcon.colcon_core.package_identification:_identify(build) by extensions ['ignore', 'ignore_ament_install']
[1.233s] Level 1:colcon.colcon_core.package_identification:_identify(build) by extension 'ignore'
[1.233s] Level 1:colcon.colcon_core.package_identification:_identify(build) ignored
[1.233s] Level 1:colcon.colcon_core.package_identification:_identify(install) by extensions ['ignore', 'ignore_ament_install']
[1.234s] Level 1:colcon.colcon_core.package_identification:_identify(install) by extension 'ignore'
[1.234s] Level 1:colcon.colcon_core.package_identification:_identify(install) ignored
[1.234s] Level 1:colcon.colcon_core.package_identification:_identify(log) by extensions ['ignore', 'ignore_ament_install']
[1.234s] Level 1:colcon.colcon_core.package_identification:_identify(log) by extension 'ignore'
[1.234s] Level 1:colcon.colcon_core.package_identification:_identify(log) ignored
[1.234s] Level 1:colcon.colcon_core.package_identification:_identify(src) by extensions ['ignore', 'ignore_ament_install']
[1.234s] Level 1:colcon.colcon_core.package_identification:_identify(src) by extension 'ignore'
[1.234s] Level 1:colcon.colcon_core.package_identification:_identify(src) by extension 'ignore_ament_install'
[1.235s] Level 1:colcon.colcon_core.package_identification:_identify(src) by extensions ['colcon_pkg']
[1.235s] Level 1:colcon.colcon_core.package_identification:_identify(src) by extension 'colcon_pkg'
[1.235s] Level 1:colcon.colcon_core.package_identification:_identify(src) by extensions ['colcon_meta']
[1.235s] Level 1:colcon.colcon_core.package_identification:_identify(src) by extension 'colcon_meta'
[1.235s] Level 1:colcon.colcon_core.package_identification:_identify(src) by extensions ['ros']
[1.235s] Level 1:colcon.colcon_core.package_identification:_identify(src) by extension 'ros'
[1.235s] Level 1:colcon.colcon_core.package_identification:_identify(src) by extensions ['cmake', 'python']
[1.235s] Level 1:colcon.colcon_core.package_identification:_identify(src) by extension 'cmake'
[1.235s] Level 1:colcon.colcon_core.package_identification:_identify(src) by extension 'python'
[1.235s] Level 1:colcon.colcon_core.package_identification:_identify(src) by extensions ['python_setup_py']
[1.235s] Level 1:colcon.colcon_core.package_identification:_identify(src) by extension 'python_setup_py'
[1.236s] Level 1:colcon.colcon_core.package_identification:_identify(src/base_interfaces_demo) by extensions ['ignore', 'ignore_ament_install']
[1.236s] Level 1:colcon.colcon_core.package_identification:_identify(src/base_interfaces_demo) by extension 'ignore'
[1.236s] Level 1:colcon.colcon_core.package_identification:_identify(src/base_interfaces_demo) by extension 'ignore_ament_install'
[1.236s] Level 1:colcon.colcon_core.package_identification:_identify(src/base_interfaces_demo) by extensions ['colcon_pkg']
[1.236s] Level 1:colcon.colcon_core.package_identification:_identify(src/base_interfaces_demo) by extension 'colcon_pkg'
[1.236s] Level 1:colcon.colcon_core.package_identification:_identify(src/base_interfaces_demo) by extensions ['colcon_meta']
[1.236s] Level 1:colcon.colcon_core.package_identification:_identify(src/base_interfaces_demo) by extension 'colcon_meta'
[1.236s] Level 1:colcon.colcon_core.package_identification:_identify(src/base_interfaces_demo) by extensions ['ros']
[1.236s] Level 1:colcon.colcon_core.package_identification:_identify(src/base_interfaces_demo) by extension 'ros'
[1.243s] DEBUG:colcon.colcon_core.package_identification:Package 'src/base_interfaces_demo' with type 'ros.ament_cmake' and name 'base_interfaces_demo'
[1.244s] Level 1:colcon.colcon_core.package_identification:_identify(src/tof_sensor_package) by extensions ['ignore', 'ignore_ament_install']
[1.244s] Level 1:colcon.colcon_core.package_identification:_identify(src/tof_sensor_package) by extension 'ignore'
[1.244s] Level 1:colcon.colcon_core.package_identification:_identify(src/tof_sensor_package) by extension 'ignore_ament_install'
[1.244s] Level 1:colcon.colcon_core.package_identification:_identify(src/tof_sensor_package) by extensions ['colcon_pkg']
[1.244s] Level 1:colcon.colcon_core.package_identification:_identify(src/tof_sensor_package) by extension 'colcon_pkg'
[1.244s] Level 1:colcon.colcon_core.package_identification:_identify(src/tof_sensor_package) by extensions ['colcon_meta']
[1.244s] Level 1:colcon.colcon_core.package_identification:_identify(src/tof_sensor_package) by extension 'colcon_meta'
[1.245s] Level 1:colcon.colcon_core.package_identification:_identify(src/tof_sensor_package) by extensions ['ros']
[1.245s] Level 1:colcon.colcon_core.package_identification:_identify(src/tof_sensor_package) by extension 'ros'
[1.246s] DEBUG:colcon.colcon_core.package_identification:Package 'src/tof_sensor_package' with type 'ros.ament_cmake' and name 'tof_sensor_package'
[1.246s] Level 1:colcon.colcon_core.package_discovery:discover_packages(recursive) using defaults
[1.246s] Level 1:colcon.colcon_core.package_discovery:discover_packages(ignore) discover
[1.246s] Level 1:colcon.colcon_core.package_discovery:discover_packages(ignore) using defaults
[1.246s] Level 1:colcon.colcon_core.package_discovery:discover_packages(path) discover
[1.246s] Level 1:colcon.colcon_core.package_discovery:discover_packages(path) using defaults
[1.295s] Level 1:colcon.colcon_core.package_discovery:discover_packages(prefix_path) check parameters
[1.295s] Level 1:colcon.colcon_core.package_discovery:discover_packages(prefix_path) discover
[1.309s] DEBUG:colcon.colcon_installed_package_information.package_discovery:Found 256 installed packages in /opt/ros/foxy
[1.311s] Level 1:colcon.colcon_core.package_discovery:discover_packages(prefix_path) using defaults
[1.608s] Level 5:colcon.colcon_core.verb:set package 'base_interfaces_demo' build argument 'cmake_args' from command line to 'None'
[1.609s] Level 5:colcon.colcon_core.verb:set package 'base_interfaces_demo' build argument 'cmake_target' from command line to 'None'
[1.609s] Level 5:colcon.colcon_core.verb:set package 'base_interfaces_demo' build argument 'cmake_target_skip_unavailable' from command line to 'False'
[1.609s] Level 5:colcon.colcon_core.verb:set package 'base_interfaces_demo' build argument 'cmake_clean_cache' from command line to 'False'
[1.609s] Level 5:colcon.colcon_core.verb:set package 'base_interfaces_demo' build argument 'cmake_clean_first' from command line to 'False'
[1.609s] Level 5:colcon.colcon_core.verb:set package 'base_interfaces_demo' build argument 'cmake_force_configure' from command line to 'False'
[1.609s] Level 5:colcon.colcon_core.verb:set package 'base_interfaces_demo' build argument 'ament_cmake_args' from command line to 'None'
[1.609s] Level 5:colcon.colcon_core.verb:set package 'base_interfaces_demo' build argument 'catkin_cmake_args' from command line to 'None'
[1.609s] Level 5:colcon.colcon_core.verb:set package 'base_interfaces_demo' build argument 'catkin_skip_building_tests' from command line to 'False'
[1.609s] DEBUG:colcon.colcon_core.verb:Building package 'base_interfaces_demo' with the following arguments: {'ament_cmake_args': None, 'build_base': '/home/cjs/VL53L8CX/VL53L8CX_ws/build/base_interfaces_demo', 'catkin_cmake_args': None, 'catkin_skip_building_tests': False, 'cmake_args': None, 'cmake_clean_cache': False, 'cmake_clean_first': False, 'cmake_force_configure': False, 'cmake_target': None, 'cmake_target_skip_unavailable': False, 'install_base': '/home/cjs/VL53L8CX/VL53L8CX_ws/install/base_interfaces_demo', 'merge_install': False, 'path': '/home/cjs/VL53L8CX/VL53L8CX_ws/src/base_interfaces_demo', 'symlink_install': False, 'test_result_base': None}
[1.610s] Level 5:colcon.colcon_core.verb:set package 'tof_sensor_package' build argument 'cmake_args' from command line to 'None'
[1.610s] Level 5:colcon.colcon_core.verb:set package 'tof_sensor_package' build argument 'cmake_target' from command line to 'None'
[1.610s] Level 5:colcon.colcon_core.verb:set package 'tof_sensor_package' build argument 'cmake_target_skip_unavailable' from command line to 'False'
[1.610s] Level 5:colcon.colcon_core.verb:set package 'tof_sensor_package' build argument 'cmake_clean_cache' from command line to 'False'
[1.610s] Level 5:colcon.colcon_core.verb:set package 'tof_sensor_package' build argument 'cmake_clean_first' from command line to 'False'
[1.610s] Level 5:colcon.colcon_core.verb:set package 'tof_sensor_package' build argument 'cmake_force_configure' from command line to 'False'
[1.611s] Level 5:colcon.colcon_core.verb:set package 'tof_sensor_package' build argument 'ament_cmake_args' from command line to 'None'
[1.611s] Level 5:colcon.colcon_core.verb:set package 'tof_sensor_package' build argument 'catkin_cmake_args' from command line to 'None'
[1.611s] Level 5:colcon.colcon_core.verb:set package 'tof_sensor_package' build argument 'catkin_skip_building_tests' from command line to 'False'
[1.611s] DEBUG:colcon.colcon_core.verb:Building package 'tof_sensor_package' with the following arguments: {'ament_cmake_args': None, 'build_base': '/home/cjs/VL53L8CX/VL53L8CX_ws/build/tof_sensor_package', 'catkin_cmake_args': None, 'catkin_skip_building_tests': False, 'cmake_args': None, 'cmake_clean_cache': False, 'cmake_clean_first': False, 'cmake_force_configure': False, 'cmake_target': None, 'cmake_target_skip_unavailable': False, 'install_base': '/home/cjs/VL53L8CX/VL53L8CX_ws/install/tof_sensor_package', 'merge_install': False, 'path': '/home/cjs/VL53L8CX/VL53L8CX_ws/src/tof_sensor_package', 'symlink_install': False, 'test_result_base': None}
[1.611s] INFO:colcon.colcon_core.executor:Executing jobs using 'parallel' executor
[1.613s] DEBUG:colcon.colcon_parallel_executor.executor.parallel:run_until_complete
[1.614s] INFO:colcon.colcon_ros.task.ament_cmake.build:Building ROS package in '/home/cjs/VL53L8CX/VL53L8CX_ws/src/base_interfaces_demo' with build type 'ament_cmake'
[1.614s] INFO:colcon.colcon_cmake.task.cmake.build:Building CMake package in '/home/cjs/VL53L8CX/VL53L8CX_ws/src/base_interfaces_demo'
[1.630s] INFO:colcon.colcon_core.plugin_system:Skipping extension 'colcon_core.shell.bat': Not used on non-Windows systems
[1.630s] INFO:colcon.colcon_core.shell:Skip shell extension 'powershell' for command environment: Not usable outside of PowerShell
[1.631s] DEBUG:colcon.colcon_core.shell:Skip shell extension 'dsv' for command environment
[1.669s] DEBUG:colcon.colcon_core.event_handler.log_command:Invoking command in '/home/cjs/VL53L8CX/VL53L8CX_ws/build/base_interfaces_demo': CMAKE_PREFIX_PATH=/opt/ros/foxy /usr/bin/cmake --build /home/cjs/VL53L8CX/VL53L8CX_ws/build/base_interfaces_demo -- -j4 -l4
[61.699s] DEBUG:colcon.colcon_core.event_handler.log_command:Invoked command in '/home/cjs/VL53L8CX/VL53L8CX_ws/build/base_interfaces_demo' returned '0': CMAKE_PREFIX_PATH=/opt/ros/foxy /usr/bin/cmake --build /home/cjs/VL53L8CX/VL53L8CX_ws/build/base_interfaces_demo -- -j4 -l4
[64.840s] DEBUG:colcon.colcon_core.event_handler.log_command:Invoking command in '/home/cjs/VL53L8CX/VL53L8CX_ws/build/base_interfaces_demo': CMAKE_PREFIX_PATH=/opt/ros/foxy /usr/bin/cmake --install /home/cjs/VL53L8CX/VL53L8CX_ws/build/base_interfaces_demo
[65.394s] Level 1:colcon.colcon_core.environment:create_environment_scripts_only(base_interfaces_demo)
[65.397s] DEBUG:colcon.colcon_core.event_handler.log_command:Invoked command in '/home/cjs/VL53L8CX/VL53L8CX_ws/build/base_interfaces_demo' returned '0': CMAKE_PREFIX_PATH=/opt/ros/foxy /usr/bin/cmake --install /home/cjs/VL53L8CX/VL53L8CX_ws/build/base_interfaces_demo
[65.420s] Level 1:colcon.colcon_core.environment:checking '/home/cjs/VL53L8CX/VL53L8CX_ws/install/base_interfaces_demo' for CMake module files
[65.421s] Level 1:colcon.colcon_core.environment:checking '/home/cjs/VL53L8CX/VL53L8CX_ws/install/base_interfaces_demo' for CMake config files
[65.422s] Level 1:colcon.colcon_core.shell:create_environment_hook('base_interfaces_demo', 'cmake_prefix_path')
[65.423s] INFO:colcon.colcon_core.shell:Creating environment hook '/home/cjs/VL53L8CX/VL53L8CX_ws/install/base_interfaces_demo/share/base_interfaces_demo/hook/cmake_prefix_path.ps1'
[65.428s] INFO:colcon.colcon_core.shell:Creating environment descriptor '/home/cjs/VL53L8CX/VL53L8CX_ws/install/base_interfaces_demo/share/base_interfaces_demo/hook/cmake_prefix_path.dsv'
[65.430s] INFO:colcon.colcon_core.shell:Creating environment hook '/home/cjs/VL53L8CX/VL53L8CX_ws/install/base_interfaces_demo/share/base_interfaces_demo/hook/cmake_prefix_path.sh'
[65.433s] Level 1:colcon.colcon_core.environment:checking '/home/cjs/VL53L8CX/VL53L8CX_ws/install/base_interfaces_demo/lib'
[65.434s] Level 1:colcon.colcon_core.shell:create_environment_hook('base_interfaces_demo', 'ld_library_path_lib')
[65.434s] INFO:colcon.colcon_core.shell:Creating environment hook '/home/cjs/VL53L8CX/VL53L8CX_ws/install/base_interfaces_demo/share/base_interfaces_demo/hook/ld_library_path_lib.ps1'
[65.434s] INFO:colcon.colcon_core.shell:Creating environment descriptor '/home/cjs/VL53L8CX/VL53L8CX_ws/install/base_interfaces_demo/share/base_interfaces_demo/hook/ld_library_path_lib.dsv'
[65.435s] INFO:colcon.colcon_core.shell:Creating environment hook '/home/cjs/VL53L8CX/VL53L8CX_ws/install/base_interfaces_demo/share/base_interfaces_demo/hook/ld_library_path_lib.sh'
[65.436s] Level 1:colcon.colcon_core.environment:checking '/home/cjs/VL53L8CX/VL53L8CX_ws/install/base_interfaces_demo/bin'
[65.437s] Level 1:colcon.colcon_core.environment:checking '/home/cjs/VL53L8CX/VL53L8CX_ws/install/base_interfaces_demo/lib/pkgconfig/base_interfaces_demo.pc'
[65.437s] Level 1:colcon.colcon_core.environment:checking '/home/cjs/VL53L8CX/VL53L8CX_ws/install/base_interfaces_demo/lib/python3.8/site-packages'
[65.438s] Level 1:colcon.colcon_core.shell:create_environment_hook('base_interfaces_demo', 'pythonpath')
[65.438s] INFO:colcon.colcon_core.shell:Creating environment hook '/home/cjs/VL53L8CX/VL53L8CX_ws/install/base_interfaces_demo/share/base_interfaces_demo/hook/pythonpath.ps1'
[65.439s] INFO:colcon.colcon_core.shell:Creating environment descriptor '/home/cjs/VL53L8CX/VL53L8CX_ws/install/base_interfaces_demo/share/base_interfaces_demo/hook/pythonpath.dsv'
[65.439s] INFO:colcon.colcon_core.shell:Creating environment hook '/home/cjs/VL53L8CX/VL53L8CX_ws/install/base_interfaces_demo/share/base_interfaces_demo/hook/pythonpath.sh'
[65.441s] Level 1:colcon.colcon_core.environment:checking '/home/cjs/VL53L8CX/VL53L8CX_ws/install/base_interfaces_demo/bin'
[65.441s] INFO:colcon.colcon_core.shell:Creating package script '/home/cjs/VL53L8CX/VL53L8CX_ws/install/base_interfaces_demo/share/base_interfaces_demo/package.ps1'
[65.443s] INFO:colcon.colcon_core.shell:Creating package descriptor '/home/cjs/VL53L8CX/VL53L8CX_ws/install/base_interfaces_demo/share/base_interfaces_demo/package.dsv'
[65.445s] INFO:colcon.colcon_core.shell:Creating package script '/home/cjs/VL53L8CX/VL53L8CX_ws/install/base_interfaces_demo/share/base_interfaces_demo/package.sh'
[65.447s] INFO:colcon.colcon_core.shell:Creating package script '/home/cjs/VL53L8CX/VL53L8CX_ws/install/base_interfaces_demo/share/base_interfaces_demo/package.bash'
[65.450s] INFO:colcon.colcon_core.shell:Creating package script '/home/cjs/VL53L8CX/VL53L8CX_ws/install/base_interfaces_demo/share/base_interfaces_demo/package.zsh'
[65.452s] Level 1:colcon.colcon_core.environment:create_file_with_runtime_dependencies(/home/cjs/VL53L8CX/VL53L8CX_ws/install/base_interfaces_demo/share/colcon-core/packages/base_interfaces_demo)
[68.875s] Level 1:colcon.colcon_core.environment:create_environment_scripts_only(base_interfaces_demo)
[68.877s] Level 1:colcon.colcon_core.environment:checking '/home/cjs/VL53L8CX/VL53L8CX_ws/install/base_interfaces_demo' for CMake module files
[68.880s] Level 1:colcon.colcon_core.environment:checking '/home/cjs/VL53L8CX/VL53L8CX_ws/install/base_interfaces_demo' for CMake config files
[68.881s] Level 1:colcon.colcon_core.shell:create_environment_hook('base_interfaces_demo', 'cmake_prefix_path')
[68.882s] INFO:colcon.colcon_core.shell:Creating environment hook '/home/cjs/VL53L8CX/VL53L8CX_ws/install/base_interfaces_demo/share/base_interfaces_demo/hook/cmake_prefix_path.ps1'
[68.884s] INFO:colcon.colcon_core.shell:Creating environment descriptor '/home/cjs/VL53L8CX/VL53L8CX_ws/install/base_interfaces_demo/share/base_interfaces_demo/hook/cmake_prefix_path.dsv'
[68.886s] INFO:colcon.colcon_core.shell:Creating environment hook '/home/cjs/VL53L8CX/VL53L8CX_ws/install/base_interfaces_demo/share/base_interfaces_demo/hook/cmake_prefix_path.sh'
[68.888s] Level 1:colcon.colcon_core.environment:checking '/home/cjs/VL53L8CX/VL53L8CX_ws/install/base_interfaces_demo/lib'
[68.888s] Level 1:colcon.colcon_core.shell:create_environment_hook('base_interfaces_demo', 'ld_library_path_lib')
[68.888s] INFO:colcon.colcon_core.shell:Creating environment hook '/home/cjs/VL53L8CX/VL53L8CX_ws/install/base_interfaces_demo/share/base_interfaces_demo/hook/ld_library_path_lib.ps1'
[68.889s] INFO:colcon.colcon_core.shell:Creating environment descriptor '/home/cjs/VL53L8CX/VL53L8CX_ws/install/base_interfaces_demo/share/base_interfaces_demo/hook/ld_library_path_lib.dsv'
[68.891s] INFO:colcon.colcon_core.shell:Creating environment hook '/home/cjs/VL53L8CX/VL53L8CX_ws/install/base_interfaces_demo/share/base_interfaces_demo/hook/ld_library_path_lib.sh'
[68.894s] Level 1:colcon.colcon_core.environment:checking '/home/cjs/VL53L8CX/VL53L8CX_ws/install/base_interfaces_demo/bin'
[68.894s] Level 1:colcon.colcon_core.environment:checking '/home/cjs/VL53L8CX/VL53L8CX_ws/install/base_interfaces_demo/lib/pkgconfig/base_interfaces_demo.pc'
[68.896s] Level 1:colcon.colcon_core.environment:checking '/home/cjs/VL53L8CX/VL53L8CX_ws/install/base_interfaces_demo/lib/python3.8/site-packages'
[68.896s] Level 1:colcon.colcon_core.shell:create_environment_hook('base_interfaces_demo', 'pythonpath')
[68.896s] INFO:colcon.colcon_core.shell:Creating environment hook '/home/cjs/VL53L8CX/VL53L8CX_ws/install/base_interfaces_demo/share/base_interfaces_demo/hook/pythonpath.ps1'
[68.898s] INFO:colcon.colcon_core.shell:Creating environment descriptor '/home/cjs/VL53L8CX/VL53L8CX_ws/install/base_interfaces_demo/share/base_interfaces_demo/hook/pythonpath.dsv'
[68.899s] INFO:colcon.colcon_core.shell:Creating environment hook '/home/cjs/VL53L8CX/VL53L8CX_ws/install/base_interfaces_demo/share/base_interfaces_demo/hook/pythonpath.sh'
[68.900s] Level 1:colcon.colcon_core.environment:checking '/home/cjs/VL53L8CX/VL53L8CX_ws/install/base_interfaces_demo/bin'
[68.901s] INFO:colcon.colcon_core.shell:Creating package script '/home/cjs/VL53L8CX/VL53L8CX_ws/install/base_interfaces_demo/share/base_interfaces_demo/package.ps1'
[68.902s] INFO:colcon.colcon_core.shell:Creating package descriptor '/home/cjs/VL53L8CX/VL53L8CX_ws/install/base_interfaces_demo/share/base_interfaces_demo/package.dsv'
[68.903s] INFO:colcon.colcon_core.shell:Creating package script '/home/cjs/VL53L8CX/VL53L8CX_ws/install/base_interfaces_demo/share/base_interfaces_demo/package.sh'
[68.904s] INFO:colcon.colcon_core.shell:Creating package script '/home/cjs/VL53L8CX/VL53L8CX_ws/install/base_interfaces_demo/share/base_interfaces_demo/package.bash'
[68.905s] INFO:colcon.colcon_core.shell:Creating package script '/home/cjs/VL53L8CX/VL53L8CX_ws/install/base_interfaces_demo/share/base_interfaces_demo/package.zsh'
[68.906s] Level 1:colcon.colcon_core.environment:create_file_with_runtime_dependencies(/home/cjs/VL53L8CX/VL53L8CX_ws/install/base_interfaces_demo/share/colcon-core/packages/base_interfaces_demo)
[68.909s] INFO:colcon.colcon_ros.task.ament_cmake.build:Building ROS package in '/home/cjs/VL53L8CX/VL53L8CX_ws/src/tof_sensor_package' with build type 'ament_cmake'
[68.909s] INFO:colcon.colcon_cmake.task.cmake.build:Building CMake package in '/home/cjs/VL53L8CX/VL53L8CX_ws/src/tof_sensor_package'
[68.910s] INFO:colcon.colcon_core.shell:Skip shell extension 'powershell' for command environment: Not usable outside of PowerShell
[68.910s] DEBUG:colcon.colcon_core.shell:Skip shell extension 'dsv' for command environment
[68.982s] DEBUG:colcon.colcon_core.event_handler.log_command:Invoking command in '/home/cjs/VL53L8CX/VL53L8CX_ws/build/tof_sensor_package': AMENT_PREFIX_PATH=/home/cjs/VL53L8CX/VL53L8CX_ws/install/base_interfaces_demo:${AMENT_PREFIX_PATH} CMAKE_PREFIX_PATH=/home/cjs/VL53L8CX/VL53L8CX_ws/install/base_interfaces_demo:/opt/ros/foxy LD_LIBRARY_PATH=/home/cjs/VL53L8CX/VL53L8CX_ws/install/base_interfaces_demo/lib:${LD_LIBRARY_PATH} PYTHONPATH=/home/cjs/VL53L8CX/VL53L8CX_ws/install/base_interfaces_demo/lib/python3.8/site-packages:${PYTHONPATH} /usr/bin/cmake --build /home/cjs/VL53L8CX/VL53L8CX_ws/build/tof_sensor_package -- -j4 -l4
[84.178s] DEBUG:colcon.colcon_core.event_handler.log_command:Invoked command in '/home/cjs/VL53L8CX/VL53L8CX_ws/build/tof_sensor_package' returned '0': AMENT_PREFIX_PATH=/home/cjs/VL53L8CX/VL53L8CX_ws/install/base_interfaces_demo:${AMENT_PREFIX_PATH} CMAKE_PREFIX_PATH=/home/cjs/VL53L8CX/VL53L8CX_ws/install/base_interfaces_demo:/opt/ros/foxy LD_LIBRARY_PATH=/home/cjs/VL53L8CX/VL53L8CX_ws/install/base_interfaces_demo/lib:${LD_LIBRARY_PATH} PYTHONPATH=/home/cjs/VL53L8CX/VL53L8CX_ws/install/base_interfaces_demo/lib/python3.8/site-packages:${PYTHONPATH} /usr/bin/cmake --build /home/cjs/VL53L8CX/VL53L8CX_ws/build/tof_sensor_package -- -j4 -l4
[84.313s] DEBUG:colcon.colcon_core.event_handler.log_command:Invoking command in '/home/cjs/VL53L8CX/VL53L8CX_ws/build/tof_sensor_package': AMENT_PREFIX_PATH=/home/cjs/VL53L8CX/VL53L8CX_ws/install/base_interfaces_demo:${AMENT_PREFIX_PATH} CMAKE_PREFIX_PATH=/home/cjs/VL53L8CX/VL53L8CX_ws/install/base_interfaces_demo:/opt/ros/foxy LD_LIBRARY_PATH=/home/cjs/VL53L8CX/VL53L8CX_ws/install/base_interfaces_demo/lib:${LD_LIBRARY_PATH} PYTHONPATH=/home/cjs/VL53L8CX/VL53L8CX_ws/install/base_interfaces_demo/lib/python3.8/site-packages:${PYTHONPATH} /usr/bin/cmake --install /home/cjs/VL53L8CX/VL53L8CX_ws/build/tof_sensor_package
[84.351s] Level 1:colcon.colcon_core.environment:create_environment_scripts_only(tof_sensor_package)
[84.353s] Level 1:colcon.colcon_core.environment:checking '/home/cjs/VL53L8CX/VL53L8CX_ws/install/tof_sensor_package' for CMake module files
[84.355s] DEBUG:colcon.colcon_core.event_handler.log_command:Invoked command in '/home/cjs/VL53L8CX/VL53L8CX_ws/build/tof_sensor_package' returned '0': AMENT_PREFIX_PATH=/home/cjs/VL53L8CX/VL53L8CX_ws/install/base_interfaces_demo:${AMENT_PREFIX_PATH} CMAKE_PREFIX_PATH=/home/cjs/VL53L8CX/VL53L8CX_ws/install/base_interfaces_demo:/opt/ros/foxy LD_LIBRARY_PATH=/home/cjs/VL53L8CX/VL53L8CX_ws/install/base_interfaces_demo/lib:${LD_LIBRARY_PATH} PYTHONPATH=/home/cjs/VL53L8CX/VL53L8CX_ws/install/base_interfaces_demo/lib/python3.8/site-packages:${PYTHONPATH} /usr/bin/cmake --install /home/cjs/VL53L8CX/VL53L8CX_ws/build/tof_sensor_package
[84.356s] Level 1:colcon.colcon_core.environment:checking '/home/cjs/VL53L8CX/VL53L8CX_ws/install/tof_sensor_package' for CMake config files
[84.358s] Level 1:colcon.colcon_core.shell:create_environment_hook('tof_sensor_package', 'cmake_prefix_path')
[84.360s] INFO:colcon.colcon_core.shell:Creating environment hook '/home/cjs/VL53L8CX/VL53L8CX_ws/install/tof_sensor_package/share/tof_sensor_package/hook/cmake_prefix_path.ps1'
[84.364s] INFO:colcon.colcon_core.shell:Creating environment descriptor '/home/cjs/VL53L8CX/VL53L8CX_ws/install/tof_sensor_package/share/tof_sensor_package/hook/cmake_prefix_path.dsv'
[84.365s] INFO:colcon.colcon_core.shell:Creating environment hook '/home/cjs/VL53L8CX/VL53L8CX_ws/install/tof_sensor_package/share/tof_sensor_package/hook/cmake_prefix_path.sh'
[84.367s] Level 1:colcon.colcon_core.environment:checking '/home/cjs/VL53L8CX/VL53L8CX_ws/install/tof_sensor_package/lib'
[84.367s] Level 1:colcon.colcon_core.environment:checking '/home/cjs/VL53L8CX/VL53L8CX_ws/install/tof_sensor_package/bin'
[84.367s] Level 1:colcon.colcon_core.environment:checking '/home/cjs/VL53L8CX/VL53L8CX_ws/install/tof_sensor_package/lib/pkgconfig/tof_sensor_package.pc'
[84.368s] Level 1:colcon.colcon_core.environment:checking '/home/cjs/VL53L8CX/VL53L8CX_ws/install/tof_sensor_package/lib/python3.8/site-packages'
[84.369s] Level 1:colcon.colcon_core.environment:checking '/home/cjs/VL53L8CX/VL53L8CX_ws/install/tof_sensor_package/bin'
[84.369s] INFO:colcon.colcon_core.shell:Creating package script '/home/cjs/VL53L8CX/VL53L8CX_ws/install/tof_sensor_package/share/tof_sensor_package/package.ps1'
[84.371s] INFO:colcon.colcon_core.shell:Creating package descriptor '/home/cjs/VL53L8CX/VL53L8CX_ws/install/tof_sensor_package/share/tof_sensor_package/package.dsv'
[84.372s] INFO:colcon.colcon_core.shell:Creating package script '/home/cjs/VL53L8CX/VL53L8CX_ws/install/tof_sensor_package/share/tof_sensor_package/package.sh'
[84.373s] INFO:colcon.colcon_core.shell:Creating package script '/home/cjs/VL53L8CX/VL53L8CX_ws/install/tof_sensor_package/share/tof_sensor_package/package.bash'
[84.374s] INFO:colcon.colcon_core.shell:Creating package script '/home/cjs/VL53L8CX/VL53L8CX_ws/install/tof_sensor_package/share/tof_sensor_package/package.zsh'
[84.375s] Level 1:colcon.colcon_core.environment:create_file_with_runtime_dependencies(/home/cjs/VL53L8CX/VL53L8CX_ws/install/tof_sensor_package/share/colcon-core/packages/tof_sensor_package)
[84.515s] Level 1:colcon.colcon_core.environment:create_environment_scripts_only(tof_sensor_package)
[84.517s] Level 1:colcon.colcon_core.environment:checking '/home/cjs/VL53L8CX/VL53L8CX_ws/install/tof_sensor_package' for CMake module files
[84.518s] Level 1:colcon.colcon_core.environment:checking '/home/cjs/VL53L8CX/VL53L8CX_ws/install/tof_sensor_package' for CMake config files
[84.519s] Level 1:colcon.colcon_core.shell:create_environment_hook('tof_sensor_package', 'cmake_prefix_path')
[84.519s] INFO:colcon.colcon_core.shell:Creating environment hook '/home/cjs/VL53L8CX/VL53L8CX_ws/install/tof_sensor_package/share/tof_sensor_package/hook/cmake_prefix_path.ps1'
[84.521s] INFO:colcon.colcon_core.shell:Creating environment descriptor '/home/cjs/VL53L8CX/VL53L8CX_ws/install/tof_sensor_package/share/tof_sensor_package/hook/cmake_prefix_path.dsv'
[84.522s] INFO:colcon.colcon_core.shell:Creating environment hook '/home/cjs/VL53L8CX/VL53L8CX_ws/install/tof_sensor_package/share/tof_sensor_package/hook/cmake_prefix_path.sh'
[84.524s] Level 1:colcon.colcon_core.environment:checking '/home/cjs/VL53L8CX/VL53L8CX_ws/install/tof_sensor_package/lib'
[84.524s] Level 1:colcon.colcon_core.environment:checking '/home/cjs/VL53L8CX/VL53L8CX_ws/install/tof_sensor_package/bin'
[84.524s] Level 1:colcon.colcon_core.environment:checking '/home/cjs/VL53L8CX/VL53L8CX_ws/install/tof_sensor_package/lib/pkgconfig/tof_sensor_package.pc'
[84.525s] Level 1:colcon.colcon_core.environment:checking '/home/cjs/VL53L8CX/VL53L8CX_ws/install/tof_sensor_package/lib/python3.8/site-packages'
[84.525s] Level 1:colcon.colcon_core.environment:checking '/home/cjs/VL53L8CX/VL53L8CX_ws/install/tof_sensor_package/bin'
[84.526s] INFO:colcon.colcon_core.shell:Creating package script '/home/cjs/VL53L8CX/VL53L8CX_ws/install/tof_sensor_package/share/tof_sensor_package/package.ps1'
[84.527s] INFO:colcon.colcon_core.shell:Creating package descriptor '/home/cjs/VL53L8CX/VL53L8CX_ws/install/tof_sensor_package/share/tof_sensor_package/package.dsv'
[84.528s] INFO:colcon.colcon_core.shell:Creating package script '/home/cjs/VL53L8CX/VL53L8CX_ws/install/tof_sensor_package/share/tof_sensor_package/package.sh'
[84.529s] INFO:colcon.colcon_core.shell:Creating package script '/home/cjs/VL53L8CX/VL53L8CX_ws/install/tof_sensor_package/share/tof_sensor_package/package.bash'
[84.530s] INFO:colcon.colcon_core.shell:Creating package script '/home/cjs/VL53L8CX/VL53L8CX_ws/install/tof_sensor_package/share/tof_sensor_package/package.zsh'
[84.531s] Level 1:colcon.colcon_core.environment:create_file_with_runtime_dependencies(/home/cjs/VL53L8CX/VL53L8CX_ws/install/tof_sensor_package/share/colcon-core/packages/tof_sensor_package)
[84.533s] DEBUG:colcon.colcon_parallel_executor.executor.parallel:closing loop
[84.534s] DEBUG:colcon.colcon_parallel_executor.executor.parallel:loop closed
[84.534s] DEBUG:colcon.colcon_parallel_executor.executor.parallel:run_until_complete finished with '0'
[84.534s] DEBUG:colcon.colcon_core.event_reactor:joining thread
[84.575s] INFO:colcon.colcon_core.plugin_system:Skipping extension 'colcon_notification.desktop_notification.terminal_notifier': Not used on non-Darwin systems
[84.575s] INFO:colcon.colcon_core.plugin_system:Skipping extension 'colcon_notification.desktop_notification.win32': Not used on non-Windows systems
[84.575s] INFO:colcon.colcon_notification.desktop_notification:Sending desktop notification using 'notify2'
[84.750s] DEBUG:colcon.colcon_core.event_reactor:joined thread
[84.750s] INFO:colcon.colcon_core.shell:Creating prefix script '/home/cjs/VL53L8CX/VL53L8CX_ws/install/local_setup.ps1'
[84.754s] INFO:colcon.colcon_core.shell:Creating prefix util module '/home/cjs/VL53L8CX/VL53L8CX_ws/install/_local_setup_util_ps1.py'
[84.757s] INFO:colcon.colcon_core.shell:Creating prefix chain script '/home/cjs/VL53L8CX/VL53L8CX_ws/install/setup.ps1'
[84.760s] INFO:colcon.colcon_core.shell:Creating prefix script '/home/cjs/VL53L8CX/VL53L8CX_ws/install/local_setup.sh'
[84.762s] INFO:colcon.colcon_core.shell:Creating prefix util module '/home/cjs/VL53L8CX/VL53L8CX_ws/install/_local_setup_util_sh.py'
[84.764s] INFO:colcon.colcon_core.shell:Creating prefix chain script '/home/cjs/VL53L8CX/VL53L8CX_ws/install/setup.sh'
[84.768s] INFO:colcon.colcon_core.shell:Creating prefix script '/home/cjs/VL53L8CX/VL53L8CX_ws/install/local_setup.bash'
[84.770s] INFO:colcon.colcon_core.shell:Creating prefix chain script '/home/cjs/VL53L8CX/VL53L8CX_ws/install/setup.bash'
[84.772s] INFO:colcon.colcon_core.shell:Creating prefix script '/home/cjs/VL53L8CX/VL53L8CX_ws/install/local_setup.zsh'
[84.774s] INFO:colcon.colcon_core.shell:Creating prefix chain script '/home/cjs/VL53L8CX/VL53L8CX_ws/install/setup.zsh'
