Traceback (most recent call last):
  File "/opt/ros/foxy/share/rosidl_generator_c/cmake/../../../lib/rosidl_generator_c/rosidl_generator_c", line 8, in <module>
Traceback (most recent call last):
  File "/opt/ros/foxy/share/rosidl_generator_cpp/cmake/../../../lib/rosidl_generator_cpp/rosidl_generator_cpp", line 8, in <module>
    from rosidl_generator_cpp import generate_cpp
  File "/opt/ros/foxy/lib/python3.8/site-packages/rosidl_generator_cpp/__init__.py", line 17, in <module>
    from rosidl_generator_c import generate_c
  File "/opt/ros/foxy/lib/python3.8/site-packages/rosidl_generator_c/__init__.py", line 15, in <module>
    from rosidl_cmake import generate_files
  File "/opt/ros/foxy/lib/python3.8/site-packages/rosidl_cmake/__init__.py", line 22, in <module>
    import em
  File "/usr/lib/python3/dist-packages/em.py", line 20, in <module>
    from rosidl_cmake import convert_camel_case_to_lower_case_underscore
  File "/opt/ros/foxy/lib/python3.8/site-packages/rosidl_cmake/__init__.py", line 24, in <module>
    from rosidl_parser.parser import parse_idl_file
  File "/opt/ros/foxy/lib/python3.8/site-packages/rosidl_parser/parser.py", line 20, in <module>
    from lark import Lark
  File "/usr/lib/python3/dist-packages/lark/__init__.py", line 6, in <module>
    import inspect
  File "/usr/lib/python3.8/inspect.py", line 40, in <module>
    import linecache
  File "/usr/lib/python3.8/linecache.py", line 11, in <module>
    import tokenize
  File "/usr/lib/python3.8/tokenize.py", line 121, in <module>
    from .lark import Lark
  File "/usr/lib/python3/dist-packages/lark/lark.py", line 7, in <module>
    Special = group(*map(re.escape, sorted(EXACT_TOKEN_TYPES, reverse=True)))
  File "/usr/lib/python3.8/tokenize.py", line 58, in group
    def group(*choices): return '(' + '|'.join(choices) + ')'
KeyboardInterrupt
    from .load_grammar import load_grammar
  File "/usr/lib/python3/dist-packages/lark/load_grammar.py", line 12, in <module>
    from .parser_frontends import LALR_TraditionalLexer
  File "/usr/lib/python3/dist-packages/lark/parser_frontends.py", line 7, in <module>
    from .parsers import earley, xearley, cyk
  File "<frozen importlib._bootstrap>", line 991, in _find_and_load
  File "<frozen importlib._bootstrap>", line 975, in _find_and_load_unlocked
  File "<frozen importlib._bootstrap>", line 671, in _load_unlocked
  File "<frozen importlib._bootstrap_external>", line 844, in exec_module
  File "<frozen importlib._bootstrap_external>", line 939, in get_code
  File "<frozen importlib._bootstrap_external>", line 1038, in get_data
KeyboardInterrupt
make[2]: *** [CMakeFiles/base_interfaces_demo__cpp.dir/build.make:97: rosidl_generator_cpp/base_interfaces_demo/msg/location.hpp] Interrupt
make[1]: *** [CMakeFiles/Makefile2:496: CMakeFiles/base_interfaces_demo__cpp.dir/all] Interrupt
make[2]: *** [CMakeFiles/base_interfaces_demo__rosidl_generator_c.dir/build.make:77: rosidl_generator_c/base_interfaces_demo/msg/location.h] Interrupt
make[1]: *** [CMakeFiles/Makefile2:304: CMakeFiles/base_interfaces_demo__rosidl_generator_c.dir/all] Interrupt
make: *** [Makefile:141: all] Interrupt
