-- The C compiler identification is GNU 9.4.0
-- The CXX compiler identification is GNU 9.4.0
-- Check for working C compiler: /usr/bin/cc
-- Check for working C compiler: /usr/bin/cc -- works
-- Detecting C compiler ABI info
-- Detecting C compiler ABI info - done
-- Detecting C compile features
-- Detecting C compile features - done
-- Check for working CXX compiler: /usr/bin/c++
-- Check for working CXX compiler: /usr/bin/c++ -- works
-- Detecting CXX compiler ABI info
-- Detecting CXX compiler ABI info - done
-- Detecting CXX compile features
-- Detecting CXX compile features - done
-- Found ament_cmake: 0.9.12 (/opt/ros/foxy/share/ament_cmake/cmake)
-- Found PythonInterp: /usr/bin/python3 (found suitable version "3.8.10", minimum required is "3") 
-- Using PYTHON_EXECUTABLE: /usr/bin/python3
-- Found rclcpp: 2.4.3 (/opt/ros/foxy/share/rclcpp/cmake)
-- Using all available rosidl_typesupport_c: rosidl_typesupport_fastrtps_c;rosidl_typesupport_introspection_c
-- Found rosidl_adapter: 1.3.1 (/opt/ros/foxy/share/rosidl_adapter/cmake)
-- Found OpenSSL: /usr/lib/x86_64-linux-gnu/libcrypto.so (found version "1.1.1f")  
-- Found FastRTPS: /opt/ros/foxy/include  
-- Using all available rosidl_typesupport_cpp: rosidl_typesupport_fastrtps_cpp;rosidl_typesupport_introspection_cpp
-- Found rmw_implementation_cmake: 1.0.4 (/opt/ros/foxy/share/rmw_implementation_cmake/cmake)
-- Using RMW implementation 'rmw_fastrtps_cpp' as default
-- Looking for pthread.h
-- Looking for pthread.h - found
-- Performing Test CMAKE_HAVE_LIBC_PTHREAD
-- Performing Test CMAKE_HAVE_LIBC_PTHREAD - Failed
-- Looking for pthread_create in pthreads
-- Looking for pthread_create in pthreads - not found
-- Looking for pthread_create in pthread
-- Looking for pthread_create in pthread - found
-- Found Threads: TRUE  
-- Found rosidl_default_generators: 1.0.1 (/opt/ros/foxy/share/rosidl_default_generators/cmake)
-- Found PythonInterp: /usr/bin/python3 (found version "3.8.10") 
-- Found ament_cmake_ros: 0.9.2 (/opt/ros/foxy/share/ament_cmake_ros/cmake)
-- Using all available rosidl_typesupport_c: rosidl_typesupport_fastrtps_c;rosidl_typesupport_introspection_c
-- Using all available rosidl_typesupport_cpp: rosidl_typesupport_fastrtps_cpp;rosidl_typesupport_introspection_cpp
-- Found PythonInterp: /usr/bin/python3 (found suitable version "3.8.10", minimum required is "3.5") 
-- Found python_cmake_module: 0.8.1 (/opt/ros/foxy/share/python_cmake_module/cmake)
-- Found PythonLibs: /usr/lib/x86_64-linux-gnu/libpython3.8.so (found suitable version "3.8.10", minimum required is "3.5") 
-- Using PYTHON_EXECUTABLE: /usr/bin/python3
-- Using PYTHON_INCLUDE_DIRS: /usr/include/python3.8
-- Using PYTHON_LIBRARIES: /usr/lib/x86_64-linux-gnu/libpython3.8.so
-- Found PythonExtra: .so  
-- Found ament_lint_auto: 0.9.8 (/opt/ros/foxy/share/ament_lint_auto/cmake)
-- Added test 'copyright' to check source files copyright and LICENSE
-- Added test 'lint_cmake' to check CMake code style
-- Added test 'xmllint' to check XML markup files
-- Configuring done
-- Generating done
-- Build files have been written to: /home/cjs/VL53L8CX/build/base_interfaces_demo
[35m[1mScanning dependencies of target base_interfaces_demo__cpp[0m
[  2%] [34m[1mGenerating C code for ROS interfaces[0m
[  4%] [34m[1mGenerating C++ code for ROS interfaces[0m
Traceback (most recent call last):
  File "/opt/ros/foxy/share/rosidl_generator_c/cmake/../../../lib/rosidl_generator_c/rosidl_generator_c", line 8, in <module>
Traceback (most recent call last):
  File "/opt/ros/foxy/share/rosidl_generator_cpp/cmake/../../../lib/rosidl_generator_cpp/rosidl_generator_cpp", line 8, in <module>
    from rosidl_generator_cpp import generate_cpp
  File "/opt/ros/foxy/lib/python3.8/site-packages/rosidl_generator_cpp/__init__.py", line 17, in <module>
    from rosidl_generator_c import generate_c
  File "/opt/ros/foxy/lib/python3.8/site-packages/rosidl_generator_c/__init__.py", line 15, in <module>
    from rosidl_cmake import generate_files
  File "/opt/ros/foxy/lib/python3.8/site-packages/rosidl_cmake/__init__.py", line 22, in <module>
    import em
  File "/usr/lib/python3/dist-packages/em.py", line 20, in <module>
    from rosidl_cmake import convert_camel_case_to_lower_case_underscore
  File "/opt/ros/foxy/lib/python3.8/site-packages/rosidl_cmake/__init__.py", line 24, in <module>
    from rosidl_parser.parser import parse_idl_file
  File "/opt/ros/foxy/lib/python3.8/site-packages/rosidl_parser/parser.py", line 20, in <module>
    from lark import Lark
  File "/usr/lib/python3/dist-packages/lark/__init__.py", line 6, in <module>
    import inspect
  File "/usr/lib/python3.8/inspect.py", line 40, in <module>
    import linecache
  File "/usr/lib/python3.8/linecache.py", line 11, in <module>
    import tokenize
  File "/usr/lib/python3.8/tokenize.py", line 121, in <module>
    from .lark import Lark
  File "/usr/lib/python3/dist-packages/lark/lark.py", line 7, in <module>
    Special = group(*map(re.escape, sorted(EXACT_TOKEN_TYPES, reverse=True)))
  File "/usr/lib/python3.8/tokenize.py", line 58, in group
    def group(*choices): return '(' + '|'.join(choices) + ')'
KeyboardInterrupt
    from .load_grammar import load_grammar
  File "/usr/lib/python3/dist-packages/lark/load_grammar.py", line 12, in <module>
    from .parser_frontends import LALR_TraditionalLexer
  File "/usr/lib/python3/dist-packages/lark/parser_frontends.py", line 7, in <module>
    from .parsers import earley, xearley, cyk
  File "<frozen importlib._bootstrap>", line 991, in _find_and_load
  File "<frozen importlib._bootstrap>", line 975, in _find_and_load_unlocked
  File "<frozen importlib._bootstrap>", line 671, in _load_unlocked
  File "<frozen importlib._bootstrap_external>", line 844, in exec_module
  File "<frozen importlib._bootstrap_external>", line 939, in get_code
  File "<frozen importlib._bootstrap_external>", line 1038, in get_data
KeyboardInterrupt
make[2]: *** [CMakeFiles/base_interfaces_demo__cpp.dir/build.make:97: rosidl_generator_cpp/base_interfaces_demo/msg/location.hpp] Interrupt
make[1]: *** [CMakeFiles/Makefile2:496: CMakeFiles/base_interfaces_demo__cpp.dir/all] Interrupt
make[2]: *** [CMakeFiles/base_interfaces_demo__rosidl_generator_c.dir/build.make:77: rosidl_generator_c/base_interfaces_demo/msg/location.h] Interrupt
make[1]: *** [CMakeFiles/Makefile2:304: CMakeFiles/base_interfaces_demo__rosidl_generator_c.dir/all] Interrupt
make: *** [Makefile:141: all] Interrupt
