[0.041s] Invoking command in '/home/cjs/VL53L8CX/build/base_interfaces_demo': CMAKE_PREFIX_PATH=/opt/ros/foxy /usr/bin/cmake /home/cjs/VL53L8CX/VL53L8CX_ws/src/base_interfaces_demo -DCMAKE_INSTALL_PREFIX=/home/cjs/VL53L8CX/install/base_interfaces_demo
[0.534s] -- The C compiler identification is GNU 9.4.0
[0.797s] -- The CXX compiler identification is GNU 9.4.0
[0.819s] -- Check for working C compiler: /usr/bin/cc
[1.179s] -- Check for working C compiler: /usr/bin/cc -- works
[1.187s] -- Detecting C compiler ABI info
[1.486s] -- Detecting C compiler ABI info - done
[1.513s] -- Detecting C compile features
[1.515s] -- Detecting C compile features - done
[1.523s] -- Check for working CXX compiler: /usr/bin/c++
[1.857s] -- Check for working CXX compiler: /usr/bin/c++ -- works
[1.859s] -- Detecting CXX compiler ABI info
[2.158s] -- Detecting CXX compiler ABI info - done
[2.173s] -- Detecting CXX compile features
[2.175s] -- Detecting CXX compile features - done
[2.182s] -- Found ament_cmake: 0.9.12 (/opt/ros/foxy/share/ament_cmake/cmake)
[2.231s] -- Found PythonInterp: /usr/bin/python3 (found suitable version "3.8.10", minimum required is "3") 
[2.232s] -- Using PYTHON_EXECUTABLE: /usr/bin/python3
[2.641s] -- Found rclcpp: 2.4.3 (/opt/ros/foxy/share/rclcpp/cmake)
[2.747s] -- Using all available rosidl_typesupport_c: rosidl_typesupport_fastrtps_c;rosidl_typesupport_introspection_c
[2.767s] -- Found rosidl_adapter: 1.3.1 (/opt/ros/foxy/share/rosidl_adapter/cmake)
[3.125s] -- Found OpenSSL: /usr/lib/x86_64-linux-gnu/libcrypto.so (found version "1.1.1f")  
[3.186s] -- Found FastRTPS: /opt/ros/foxy/include  
[3.354s] -- Using all available rosidl_typesupport_cpp: rosidl_typesupport_fastrtps_cpp;rosidl_typesupport_introspection_cpp
[3.455s] -- Found rmw_implementation_cmake: 1.0.4 (/opt/ros/foxy/share/rmw_implementation_cmake/cmake)
[3.458s] -- Using RMW implementation 'rmw_fastrtps_cpp' as default
[3.466s] -- Looking for pthread.h
[3.734s] -- Looking for pthread.h - found
[3.735s] -- Performing Test CMAKE_HAVE_LIBC_PTHREAD
[4.059s] -- Performing Test CMAKE_HAVE_LIBC_PTHREAD - Failed
[4.061s] -- Looking for pthread_create in pthreads
[4.316s] -- Looking for pthread_create in pthreads - not found
[4.317s] -- Looking for pthread_create in pthread
[4.582s] -- Looking for pthread_create in pthread - found
[4.588s] -- Found Threads: TRUE  
[4.877s] -- Found rosidl_default_generators: 1.0.1 (/opt/ros/foxy/share/rosidl_default_generators/cmake)
[4.955s] -- Found PythonInterp: /usr/bin/python3 (found version "3.8.10") 
[5.241s] -- Found ament_cmake_ros: 0.9.2 (/opt/ros/foxy/share/ament_cmake_ros/cmake)
[5.470s] -- Using all available rosidl_typesupport_c: rosidl_typesupport_fastrtps_c;rosidl_typesupport_introspection_c
[5.493s] -- Using all available rosidl_typesupport_cpp: rosidl_typesupport_fastrtps_cpp;rosidl_typesupport_introspection_cpp
[5.545s] -- Found PythonInterp: /usr/bin/python3 (found suitable version "3.8.10", minimum required is "3.5") 
[5.548s] -- Found python_cmake_module: 0.8.1 (/opt/ros/foxy/share/python_cmake_module/cmake)
[5.616s] -- Found PythonLibs: /usr/lib/x86_64-linux-gnu/libpython3.8.so (found suitable version "3.8.10", minimum required is "3.5") 
[5.617s] -- Using PYTHON_EXECUTABLE: /usr/bin/python3
[5.617s] -- Using PYTHON_INCLUDE_DIRS: /usr/include/python3.8
[5.617s] -- Using PYTHON_LIBRARIES: /usr/lib/x86_64-linux-gnu/libpython3.8.so
[5.669s] -- Found PythonExtra: .so  
[5.769s] -- Found ament_lint_auto: 0.9.8 (/opt/ros/foxy/share/ament_lint_auto/cmake)
[5.819s] -- Added test 'copyright' to check source files copyright and LICENSE
[5.828s] -- Added test 'lint_cmake' to check CMake code style
[5.838s] -- Added test 'xmllint' to check XML markup files
[5.869s] -- Configuring done
[6.031s] -- Generating done
[6.040s] -- Build files have been written to: /home/cjs/VL53L8CX/build/base_interfaces_demo
[6.057s] Invoked command in '/home/cjs/VL53L8CX/build/base_interfaces_demo' returned '0': CMAKE_PREFIX_PATH=/opt/ros/foxy /usr/bin/cmake /home/cjs/VL53L8CX/VL53L8CX_ws/src/base_interfaces_demo -DCMAKE_INSTALL_PREFIX=/home/cjs/VL53L8CX/install/base_interfaces_demo
[6.069s] Invoking command in '/home/cjs/VL53L8CX/build/base_interfaces_demo': CMAKE_PREFIX_PATH=/opt/ros/foxy /usr/bin/cmake --build /home/cjs/VL53L8CX/build/base_interfaces_demo -- -j4 -l4
[6.254s] [35m[1mScanning dependencies of target base_interfaces_demo__cpp[0m
[6.258s] [  2%] [34m[1mGenerating C code for ROS interfaces[0m
[6.311s] [  4%] [34m[1mGenerating C++ code for ROS interfaces[0m
[6.394s] Traceback (most recent call last):
[6.394s]   File "/opt/ros/foxy/share/rosidl_generator_c/cmake/../../../lib/rosidl_generator_c/rosidl_generator_c", line 8, in <module>
[6.395s] Traceback (most recent call last):
[6.396s]   File "/opt/ros/foxy/share/rosidl_generator_cpp/cmake/../../../lib/rosidl_generator_cpp/rosidl_generator_cpp", line 8, in <module>
[6.396s]     from rosidl_generator_cpp import generate_cpp
[6.397s]   File "/opt/ros/foxy/lib/python3.8/site-packages/rosidl_generator_cpp/__init__.py", line 17, in <module>
[6.397s]     from rosidl_generator_c import generate_c
[6.397s]   File "/opt/ros/foxy/lib/python3.8/site-packages/rosidl_generator_c/__init__.py", line 15, in <module>
[6.398s]     from rosidl_cmake import generate_files
[6.398s]   File "/opt/ros/foxy/lib/python3.8/site-packages/rosidl_cmake/__init__.py", line 22, in <module>
[6.399s]     import em
[6.399s]   File "/usr/lib/python3/dist-packages/em.py", line 20, in <module>
[6.399s]     from rosidl_cmake import convert_camel_case_to_lower_case_underscore
[6.404s]   File "/opt/ros/foxy/lib/python3.8/site-packages/rosidl_cmake/__init__.py", line 24, in <module>
[6.404s]     from rosidl_parser.parser import parse_idl_file
[6.404s]   File "/opt/ros/foxy/lib/python3.8/site-packages/rosidl_parser/parser.py", line 20, in <module>
[6.404s]     from lark import Lark
[6.405s]   File "/usr/lib/python3/dist-packages/lark/__init__.py", line 6, in <module>
[6.405s]     import inspect
[6.405s]   File "/usr/lib/python3.8/inspect.py", line 40, in <module>
[6.406s]     import linecache
[6.406s]   File "/usr/lib/python3.8/linecache.py", line 11, in <module>
[6.406s]     import tokenize
[6.407s]   File "/usr/lib/python3.8/tokenize.py", line 121, in <module>
[6.407s]     from .lark import Lark
[6.408s]   File "/usr/lib/python3/dist-packages/lark/lark.py", line 7, in <module>
[6.410s]     Special = group(*map(re.escape, sorted(EXACT_TOKEN_TYPES, reverse=True)))
[6.410s]   File "/usr/lib/python3.8/tokenize.py", line 58, in group
[6.411s]     def group(*choices): return '(' + '|'.join(choices) + ')'
[6.411s] KeyboardInterrupt
[6.420s]     from .load_grammar import load_grammar
[6.420s]   File "/usr/lib/python3/dist-packages/lark/load_grammar.py", line 12, in <module>
[6.421s]     from .parser_frontends import LALR_TraditionalLexer
[6.421s]   File "/usr/lib/python3/dist-packages/lark/parser_frontends.py", line 7, in <module>
[6.425s]     from .parsers import earley, xearley, cyk
[6.425s]   File "<frozen importlib._bootstrap>", line 991, in _find_and_load
[6.425s]   File "<frozen importlib._bootstrap>", line 975, in _find_and_load_unlocked
[6.425s]   File "<frozen importlib._bootstrap>", line 671, in _load_unlocked
[6.425s]   File "<frozen importlib._bootstrap_external>", line 844, in exec_module
[6.425s]   File "<frozen importlib._bootstrap_external>", line 939, in get_code
[6.430s]   File "<frozen importlib._bootstrap_external>", line 1038, in get_data
[6.430s] KeyboardInterrupt
[6.431s] make[2]: *** [CMakeFiles/base_interfaces_demo__cpp.dir/build.make:97: rosidl_generator_cpp/base_interfaces_demo/msg/location.hpp] Interrupt
[6.431s] make[1]: *** [CMakeFiles/Makefile2:496: CMakeFiles/base_interfaces_demo__cpp.dir/all] Interrupt
[6.442s] make[2]: *** [CMakeFiles/base_interfaces_demo__rosidl_generator_c.dir/build.make:77: rosidl_generator_c/base_interfaces_demo/msg/location.h] Interrupt
[6.443s] make[1]: *** [CMakeFiles/Makefile2:304: CMakeFiles/base_interfaces_demo__rosidl_generator_c.dir/all] Interrupt
[6.452s] make: *** [Makefile:141: all] Interrupt
[6.452s] Invoked command in '/home/cjs/VL53L8CX/build/base_interfaces_demo' returned '-2': CMAKE_PREFIX_PATH=/opt/ros/foxy /usr/bin/cmake --build /home/cjs/VL53L8CX/build/base_interfaces_demo -- -j4 -l4
