[01m[K/home/cjs/VL53L8CX/VL53L8CX_ws/src/tof_sensor_package/src/vl53l8_oper.cpp:[m[K In constructor ‘[01m[KCVl53l8Oper::CVl53l8Oper(std::string)[m[K’:
[01m[K/home/cjs/VL53L8CX/VL53L8CX_ws/src/tof_sensor_package/src/vl53l8_oper.cpp:79:15:[m[K [01;31m[Kerror: [m[K‘[01m[Kclass CVl53l8Oper[m[K’ has no member named ‘[01m[KoperPort[m[K’; did you mean ‘[01m[KOpenPort[m[K’?
   79 |     if (this->[01;31m[KoperPort[m[K(portName))
      |               [01;31m[K^~~~~~~~[m[K
      |               [32m[KOpenPort[m[K
[01m[K/home/cjs/VL53L8CX/VL53L8CX_ws/src/tof_sensor_package/src/vl53l8_oper.cpp:81:19:[m[K [01;31m[Kerror: [m[K‘[01m[Kclass CVl53l8Oper[m[K’ has no member named ‘[01m[KsetPortProperty[m[K’
   81 |         if (this->[01;31m[KsetPortProperty[m[K(115200, 8, 'N', 1))
      |                   [01;31m[K^~~~~~~~~~~~~~~[m[K
[01m[K/home/cjs/VL53L8CX/VL53L8CX_ws/src/tof_sensor_package/src/vl53l8_oper.cpp:[m[K In member function ‘[01m[Kint CVl53l8Oper::OpenPort(std::string)[m[K’:
[01m[K/home/cjs/VL53L8CX/VL53L8CX_ws/src/tof_sensor_package/src/vl53l8_oper.cpp:113:39:[m[K [01;35m[Kwarning: [m[Kunused parameter ‘[01m[Kport[m[K’ [[01;35m[K-Wunused-parameter[m[K]
  113 | int CVl53l8Oper::OpenPort([01;35m[Kstd::string port[m[K) {
      |                           [01;35m[K~~~~~~~~~~~~^~~~[m[K
[01m[K/home/cjs/VL53L8CX/VL53L8CX_ws/src/tof_sensor_package/src/vl53l8_oper.cpp:[m[K In member function ‘[01m[Kvoid CVl53l8Oper::read_vl53l8_thread(int)[m[K’:
[01m[K/home/cjs/VL53L8CX/VL53L8CX_ws/src/tof_sensor_package/src/vl53l8_oper.cpp:161:5:[m[K [01;31m[Kerror: [m[K‘[01m[KUchar[m[K’ was not declared in this scope; did you mean ‘[01m[Kchar[m[K’?
  161 |     [01;31m[KUchar[m[K buf_1[] = {0x01, 0x03, 0x00, 0x00, 0x00, 0x40, 0x44, 0x3A};
      |     [01;31m[K^~~~~[m[K
      |     [32m[Kchar[m[K
[01m[K/home/cjs/VL53L8CX/VL53L8CX_ws/src/tof_sensor_package/src/vl53l8_oper.cpp:162:10:[m[K [01;31m[Kerror: [m[Kexpected ‘[01m[K;[m[K’ before ‘[01m[Kbuf_2[m[K’
  162 |     Uchar[01;31m[K [m[K[32m[Kbuf_2[m[K[] = {0x02, 0x03, 0x00, 0x00, 0x00, 0x40, 0x44, 0x09};
      |          [01;31m[K^[m[K[32m[K~~~~~[m[K
      |          [32m[K;[m[K
[01m[K/home/cjs/VL53L8CX/VL53L8CX_ws/src/tof_sensor_package/src/vl53l8_oper.cpp:218:21:[m[K [01;31m[Kerror: [m[K‘[01m[Kbuf_2[m[K’ was not declared in this scope
  218 |         setSendData([01;31m[Kbuf_2[m[K, sizeof(buf_2));
      |                     [01;31m[K^~~~~[m[K
[01m[K/home/cjs/VL53L8CX/VL53L8CX_ws/src/tof_sensor_package/src/vl53l8_oper.cpp:218:9:[m[K [01;31m[Kerror: [m[K‘[01m[KsetSendData[m[K’ was not declared in this scope
  218 |         [01;31m[KsetSendData[m[K(buf_2, sizeof(buf_2));
      |         [01;31m[K^~~~~~~~~~~[m[K
[01m[K/home/cjs/VL53L8CX/VL53L8CX_ws/src/tof_sensor_package/src/vl53l8_oper.cpp:219:23:[m[K [01;31m[Kerror: [m[K‘[01m[KSendResponse[m[K’ was not declared in this scope
  219 |         readWirtePort([01;31m[KSendResponse[m[K, 30000, nullptr);
      |                       [01;31m[K^~~~~~~~~~~~[m[K
[01m[K/home/cjs/VL53L8CX/VL53L8CX_ws/src/tof_sensor_package/src/vl53l8_oper.cpp:219:9:[m[K [01;31m[Kerror: [m[K‘[01m[KreadWirtePort[m[K’ was not declared in this scope
  219 |         [01;31m[KreadWirtePort[m[K(SendResponse, 30000, nullptr);
      |         [01;31m[K^~~~~~~~~~~~~[m[K
[01m[K/home/cjs/VL53L8CX/VL53L8CX_ws/src/tof_sensor_package/src/vl53l8_oper.cpp:156:42:[m[K [01;35m[Kwarning: [m[Kunused parameter ‘[01m[Kfd[m[K’ [[01;35m[K-Wunused-parameter[m[K]
  156 | void CVl53l8Oper::read_vl53l8_thread([01;35m[Kint fd[m[K) {
      |                                      [01;35m[K~~~~^~[m[K
[01m[K/home/cjs/VL53L8CX/VL53L8CX_ws/src/tof_sensor_package/src/vl53l8_oper.cpp:[m[K In member function ‘[01m[Kint CVl53l8Oper::parse_response(uint8_t*, int, int)[m[K’:
[01m[K/home/cjs/VL53L8CX/VL53L8CX_ws/src/tof_sensor_package/src/vl53l8_oper.cpp:224:42:[m[K [01;35m[Kwarning: [m[Kunused parameter ‘[01m[Kbuf[m[K’ [[01;35m[K-Wunused-parameter[m[K]
  224 | int CVl53l8Oper::parse_response([01;35m[Kuint8_t *buf[m[K, int len, int id) {
      |                                 [01;35m[K~~~~~~~~~^~~[m[K
[01m[K/home/cjs/VL53L8CX/VL53L8CX_ws/src/tof_sensor_package/src/vl53l8_oper.cpp:224:51:[m[K [01;35m[Kwarning: [m[Kunused parameter ‘[01m[Klen[m[K’ [[01;35m[K-Wunused-parameter[m[K]
  224 | int CVl53l8Oper::parse_response(uint8_t *buf, [01;35m[Kint len[m[K, int id) {
      |                                               [01;35m[K~~~~^~~[m[K
[01m[K/home/cjs/VL53L8CX/VL53L8CX_ws/src/tof_sensor_package/src/vl53l8_oper.cpp:224:60:[m[K [01;35m[Kwarning: [m[Kunused parameter ‘[01m[Kid[m[K’ [[01;35m[K-Wunused-parameter[m[K]
  224 | int CVl53l8Oper::parse_response(uint8_t *buf, int len, [01;35m[Kint id[m[K) {
      |                                                        [01;35m[K~~~~^~[m[K
[01m[K/home/cjs/VL53L8CX/VL53L8CX_ws/src/tof_sensor_package/src/vl53l8_oper.cpp:[m[K At global scope:
[01m[K/home/cjs/VL53L8CX/VL53L8CX_ws/src/tof_sensor_package/src/vl53l8_oper.cpp:269:5:[m[K [01;31m[Kerror: [m[Kno declaration matches ‘[01m[Kint CVl53l8Oper::parseAcceptData(void*)[m[K’
  269 | int [01;31m[KCVl53l8Oper[m[K::parseAcceptData(void* para) {
      |     [01;31m[K^~~~~~~~~~~[m[K
[01m[K/home/cjs/VL53L8CX/VL53L8CX_ws/src/tof_sensor_package/src/vl53l8_oper.cpp:269:5:[m[K [01;36m[Knote: [m[Kno functions named ‘[01m[Kint CVl53l8Oper::parseAcceptData(void*)[m[K’
In file included from [01m[K/home/cjs/VL53L8CX/VL53L8CX_ws/src/tof_sensor_package/src/vl53l8_oper.cpp:1[m[K:
[01m[K/home/cjs/VL53L8CX/VL53L8CX_ws/src/tof_sensor_package/src/vl53l8_oper.hpp:14:7:[m[K [01;36m[Knote: [m[K‘[01m[Kclass CVl53l8Oper[m[K’ defined here
   14 | class [01;36m[KCVl53l8Oper[m[K {
      |       [01;36m[K^~~~~~~~~~~[m[K
[01m[K/home/cjs/VL53L8CX/VL53L8CX_ws/src/tof_sensor_package/src/vl53l8_oper.cpp:[m[K In member function ‘[01m[Kint CVl53l8Oper::getTof(uint16_t*, int)[m[K’:
[01m[K/home/cjs/VL53L8CX/VL53L8CX_ws/src/tof_sensor_package/src/vl53l8_oper.cpp:318:62:[m[K [01;35m[Kwarning: [m[Ksuggest parentheses around ‘[01m[K&&[m[K’ within ‘[01m[K||[m[K’ [[01;35m[K-Wparentheses[m[K]
  318 |     if ((id == SLAVE_ID1 && !data_ready1) || [01;35m[Kid == SLAVE_ID2 && !data_ready2[m[K) {
      |                                              [01;35m[K~~~~~~~~~~~~~~~~^~~~~~~~~~~~~~~[m[K
make[2]: *** [CMakeFiles/pallet_detect_node.dir/build.make:76: CMakeFiles/pallet_detect_node.dir/src/vl53l8_oper.cpp.o] Error 1
make[2]: *** Waiting for unfinished jobs....
[01m[K/home/cjs/VL53L8CX/VL53L8CX_ws/src/tof_sensor_package/src/BestFit.cpp:[m[K In static member function ‘[01m[Kstatic std::pair<double, double> BestFit::analyze(const cv::Mat&, double)[m[K’:
[01m[K/home/cjs/VL53L8CX/VL53L8CX_ws/src/tof_sensor_package/src/BestFit.cpp:69:10:[m[K [01;35m[Kwarning: [m[Kstructured bindings only available with ‘[01m[K-std=c++17[m[K’ or ‘[01m[K-std=gnu++17[m[K’
   69 |     auto [01;35m[K[[m[Kcoefficients, inliers] = fitLineRANSAC(filteredBoundaryPoints);
      |          [01;35m[K^[m[K
[01m[K/home/cjs/VL53L8CX/VL53L8CX_ws/src/tof_sensor_package/src/pallet_detect_node.cpp:[m[K In member function ‘[01m[Kvoid PalletDetectNode::timer_callback()[m[K’:
[01m[K/home/cjs/VL53L8CX/VL53L8CX_ws/src/tof_sensor_package/src/pallet_detect_node.cpp:89:26:[m[K [01;35m[Kwarning: [m[Kstructured bindings only available with ‘[01m[K-std=c++17[m[K’ or ‘[01m[K-std=gnu++17[m[K’
   89 |                     auto [01;35m[K[[m[Kangle, drift] = BestFit::analyze(A, distance_threshold);
      |                          [01;35m[K^[m[K
make[1]: *** [CMakeFiles/Makefile2:78: CMakeFiles/pallet_detect_node.dir/all] Error 2
make: *** [Makefile:141: all] Error 2
