[0.046s] Invoking command in '/home/cjs/VL53L8CX/VL53L8CX_ws/build/base_interfaces_demo': CMAKE_PREFIX_PATH=/opt/ros/foxy /usr/bin/cmake --build /home/cjs/VL53L8CX/VL53L8CX_ws/build/base_interfaces_demo -- -j4 -l4
[0.216s] -- Found ament_cmake: 0.9.12 (/opt/ros/foxy/share/ament_cmake/cmake)
[0.279s] -- Found PythonInterp: /usr/bin/python3 (found suitable version "3.8.10", minimum required is "3") 
[0.280s] -- Using PYTHON_EXECUTABLE: /usr/bin/python3
[0.670s] -- Found rclcpp: 2.4.3 (/opt/ros/foxy/share/rclcpp/cmake)
[0.743s] -- Using all available rosidl_typesupport_c: rosidl_typesupport_fastrtps_c;rosidl_typesupport_introspection_c
[0.750s] -- Found rosidl_adapter: 1.3.1 (/opt/ros/foxy/share/rosidl_adapter/cmake)
[1.008s] -- Using all available rosidl_typesupport_cpp: rosidl_typesupport_fastrtps_cpp;rosidl_typesupport_introspection_cpp
[1.121s] -- Found rmw_implementation_cmake: 1.0.4 (/opt/ros/foxy/share/rmw_implementation_cmake/cmake)
[1.125s] -- Using RMW implementation 'rmw_fastrtps_cpp' as default
[1.399s] -- Found rosidl_default_generators: 1.0.1 (/opt/ros/foxy/share/rosidl_default_generators/cmake)
[1.420s] CMake Error at /opt/ros/foxy/share/rosidl_cmake/cmake/rosidl_generate_interfaces.cmake:93 (message):
[1.420s]   rosidl_generate_interfaces() the passed file 'srv/PubCode.srv' doesn't
[1.421s]   exist relative to the CMAKE_CURRENT_SOURCE_DIR
[1.421s]   '/home/cjs/VL53L8CX/VL53L8CX_ws/src/base_interfaces_demo'
[1.421s] Call Stack (most recent call first):
[1.421s]   CMakeLists.txt:22 (rosidl_generate_interfaces)
[1.421s] 
[1.421s] 
[1.428s] -- Configuring incomplete, errors occurred!
[1.429s] See also "/home/cjs/VL53L8CX/VL53L8CX_ws/build/base_interfaces_demo/CMakeFiles/CMakeOutput.log".
[1.429s] See also "/home/cjs/VL53L8CX/VL53L8CX_ws/build/base_interfaces_demo/CMakeFiles/CMakeError.log".
[1.452s] make: *** [Makefile:1228: cmake_check_build_system] Error 1
[1.468s] Invoked command in '/home/cjs/VL53L8CX/VL53L8CX_ws/build/base_interfaces_demo' returned '2': CMAKE_PREFIX_PATH=/opt/ros/foxy /usr/bin/cmake --build /home/cjs/VL53L8CX/VL53L8CX_ws/build/base_interfaces_demo -- -j4 -l4
