[0.763s] DEBUG:colcon:Command line arguments: ['/usr/bin/colcon', 'build', '--packages-select', 'tof_sensor_package']
[0.763s] DEBUG:colcon:Parsed command line arguments: Namespace(allow_overriding=[], ament_cmake_args=None, base_paths=['.'], build_base='build', catkin_cmake_args=None, catkin_skip_building_tests=False, cmake_args=None, cmake_clean_cache=False, cmake_clean_first=False, cmake_force_configure=False, cmake_target=None, cmake_target_skip_unavailable=False, continue_on_error=False, event_handlers=None, executor='parallel', ignore_user_meta=False, install_base='install', log_base=None, log_level=None, main=<bound method BuildVerb.main of <colcon_core.verb.build.BuildVerb object at 0x7fdf2c535310>>, merge_install=False, metas=['./colcon.meta'], mixin=None, mixin_files=None, mixin_verb=('build',), packages_above=None, packages_above_and_dependencies=None, packages_above_depth=None, packages_end=None, packages_ignore=None, packages_ignore_regex=None, packages_select=['tof_sensor_package'], packages_select_build_failed=False, packages_select_by_dep=None, packages_select_regex=None, packages_select_test_failures=False, packages_skip=None, packages_skip_build_finished=False, packages_skip_by_dep=None, packages_skip_regex=None, packages_skip_test_passed=False, packages_skip_up_to=None, packages_start=None, packages_up_to=None, packages_up_to_regex=None, parallel_workers=4, paths=None, symlink_install=False, test_result_base=None, verb_extension=<colcon_core.verb.build.BuildVerb object at 0x7fdf2c535310>, verb_name='build', verb_parser=<colcon_mixin.mixin.mixin_argument.MixinArgumentDecorator object at 0x7fdf2c4965b0>)
[1.107s] Level 1:colcon.colcon_core.package_discovery:discover_packages(colcon_meta) check parameters
[1.108s] Level 1:colcon.colcon_core.package_discovery:discover_packages(recursive) check parameters
[1.108s] Level 1:colcon.colcon_core.package_discovery:discover_packages(ignore) check parameters
[1.108s] Level 1:colcon.colcon_core.package_discovery:discover_packages(path) check parameters
[1.108s] Level 1:colcon.colcon_core.package_discovery:discover_packages(colcon_meta) discover
[1.108s] Level 1:colcon.colcon_core.package_discovery:discover_packages(recursive) discover
[1.108s] INFO:colcon.colcon_core.package_discovery:Crawling recursively for packages in '/home/cjs/VL53L8CX/VL53L8CX_ws'
[1.108s] Level 1:colcon.colcon_core.package_identification:_identify(.) by extensions ['ignore', 'ignore_ament_install']
[1.108s] Level 1:colcon.colcon_core.package_identification:_identify(.) by extension 'ignore'
[1.108s] Level 1:colcon.colcon_core.package_identification:_identify(.) by extension 'ignore_ament_install'
[1.108s] Level 1:colcon.colcon_core.package_identification:_identify(.) by extensions ['colcon_pkg']
[1.108s] Level 1:colcon.colcon_core.package_identification:_identify(.) by extension 'colcon_pkg'
[1.108s] Level 1:colcon.colcon_core.package_identification:_identify(.) by extensions ['colcon_meta']
[1.109s] Level 1:colcon.colcon_core.package_identification:_identify(.) by extension 'colcon_meta'
[1.109s] Level 1:colcon.colcon_core.package_identification:_identify(.) by extensions ['ros']
[1.109s] Level 1:colcon.colcon_core.package_identification:_identify(.) by extension 'ros'
[1.137s] Level 1:colcon.colcon_core.package_identification:_identify(.) by extensions ['cmake', 'python']
[1.137s] Level 1:colcon.colcon_core.package_identification:_identify(.) by extension 'cmake'
[1.137s] Level 1:colcon.colcon_core.package_identification:_identify(.) by extension 'python'
[1.138s] Level 1:colcon.colcon_core.package_identification:_identify(.) by extensions ['python_setup_py']
[1.138s] Level 1:colcon.colcon_core.package_identification:_identify(.) by extension 'python_setup_py'
[1.138s] Level 1:colcon.colcon_core.package_identification:_identify(build) by extensions ['ignore', 'ignore_ament_install']
[1.138s] Level 1:colcon.colcon_core.package_identification:_identify(build) by extension 'ignore'
[1.138s] Level 1:colcon.colcon_core.package_identification:_identify(build) ignored
[1.139s] Level 1:colcon.colcon_core.package_identification:_identify(install) by extensions ['ignore', 'ignore_ament_install']
[1.139s] Level 1:colcon.colcon_core.package_identification:_identify(install) by extension 'ignore'
[1.139s] Level 1:colcon.colcon_core.package_identification:_identify(install) ignored
[1.139s] Level 1:colcon.colcon_core.package_identification:_identify(log) by extensions ['ignore', 'ignore_ament_install']
[1.139s] Level 1:colcon.colcon_core.package_identification:_identify(log) by extension 'ignore'
[1.139s] Level 1:colcon.colcon_core.package_identification:_identify(log) ignored
[1.139s] Level 1:colcon.colcon_core.package_identification:_identify(src) by extensions ['ignore', 'ignore_ament_install']
[1.139s] Level 1:colcon.colcon_core.package_identification:_identify(src) by extension 'ignore'
[1.140s] Level 1:colcon.colcon_core.package_identification:_identify(src) by extension 'ignore_ament_install'
[1.140s] Level 1:colcon.colcon_core.package_identification:_identify(src) by extensions ['colcon_pkg']
[1.140s] Level 1:colcon.colcon_core.package_identification:_identify(src) by extension 'colcon_pkg'
[1.140s] Level 1:colcon.colcon_core.package_identification:_identify(src) by extensions ['colcon_meta']
[1.140s] Level 1:colcon.colcon_core.package_identification:_identify(src) by extension 'colcon_meta'
[1.140s] Level 1:colcon.colcon_core.package_identification:_identify(src) by extensions ['ros']
[1.140s] Level 1:colcon.colcon_core.package_identification:_identify(src) by extension 'ros'
[1.140s] Level 1:colcon.colcon_core.package_identification:_identify(src) by extensions ['cmake', 'python']
[1.140s] Level 1:colcon.colcon_core.package_identification:_identify(src) by extension 'cmake'
[1.140s] Level 1:colcon.colcon_core.package_identification:_identify(src) by extension 'python'
[1.140s] Level 1:colcon.colcon_core.package_identification:_identify(src) by extensions ['python_setup_py']
[1.140s] Level 1:colcon.colcon_core.package_identification:_identify(src) by extension 'python_setup_py'
[1.141s] Level 1:colcon.colcon_core.package_identification:_identify(src/tof_sensor_package) by extensions ['ignore', 'ignore_ament_install']
[1.141s] Level 1:colcon.colcon_core.package_identification:_identify(src/tof_sensor_package) by extension 'ignore'
[1.141s] Level 1:colcon.colcon_core.package_identification:_identify(src/tof_sensor_package) by extension 'ignore_ament_install'
[1.141s] Level 1:colcon.colcon_core.package_identification:_identify(src/tof_sensor_package) by extensions ['colcon_pkg']
[1.141s] Level 1:colcon.colcon_core.package_identification:_identify(src/tof_sensor_package) by extension 'colcon_pkg'
[1.141s] Level 1:colcon.colcon_core.package_identification:_identify(src/tof_sensor_package) by extensions ['colcon_meta']
[1.141s] Level 1:colcon.colcon_core.package_identification:_identify(src/tof_sensor_package) by extension 'colcon_meta'
[1.141s] Level 1:colcon.colcon_core.package_identification:_identify(src/tof_sensor_package) by extensions ['ros']
[1.141s] Level 1:colcon.colcon_core.package_identification:_identify(src/tof_sensor_package) by extension 'ros'
[1.149s] DEBUG:colcon.colcon_core.package_identification:Package 'src/tof_sensor_package' with type 'ros.ament_cmake' and name 'tof_sensor_package'
[1.149s] Level 1:colcon.colcon_core.package_discovery:discover_packages(recursive) using defaults
[1.149s] Level 1:colcon.colcon_core.package_discovery:discover_packages(ignore) discover
[1.149s] Level 1:colcon.colcon_core.package_discovery:discover_packages(ignore) using defaults
[1.149s] Level 1:colcon.colcon_core.package_discovery:discover_packages(path) discover
[1.149s] Level 1:colcon.colcon_core.package_discovery:discover_packages(path) using defaults
[1.199s] Level 1:colcon.colcon_core.package_discovery:discover_packages(prefix_path) check parameters
[1.199s] Level 1:colcon.colcon_core.package_discovery:discover_packages(prefix_path) discover
[1.212s] DEBUG:colcon.colcon_installed_package_information.package_discovery:Found 256 installed packages in /opt/ros/foxy
[1.214s] Level 1:colcon.colcon_core.package_discovery:discover_packages(prefix_path) using defaults
[1.486s] Level 5:colcon.colcon_core.verb:set package 'tof_sensor_package' build argument 'cmake_args' from command line to 'None'
[1.487s] Level 5:colcon.colcon_core.verb:set package 'tof_sensor_package' build argument 'cmake_target' from command line to 'None'
[1.487s] Level 5:colcon.colcon_core.verb:set package 'tof_sensor_package' build argument 'cmake_target_skip_unavailable' from command line to 'False'
[1.487s] Level 5:colcon.colcon_core.verb:set package 'tof_sensor_package' build argument 'cmake_clean_cache' from command line to 'False'
[1.487s] Level 5:colcon.colcon_core.verb:set package 'tof_sensor_package' build argument 'cmake_clean_first' from command line to 'False'
[1.487s] Level 5:colcon.colcon_core.verb:set package 'tof_sensor_package' build argument 'cmake_force_configure' from command line to 'False'
[1.487s] Level 5:colcon.colcon_core.verb:set package 'tof_sensor_package' build argument 'ament_cmake_args' from command line to 'None'
[1.487s] Level 5:colcon.colcon_core.verb:set package 'tof_sensor_package' build argument 'catkin_cmake_args' from command line to 'None'
[1.487s] Level 5:colcon.colcon_core.verb:set package 'tof_sensor_package' build argument 'catkin_skip_building_tests' from command line to 'False'
[1.487s] DEBUG:colcon.colcon_core.verb:Building package 'tof_sensor_package' with the following arguments: {'ament_cmake_args': None, 'build_base': '/home/cjs/VL53L8CX/VL53L8CX_ws/build/tof_sensor_package', 'catkin_cmake_args': None, 'catkin_skip_building_tests': False, 'cmake_args': None, 'cmake_clean_cache': False, 'cmake_clean_first': False, 'cmake_force_configure': False, 'cmake_target': None, 'cmake_target_skip_unavailable': False, 'install_base': '/home/cjs/VL53L8CX/VL53L8CX_ws/install/tof_sensor_package', 'merge_install': False, 'path': '/home/cjs/VL53L8CX/VL53L8CX_ws/src/tof_sensor_package', 'symlink_install': False, 'test_result_base': None}
[1.487s] INFO:colcon.colcon_core.executor:Executing jobs using 'parallel' executor
[1.489s] DEBUG:colcon.colcon_parallel_executor.executor.parallel:run_until_complete
[1.490s] INFO:colcon.colcon_ros.task.ament_cmake.build:Building ROS package in '/home/cjs/VL53L8CX/VL53L8CX_ws/src/tof_sensor_package' with build type 'ament_cmake'
[1.490s] INFO:colcon.colcon_cmake.task.cmake.build:Building CMake package in '/home/cjs/VL53L8CX/VL53L8CX_ws/src/tof_sensor_package'
[1.503s] INFO:colcon.colcon_core.plugin_system:Skipping extension 'colcon_core.shell.bat': Not used on non-Windows systems
[1.503s] INFO:colcon.colcon_core.shell:Skip shell extension 'powershell' for command environment: Not usable outside of PowerShell
[1.503s] DEBUG:colcon.colcon_core.shell:Skip shell extension 'dsv' for command environment
[1.531s] DEBUG:colcon.colcon_core.event_handler.log_command:Invoking command in '/home/cjs/VL53L8CX/VL53L8CX_ws/build/tof_sensor_package': CMAKE_PREFIX_PATH=/opt/ros/foxy /usr/bin/cmake /home/cjs/VL53L8CX/VL53L8CX_ws/src/tof_sensor_package -DCMAKE_INSTALL_PREFIX=/home/cjs/VL53L8CX/VL53L8CX_ws/install/tof_sensor_package
[7.065s] DEBUG:colcon.colcon_core.event_handler.log_command:Invoked command in '/home/cjs/VL53L8CX/VL53L8CX_ws/build/tof_sensor_package' returned '0': CMAKE_PREFIX_PATH=/opt/ros/foxy /usr/bin/cmake /home/cjs/VL53L8CX/VL53L8CX_ws/src/tof_sensor_package -DCMAKE_INSTALL_PREFIX=/home/cjs/VL53L8CX/VL53L8CX_ws/install/tof_sensor_package
[7.076s] DEBUG:colcon.colcon_core.event_handler.log_command:Invoking command in '/home/cjs/VL53L8CX/VL53L8CX_ws/build/tof_sensor_package': CMAKE_PREFIX_PATH=/opt/ros/foxy /usr/bin/cmake --build /home/cjs/VL53L8CX/VL53L8CX_ws/build/tof_sensor_package -- -j4 -l4
[16.755s] DEBUG:colcon.colcon_core.event_handler.log_command:Invoked command in '/home/cjs/VL53L8CX/VL53L8CX_ws/build/tof_sensor_package' returned '0': CMAKE_PREFIX_PATH=/opt/ros/foxy /usr/bin/cmake --build /home/cjs/VL53L8CX/VL53L8CX_ws/build/tof_sensor_package -- -j4 -l4
[16.939s] DEBUG:colcon.colcon_core.event_handler.log_command:Invoking command in '/home/cjs/VL53L8CX/VL53L8CX_ws/build/tof_sensor_package': CMAKE_PREFIX_PATH=/opt/ros/foxy /usr/bin/cmake --install /home/cjs/VL53L8CX/VL53L8CX_ws/build/tof_sensor_package
[16.987s] Level 1:colcon.colcon_core.environment:create_environment_scripts_only(tof_sensor_package)
[16.989s] DEBUG:colcon.colcon_core.event_handler.log_command:Invoked command in '/home/cjs/VL53L8CX/VL53L8CX_ws/build/tof_sensor_package' returned '0': CMAKE_PREFIX_PATH=/opt/ros/foxy /usr/bin/cmake --install /home/cjs/VL53L8CX/VL53L8CX_ws/build/tof_sensor_package
[17.011s] Level 1:colcon.colcon_core.environment:checking '/home/cjs/VL53L8CX/VL53L8CX_ws/install/tof_sensor_package' for CMake module files
[17.013s] Level 1:colcon.colcon_core.environment:checking '/home/cjs/VL53L8CX/VL53L8CX_ws/install/tof_sensor_package' for CMake config files
[17.014s] Level 1:colcon.colcon_core.shell:create_environment_hook('tof_sensor_package', 'cmake_prefix_path')
[17.015s] INFO:colcon.colcon_core.shell:Creating environment hook '/home/cjs/VL53L8CX/VL53L8CX_ws/install/tof_sensor_package/share/tof_sensor_package/hook/cmake_prefix_path.ps1'
[17.018s] INFO:colcon.colcon_core.shell:Creating environment descriptor '/home/cjs/VL53L8CX/VL53L8CX_ws/install/tof_sensor_package/share/tof_sensor_package/hook/cmake_prefix_path.dsv'
[17.020s] INFO:colcon.colcon_core.shell:Creating environment hook '/home/cjs/VL53L8CX/VL53L8CX_ws/install/tof_sensor_package/share/tof_sensor_package/hook/cmake_prefix_path.sh'
[17.024s] Level 1:colcon.colcon_core.environment:checking '/home/cjs/VL53L8CX/VL53L8CX_ws/install/tof_sensor_package/lib'
[17.024s] Level 1:colcon.colcon_core.environment:checking '/home/cjs/VL53L8CX/VL53L8CX_ws/install/tof_sensor_package/bin'
[17.025s] Level 1:colcon.colcon_core.environment:checking '/home/cjs/VL53L8CX/VL53L8CX_ws/install/tof_sensor_package/lib/pkgconfig/tof_sensor_package.pc'
[17.025s] Level 1:colcon.colcon_core.environment:checking '/home/cjs/VL53L8CX/VL53L8CX_ws/install/tof_sensor_package/lib/python3.8/site-packages'
[17.026s] Level 1:colcon.colcon_core.environment:checking '/home/cjs/VL53L8CX/VL53L8CX_ws/install/tof_sensor_package/bin'
[17.026s] INFO:colcon.colcon_core.shell:Creating package script '/home/cjs/VL53L8CX/VL53L8CX_ws/install/tof_sensor_package/share/tof_sensor_package/package.ps1'
[17.028s] INFO:colcon.colcon_core.shell:Creating package descriptor '/home/cjs/VL53L8CX/VL53L8CX_ws/install/tof_sensor_package/share/tof_sensor_package/package.dsv'
[17.030s] INFO:colcon.colcon_core.shell:Creating package script '/home/cjs/VL53L8CX/VL53L8CX_ws/install/tof_sensor_package/share/tof_sensor_package/package.sh'
[17.033s] INFO:colcon.colcon_core.shell:Creating package script '/home/cjs/VL53L8CX/VL53L8CX_ws/install/tof_sensor_package/share/tof_sensor_package/package.bash'
[17.036s] INFO:colcon.colcon_core.shell:Creating package script '/home/cjs/VL53L8CX/VL53L8CX_ws/install/tof_sensor_package/share/tof_sensor_package/package.zsh'
[17.038s] Level 1:colcon.colcon_core.environment:create_file_with_runtime_dependencies(/home/cjs/VL53L8CX/VL53L8CX_ws/install/tof_sensor_package/share/colcon-core/packages/tof_sensor_package)
[17.209s] Level 1:colcon.colcon_core.environment:create_environment_scripts_only(tof_sensor_package)
[17.210s] Level 1:colcon.colcon_core.environment:checking '/home/cjs/VL53L8CX/VL53L8CX_ws/install/tof_sensor_package' for CMake module files
[17.211s] Level 1:colcon.colcon_core.environment:checking '/home/cjs/VL53L8CX/VL53L8CX_ws/install/tof_sensor_package' for CMake config files
[17.213s] Level 1:colcon.colcon_core.shell:create_environment_hook('tof_sensor_package', 'cmake_prefix_path')
[17.213s] INFO:colcon.colcon_core.shell:Creating environment hook '/home/cjs/VL53L8CX/VL53L8CX_ws/install/tof_sensor_package/share/tof_sensor_package/hook/cmake_prefix_path.ps1'
[17.215s] INFO:colcon.colcon_core.shell:Creating environment descriptor '/home/cjs/VL53L8CX/VL53L8CX_ws/install/tof_sensor_package/share/tof_sensor_package/hook/cmake_prefix_path.dsv'
[17.219s] INFO:colcon.colcon_core.shell:Creating environment hook '/home/cjs/VL53L8CX/VL53L8CX_ws/install/tof_sensor_package/share/tof_sensor_package/hook/cmake_prefix_path.sh'
[17.221s] Level 1:colcon.colcon_core.environment:checking '/home/cjs/VL53L8CX/VL53L8CX_ws/install/tof_sensor_package/lib'
[17.221s] Level 1:colcon.colcon_core.environment:checking '/home/cjs/VL53L8CX/VL53L8CX_ws/install/tof_sensor_package/bin'
[17.221s] Level 1:colcon.colcon_core.environment:checking '/home/cjs/VL53L8CX/VL53L8CX_ws/install/tof_sensor_package/lib/pkgconfig/tof_sensor_package.pc'
[17.222s] Level 1:colcon.colcon_core.environment:checking '/home/cjs/VL53L8CX/VL53L8CX_ws/install/tof_sensor_package/lib/python3.8/site-packages'
[17.222s] Level 1:colcon.colcon_core.environment:checking '/home/cjs/VL53L8CX/VL53L8CX_ws/install/tof_sensor_package/bin'
[17.222s] INFO:colcon.colcon_core.shell:Creating package script '/home/cjs/VL53L8CX/VL53L8CX_ws/install/tof_sensor_package/share/tof_sensor_package/package.ps1'
[17.224s] INFO:colcon.colcon_core.shell:Creating package descriptor '/home/cjs/VL53L8CX/VL53L8CX_ws/install/tof_sensor_package/share/tof_sensor_package/package.dsv'
[17.225s] INFO:colcon.colcon_core.shell:Creating package script '/home/cjs/VL53L8CX/VL53L8CX_ws/install/tof_sensor_package/share/tof_sensor_package/package.sh'
[17.225s] INFO:colcon.colcon_core.shell:Creating package script '/home/cjs/VL53L8CX/VL53L8CX_ws/install/tof_sensor_package/share/tof_sensor_package/package.bash'
[17.226s] INFO:colcon.colcon_core.shell:Creating package script '/home/cjs/VL53L8CX/VL53L8CX_ws/install/tof_sensor_package/share/tof_sensor_package/package.zsh'
[17.230s] Level 1:colcon.colcon_core.environment:create_file_with_runtime_dependencies(/home/cjs/VL53L8CX/VL53L8CX_ws/install/tof_sensor_package/share/colcon-core/packages/tof_sensor_package)
[17.234s] DEBUG:colcon.colcon_parallel_executor.executor.parallel:closing loop
[17.235s] DEBUG:colcon.colcon_parallel_executor.executor.parallel:loop closed
[17.235s] DEBUG:colcon.colcon_parallel_executor.executor.parallel:run_until_complete finished with '0'
[17.235s] DEBUG:colcon.colcon_core.event_reactor:joining thread
[17.269s] INFO:colcon.colcon_core.plugin_system:Skipping extension 'colcon_notification.desktop_notification.terminal_notifier': Not used on non-Darwin systems
[17.269s] INFO:colcon.colcon_core.plugin_system:Skipping extension 'colcon_notification.desktop_notification.win32': Not used on non-Windows systems
[17.269s] INFO:colcon.colcon_notification.desktop_notification:Sending desktop notification using 'notify2'
[17.767s] DEBUG:colcon.colcon_core.event_reactor:joined thread
[17.767s] INFO:colcon.colcon_core.shell:Creating prefix script '/home/cjs/VL53L8CX/VL53L8CX_ws/install/local_setup.ps1'
[17.770s] INFO:colcon.colcon_core.shell:Creating prefix util module '/home/cjs/VL53L8CX/VL53L8CX_ws/install/_local_setup_util_ps1.py'
[17.773s] INFO:colcon.colcon_core.shell:Creating prefix chain script '/home/cjs/VL53L8CX/VL53L8CX_ws/install/setup.ps1'
[17.775s] INFO:colcon.colcon_core.shell:Creating prefix script '/home/cjs/VL53L8CX/VL53L8CX_ws/install/local_setup.sh'
[17.776s] INFO:colcon.colcon_core.shell:Creating prefix util module '/home/cjs/VL53L8CX/VL53L8CX_ws/install/_local_setup_util_sh.py'
[17.777s] INFO:colcon.colcon_core.shell:Creating prefix chain script '/home/cjs/VL53L8CX/VL53L8CX_ws/install/setup.sh'
[17.779s] INFO:colcon.colcon_core.shell:Creating prefix script '/home/cjs/VL53L8CX/VL53L8CX_ws/install/local_setup.bash'
[17.781s] INFO:colcon.colcon_core.shell:Creating prefix chain script '/home/cjs/VL53L8CX/VL53L8CX_ws/install/setup.bash'
[17.786s] INFO:colcon.colcon_core.shell:Creating prefix script '/home/cjs/VL53L8CX/VL53L8CX_ws/install/local_setup.zsh'
[17.788s] INFO:colcon.colcon_core.shell:Creating prefix chain script '/home/cjs/VL53L8CX/VL53L8CX_ws/install/setup.zsh'
