[0.037s] Invoking command in '/home/cjs/VL53L8CX/VL53L8CX_ws/build/tof_sensor_package': AMENT_PREFIX_PATH=/home/cjs/VL53L8CX/VL53L8CX_ws/install/base_interfaces_demo:${AMENT_PREFIX_PATH} CMAKE_PREFIX_PATH=/home/cjs/VL53L8CX/VL53L8CX_ws/install/base_interfaces_demo:/opt/ros/foxy LD_LIBRARY_PATH=/home/cjs/VL53L8CX/VL53L8CX_ws/install/base_interfaces_demo/lib:${LD_LIBRARY_PATH} PYTHONPATH=/home/cjs/VL53L8CX/VL53L8CX_ws/install/base_interfaces_demo/lib/python3.8/site-packages:${PYTHONPATH} /usr/bin/cmake --build /home/cjs/VL53L8CX/VL53L8CX_ws/build/tof_sensor_package -- -j4 -l4
[0.083s] -- Found ament_cmake: 0.9.12 (/opt/ros/foxy/share/ament_cmake/cmake)
[0.112s] -- Using PYTHON_EXECUTABLE: /usr/bin/python3
[0.301s] -- Found rclcpp: 2.4.3 (/opt/ros/foxy/share/rclcpp/cmake)
[0.348s] -- Using all available rosidl_typesupport_c: rosidl_typesupport_fastrtps_c;rosidl_typesupport_introspection_c
[0.352s] -- Found rosidl_adapter: 1.3.1 (/opt/ros/foxy/share/rosidl_adapter/cmake)
[0.480s] -- Using all available rosidl_typesupport_cpp: rosidl_typesupport_fastrtps_cpp;rosidl_typesupport_introspection_cpp
[0.542s] -- Found rmw_implementation_cmake: 1.0.4 (/opt/ros/foxy/share/rmw_implementation_cmake/cmake)
[0.543s] -- Using RMW implementation 'rmw_fastrtps_cpp' as default
[0.689s] -- Found sensor_msgs: 2.0.5 (/opt/ros/foxy/share/sensor_msgs/cmake)
[0.850s] -- Found base_interfaces_demo: 0.0.0 (/home/cjs/VL53L8CX/VL53L8CX_ws/install/base_interfaces_demo/share/base_interfaces_demo/cmake)
[0.877s] -- Found ament_lint_auto: 0.9.8 (/opt/ros/foxy/share/ament_lint_auto/cmake)
[0.982s] -- Added test 'copyright' to check source files copyright and LICENSE
[0.983s] -- Added test 'cppcheck' to perform static code analysis on C / C++ code
[0.984s] -- Configured cppcheck include dirs: /home/cjs/VL53L8CX/VL53L8CX_ws/src/tof_sensor_package/include
[0.984s] -- Configured cppcheck exclude dirs and/or files: 
[0.985s] -- Added test 'cpplint' to check C / C++ code against the Google style
[0.985s] -- Configured cpplint exclude dirs and/or files: 
[0.986s] -- Added test 'lint_cmake' to check CMake code style
[0.987s] -- Added test 'uncrustify' to check C / C++ code style
[0.988s] -- Configured uncrustify additional arguments: 
[0.988s] -- Added test 'xmllint' to check XML markup files
[0.996s] -- Configuring done
[1.023s] -- Generating done
[1.026s] -- Build files have been written to: /home/cjs/VL53L8CX/VL53L8CX_ws/build/tof_sensor_package
[1.074s] [35m[1mScanning dependencies of target pallet_detect_node[0m
[1.109s] [ 25%] [32mBuilding CXX object CMakeFiles/pallet_detect_node.dir/src/pallet_detect_node.cpp.o[0m
[1.121s] [ 50%] [32mBuilding CXX object CMakeFiles/pallet_detect_node.dir/src/vl53l8_oper.cpp.o[0m
[1.121s] [ 75%] [32mBuilding CXX object CMakeFiles/pallet_detect_node.dir/src/BestFit.cpp.o[0m
[1.505s] [01m[K/home/cjs/VL53L8CX/VL53L8CX_ws/src/tof_sensor_package/src/pallet_detect_node.cpp:6:10:[m[K [01;31m[Kfatal error: [m[Kmsg/location.hpp: No such file or directory
[1.506s]     6 | #include [01;31m[K<msg/location.hpp>[m[K
[1.506s]       |          [01;31m[K^~~~~~~~~~~~~~~~~~[m[K
[1.506s] compilation terminated.
[1.513s] make[2]: *** [CMakeFiles/pallet_detect_node.dir/build.make:63: CMakeFiles/pallet_detect_node.dir/src/pallet_detect_node.cpp.o] Error 1
[1.513s] make[2]: *** Waiting for unfinished jobs....
[1.647s] [01m[K/home/cjs/VL53L8CX/VL53L8CX_ws/src/tof_sensor_package/src/vl53l8_oper.cpp:[m[K In member function ‘[01m[Kint CVl53l8Oper::getTof(uint16_t*, int)[m[K’:
[1.647s] [01m[K/home/cjs/VL53L8CX/VL53L8CX_ws/src/tof_sensor_package/src/vl53l8_oper.cpp:245:46:[m[K [01;35m[Kwarning: [m[Ksuggest parentheses around ‘[01m[K&&[m[K’ within ‘[01m[K||[m[K’ [[01;35m[K-Wparentheses[m[K]
[1.647s]   245 |     if ((id == 1 && !data_ready1) || [01;35m[Kid == 2 && !data_ready2[m[K) {
[1.647s]       |                                      [01;35m[K~~~~~~~~^~~~~~~~~~~~~~~[m[K
[2.830s] [01m[K/home/cjs/VL53L8CX/VL53L8CX_ws/src/tof_sensor_package/src/BestFit.cpp:[m[K In static member function ‘[01m[Kstatic std::pair<double, double> BestFit::analyze(const cv::Mat&, double)[m[K’:
[2.830s] [01m[K/home/cjs/VL53L8CX/VL53L8CX_ws/src/tof_sensor_package/src/BestFit.cpp:69:10:[m[K [01;35m[Kwarning: [m[Kstructured bindings only available with ‘[01m[K-std=c++17[m[K’ or ‘[01m[K-std=gnu++17[m[K’
[2.830s]    69 |     auto [01;35m[K[[m[Kcoefficients, inliers] = fitLineRANSAC(filteredBoundaryPoints);
[2.830s]       |          [01;35m[K^[m[K
[3.638s] make[1]: *** [CMakeFiles/Makefile2:78: CMakeFiles/pallet_detect_node.dir/all] Error 2
[3.638s] make: *** [Makefile:141: all] Error 2
[3.639s] Invoked command in '/home/cjs/VL53L8CX/VL53L8CX_ws/build/tof_sensor_package' returned '2': AMENT_PREFIX_PATH=/home/cjs/VL53L8CX/VL53L8CX_ws/install/base_interfaces_demo:${AMENT_PREFIX_PATH} CMAKE_PREFIX_PATH=/home/cjs/VL53L8CX/VL53L8CX_ws/install/base_interfaces_demo:/opt/ros/foxy LD_LIBRARY_PATH=/home/cjs/VL53L8CX/VL53L8CX_ws/install/base_interfaces_demo/lib:${LD_LIBRARY_PATH} PYTHONPATH=/home/cjs/VL53L8CX/VL53L8CX_ws/install/base_interfaces_demo/lib/python3.8/site-packages:${PYTHONPATH} /usr/bin/cmake --build /home/cjs/VL53L8CX/VL53L8CX_ws/build/tof_sensor_package -- -j4 -l4
