[0.914s] DEBUG:colcon:Command line arguments: ['/usr/bin/colcon', 'build']
[0.915s] DEBUG:colcon:Parsed command line arguments: Namespace(allow_overriding=[], ament_cmake_args=None, base_paths=['.'], build_base='build', catkin_cmake_args=None, catkin_skip_building_tests=False, cmake_args=None, cmake_clean_cache=False, cmake_clean_first=False, cmake_force_configure=False, cmake_target=None, cmake_target_skip_unavailable=False, continue_on_error=False, event_handlers=None, executor='parallel', ignore_user_meta=False, install_base='install', log_base=None, log_level=None, main=<bound method BuildVerb.main of <colcon_core.verb.build.BuildVerb object at 0x7f6b26696be0>>, merge_install=False, metas=['./colcon.meta'], mixin=None, mixin_files=None, mixin_verb=('build',), packages_above=None, packages_above_and_dependencies=None, packages_above_depth=None, packages_end=None, packages_ignore=None, packages_ignore_regex=None, packages_select=None, packages_select_build_failed=False, packages_select_by_dep=None, packages_select_regex=None, packages_select_test_failures=False, packages_skip=None, packages_skip_build_finished=False, packages_skip_by_dep=None, packages_skip_regex=None, packages_skip_test_passed=False, packages_skip_up_to=None, packages_start=None, packages_up_to=None, packages_up_to_regex=None, parallel_workers=4, paths=None, symlink_install=False, test_result_base=None, verb_extension=<colcon_core.verb.build.BuildVerb object at 0x7f6b26696be0>, verb_name='build', verb_parser=<colcon_mixin.mixin.mixin_argument.MixinArgumentDecorator object at 0x7f6b2657ae80>)
[1.279s] Level 1:colcon.colcon_core.package_discovery:discover_packages(colcon_meta) check parameters
[1.279s] Level 1:colcon.colcon_core.package_discovery:discover_packages(recursive) check parameters
[1.280s] Level 1:colcon.colcon_core.package_discovery:discover_packages(ignore) check parameters
[1.280s] Level 1:colcon.colcon_core.package_discovery:discover_packages(path) check parameters
[1.280s] Level 1:colcon.colcon_core.package_discovery:discover_packages(colcon_meta) discover
[1.280s] Level 1:colcon.colcon_core.package_discovery:discover_packages(recursive) discover
[1.280s] INFO:colcon.colcon_core.package_discovery:Crawling recursively for packages in '/home/cjs/VL53L8CX/VL53L8CX_ws'
[1.280s] Level 1:colcon.colcon_core.package_identification:_identify(.) by extensions ['ignore', 'ignore_ament_install']
[1.280s] Level 1:colcon.colcon_core.package_identification:_identify(.) by extension 'ignore'
[1.280s] Level 1:colcon.colcon_core.package_identification:_identify(.) by extension 'ignore_ament_install'
[1.280s] Level 1:colcon.colcon_core.package_identification:_identify(.) by extensions ['colcon_pkg']
[1.280s] Level 1:colcon.colcon_core.package_identification:_identify(.) by extension 'colcon_pkg'
[1.281s] Level 1:colcon.colcon_core.package_identification:_identify(.) by extensions ['colcon_meta']
[1.281s] Level 1:colcon.colcon_core.package_identification:_identify(.) by extension 'colcon_meta'
[1.281s] Level 1:colcon.colcon_core.package_identification:_identify(.) by extensions ['ros']
[1.281s] Level 1:colcon.colcon_core.package_identification:_identify(.) by extension 'ros'
[1.309s] Level 1:colcon.colcon_core.package_identification:_identify(.) by extensions ['cmake', 'python']
[1.309s] Level 1:colcon.colcon_core.package_identification:_identify(.) by extension 'cmake'
[1.309s] Level 1:colcon.colcon_core.package_identification:_identify(.) by extension 'python'
[1.309s] Level 1:colcon.colcon_core.package_identification:_identify(.) by extensions ['python_setup_py']
[1.309s] Level 1:colcon.colcon_core.package_identification:_identify(.) by extension 'python_setup_py'
[1.310s] Level 1:colcon.colcon_core.package_identification:_identify(build) by extensions ['ignore', 'ignore_ament_install']
[1.310s] Level 1:colcon.colcon_core.package_identification:_identify(build) by extension 'ignore'
[1.310s] Level 1:colcon.colcon_core.package_identification:_identify(build) ignored
[1.310s] Level 1:colcon.colcon_core.package_identification:_identify(install) by extensions ['ignore', 'ignore_ament_install']
[1.310s] Level 1:colcon.colcon_core.package_identification:_identify(install) by extension 'ignore'
[1.310s] Level 1:colcon.colcon_core.package_identification:_identify(install) ignored
[1.311s] Level 1:colcon.colcon_core.package_identification:_identify(log) by extensions ['ignore', 'ignore_ament_install']
[1.311s] Level 1:colcon.colcon_core.package_identification:_identify(log) by extension 'ignore'
[1.311s] Level 1:colcon.colcon_core.package_identification:_identify(log) ignored
[1.311s] Level 1:colcon.colcon_core.package_identification:_identify(src) by extensions ['ignore', 'ignore_ament_install']
[1.311s] Level 1:colcon.colcon_core.package_identification:_identify(src) by extension 'ignore'
[1.311s] Level 1:colcon.colcon_core.package_identification:_identify(src) by extension 'ignore_ament_install'
[1.311s] Level 1:colcon.colcon_core.package_identification:_identify(src) by extensions ['colcon_pkg']
[1.311s] Level 1:colcon.colcon_core.package_identification:_identify(src) by extension 'colcon_pkg'
[1.312s] Level 1:colcon.colcon_core.package_identification:_identify(src) by extensions ['colcon_meta']
[1.312s] Level 1:colcon.colcon_core.package_identification:_identify(src) by extension 'colcon_meta'
[1.312s] Level 1:colcon.colcon_core.package_identification:_identify(src) by extensions ['ros']
[1.312s] Level 1:colcon.colcon_core.package_identification:_identify(src) by extension 'ros'
[1.312s] Level 1:colcon.colcon_core.package_identification:_identify(src) by extensions ['cmake', 'python']
[1.312s] Level 1:colcon.colcon_core.package_identification:_identify(src) by extension 'cmake'
[1.312s] Level 1:colcon.colcon_core.package_identification:_identify(src) by extension 'python'
[1.312s] Level 1:colcon.colcon_core.package_identification:_identify(src) by extensions ['python_setup_py']
[1.312s] Level 1:colcon.colcon_core.package_identification:_identify(src) by extension 'python_setup_py'
[1.312s] Level 1:colcon.colcon_core.package_identification:_identify(src/base_interfaces_demo) by extensions ['ignore', 'ignore_ament_install']
[1.313s] Level 1:colcon.colcon_core.package_identification:_identify(src/base_interfaces_demo) by extension 'ignore'
[1.313s] Level 1:colcon.colcon_core.package_identification:_identify(src/base_interfaces_demo) by extension 'ignore_ament_install'
[1.313s] Level 1:colcon.colcon_core.package_identification:_identify(src/base_interfaces_demo) by extensions ['colcon_pkg']
[1.313s] Level 1:colcon.colcon_core.package_identification:_identify(src/base_interfaces_demo) by extension 'colcon_pkg'
[1.313s] Level 1:colcon.colcon_core.package_identification:_identify(src/base_interfaces_demo) by extensions ['colcon_meta']
[1.313s] Level 1:colcon.colcon_core.package_identification:_identify(src/base_interfaces_demo) by extension 'colcon_meta'
[1.313s] Level 1:colcon.colcon_core.package_identification:_identify(src/base_interfaces_demo) by extensions ['ros']
[1.313s] Level 1:colcon.colcon_core.package_identification:_identify(src/base_interfaces_demo) by extension 'ros'
[1.319s] DEBUG:colcon.colcon_core.package_identification:Package 'src/base_interfaces_demo' with type 'ros.ament_cmake' and name 'base_interfaces_demo'
[1.320s] Level 1:colcon.colcon_core.package_identification:_identify(src/tof_sensor_package) by extensions ['ignore', 'ignore_ament_install']
[1.320s] Level 1:colcon.colcon_core.package_identification:_identify(src/tof_sensor_package) by extension 'ignore'
[1.320s] Level 1:colcon.colcon_core.package_identification:_identify(src/tof_sensor_package) by extension 'ignore_ament_install'
[1.320s] Level 1:colcon.colcon_core.package_identification:_identify(src/tof_sensor_package) by extensions ['colcon_pkg']
[1.320s] Level 1:colcon.colcon_core.package_identification:_identify(src/tof_sensor_package) by extension 'colcon_pkg'
[1.320s] Level 1:colcon.colcon_core.package_identification:_identify(src/tof_sensor_package) by extensions ['colcon_meta']
[1.320s] Level 1:colcon.colcon_core.package_identification:_identify(src/tof_sensor_package) by extension 'colcon_meta'
[1.320s] Level 1:colcon.colcon_core.package_identification:_identify(src/tof_sensor_package) by extensions ['ros']
[1.321s] Level 1:colcon.colcon_core.package_identification:_identify(src/tof_sensor_package) by extension 'ros'
[1.322s] DEBUG:colcon.colcon_core.package_identification:Package 'src/tof_sensor_package' with type 'ros.ament_cmake' and name 'tof_sensor_package'
[1.323s] Level 1:colcon.colcon_core.package_discovery:discover_packages(recursive) using defaults
[1.323s] Level 1:colcon.colcon_core.package_discovery:discover_packages(ignore) discover
[1.323s] Level 1:colcon.colcon_core.package_discovery:discover_packages(ignore) using defaults
[1.323s] Level 1:colcon.colcon_core.package_discovery:discover_packages(path) discover
[1.323s] Level 1:colcon.colcon_core.package_discovery:discover_packages(path) using defaults
[1.370s] Level 1:colcon.colcon_core.package_discovery:discover_packages(prefix_path) check parameters
[1.370s] Level 1:colcon.colcon_core.package_discovery:discover_packages(prefix_path) discover
[1.385s] DEBUG:colcon.colcon_installed_package_information.package_discovery:Found 256 installed packages in /opt/ros/foxy
[1.387s] Level 1:colcon.colcon_core.package_discovery:discover_packages(prefix_path) using defaults
[1.757s] Level 5:colcon.colcon_core.verb:set package 'base_interfaces_demo' build argument 'cmake_args' from command line to 'None'
[1.757s] Level 5:colcon.colcon_core.verb:set package 'base_interfaces_demo' build argument 'cmake_target' from command line to 'None'
[1.757s] Level 5:colcon.colcon_core.verb:set package 'base_interfaces_demo' build argument 'cmake_target_skip_unavailable' from command line to 'False'
[1.757s] Level 5:colcon.colcon_core.verb:set package 'base_interfaces_demo' build argument 'cmake_clean_cache' from command line to 'False'
[1.757s] Level 5:colcon.colcon_core.verb:set package 'base_interfaces_demo' build argument 'cmake_clean_first' from command line to 'False'
[1.757s] Level 5:colcon.colcon_core.verb:set package 'base_interfaces_demo' build argument 'cmake_force_configure' from command line to 'False'
[1.757s] Level 5:colcon.colcon_core.verb:set package 'base_interfaces_demo' build argument 'ament_cmake_args' from command line to 'None'
[1.757s] Level 5:colcon.colcon_core.verb:set package 'base_interfaces_demo' build argument 'catkin_cmake_args' from command line to 'None'
[1.757s] Level 5:colcon.colcon_core.verb:set package 'base_interfaces_demo' build argument 'catkin_skip_building_tests' from command line to 'False'
[1.757s] DEBUG:colcon.colcon_core.verb:Building package 'base_interfaces_demo' with the following arguments: {'ament_cmake_args': None, 'build_base': '/home/cjs/VL53L8CX/VL53L8CX_ws/build/base_interfaces_demo', 'catkin_cmake_args': None, 'catkin_skip_building_tests': False, 'cmake_args': None, 'cmake_clean_cache': False, 'cmake_clean_first': False, 'cmake_force_configure': False, 'cmake_target': None, 'cmake_target_skip_unavailable': False, 'install_base': '/home/cjs/VL53L8CX/VL53L8CX_ws/install/base_interfaces_demo', 'merge_install': False, 'path': '/home/cjs/VL53L8CX/VL53L8CX_ws/src/base_interfaces_demo', 'symlink_install': False, 'test_result_base': None}
[1.758s] Level 5:colcon.colcon_core.verb:set package 'tof_sensor_package' build argument 'cmake_args' from command line to 'None'
[1.758s] Level 5:colcon.colcon_core.verb:set package 'tof_sensor_package' build argument 'cmake_target' from command line to 'None'
[1.758s] Level 5:colcon.colcon_core.verb:set package 'tof_sensor_package' build argument 'cmake_target_skip_unavailable' from command line to 'False'
[1.758s] Level 5:colcon.colcon_core.verb:set package 'tof_sensor_package' build argument 'cmake_clean_cache' from command line to 'False'
[1.758s] Level 5:colcon.colcon_core.verb:set package 'tof_sensor_package' build argument 'cmake_clean_first' from command line to 'False'
[1.758s] Level 5:colcon.colcon_core.verb:set package 'tof_sensor_package' build argument 'cmake_force_configure' from command line to 'False'
[1.758s] Level 5:colcon.colcon_core.verb:set package 'tof_sensor_package' build argument 'ament_cmake_args' from command line to 'None'
[1.758s] Level 5:colcon.colcon_core.verb:set package 'tof_sensor_package' build argument 'catkin_cmake_args' from command line to 'None'
[1.758s] Level 5:colcon.colcon_core.verb:set package 'tof_sensor_package' build argument 'catkin_skip_building_tests' from command line to 'False'
[1.758s] DEBUG:colcon.colcon_core.verb:Building package 'tof_sensor_package' with the following arguments: {'ament_cmake_args': None, 'build_base': '/home/cjs/VL53L8CX/VL53L8CX_ws/build/tof_sensor_package', 'catkin_cmake_args': None, 'catkin_skip_building_tests': False, 'cmake_args': None, 'cmake_clean_cache': False, 'cmake_clean_first': False, 'cmake_force_configure': False, 'cmake_target': None, 'cmake_target_skip_unavailable': False, 'install_base': '/home/cjs/VL53L8CX/VL53L8CX_ws/install/tof_sensor_package', 'merge_install': False, 'path': '/home/cjs/VL53L8CX/VL53L8CX_ws/src/tof_sensor_package', 'symlink_install': False, 'test_result_base': None}
[1.759s] INFO:colcon.colcon_core.executor:Executing jobs using 'parallel' executor
[1.760s] DEBUG:colcon.colcon_parallel_executor.executor.parallel:run_until_complete
[1.761s] INFO:colcon.colcon_ros.task.ament_cmake.build:Building ROS package in '/home/cjs/VL53L8CX/VL53L8CX_ws/src/base_interfaces_demo' with build type 'ament_cmake'
[1.761s] INFO:colcon.colcon_cmake.task.cmake.build:Building CMake package in '/home/cjs/VL53L8CX/VL53L8CX_ws/src/base_interfaces_demo'
[1.775s] INFO:colcon.colcon_core.plugin_system:Skipping extension 'colcon_core.shell.bat': Not used on non-Windows systems
[1.776s] INFO:colcon.colcon_core.shell:Skip shell extension 'powershell' for command environment: Not usable outside of PowerShell
[1.776s] DEBUG:colcon.colcon_core.shell:Skip shell extension 'dsv' for command environment
[1.818s] DEBUG:colcon.colcon_core.event_handler.log_command:Invoking command in '/home/cjs/VL53L8CX/VL53L8CX_ws/build/base_interfaces_demo': CMAKE_PREFIX_PATH=/opt/ros/foxy /usr/bin/cmake --build /home/cjs/VL53L8CX/VL53L8CX_ws/build/base_interfaces_demo -- -j4 -l4
[3.242s] DEBUG:colcon.colcon_core.event_handler.log_command:Invoked command in '/home/cjs/VL53L8CX/VL53L8CX_ws/build/base_interfaces_demo' returned '0': CMAKE_PREFIX_PATH=/opt/ros/foxy /usr/bin/cmake --build /home/cjs/VL53L8CX/VL53L8CX_ws/build/base_interfaces_demo -- -j4 -l4
[3.925s] DEBUG:colcon.colcon_core.event_handler.log_command:Invoking command in '/home/cjs/VL53L8CX/VL53L8CX_ws/build/base_interfaces_demo': CMAKE_PREFIX_PATH=/opt/ros/foxy /usr/bin/cmake --install /home/cjs/VL53L8CX/VL53L8CX_ws/build/base_interfaces_demo
[4.290s] Level 1:colcon.colcon_core.environment:create_environment_scripts_only(base_interfaces_demo)
[4.295s] DEBUG:colcon.colcon_core.event_handler.log_command:Invoked command in '/home/cjs/VL53L8CX/VL53L8CX_ws/build/base_interfaces_demo' returned '0': CMAKE_PREFIX_PATH=/opt/ros/foxy /usr/bin/cmake --install /home/cjs/VL53L8CX/VL53L8CX_ws/build/base_interfaces_demo
[4.313s] Level 1:colcon.colcon_core.environment:checking '/home/cjs/VL53L8CX/VL53L8CX_ws/install/base_interfaces_demo' for CMake module files
[4.314s] Level 1:colcon.colcon_core.environment:checking '/home/cjs/VL53L8CX/VL53L8CX_ws/install/base_interfaces_demo' for CMake config files
[4.315s] Level 1:colcon.colcon_core.shell:create_environment_hook('base_interfaces_demo', 'cmake_prefix_path')
[4.316s] INFO:colcon.colcon_core.shell:Creating environment hook '/home/cjs/VL53L8CX/VL53L8CX_ws/install/base_interfaces_demo/share/base_interfaces_demo/hook/cmake_prefix_path.ps1'
[4.323s] INFO:colcon.colcon_core.shell:Creating environment descriptor '/home/cjs/VL53L8CX/VL53L8CX_ws/install/base_interfaces_demo/share/base_interfaces_demo/hook/cmake_prefix_path.dsv'
[4.325s] INFO:colcon.colcon_core.shell:Creating environment hook '/home/cjs/VL53L8CX/VL53L8CX_ws/install/base_interfaces_demo/share/base_interfaces_demo/hook/cmake_prefix_path.sh'
[4.329s] Level 1:colcon.colcon_core.environment:checking '/home/cjs/VL53L8CX/VL53L8CX_ws/install/base_interfaces_demo/lib'
[4.329s] Level 1:colcon.colcon_core.shell:create_environment_hook('base_interfaces_demo', 'ld_library_path_lib')
[4.329s] INFO:colcon.colcon_core.shell:Creating environment hook '/home/cjs/VL53L8CX/VL53L8CX_ws/install/base_interfaces_demo/share/base_interfaces_demo/hook/ld_library_path_lib.ps1'
[4.331s] INFO:colcon.colcon_core.shell:Creating environment descriptor '/home/cjs/VL53L8CX/VL53L8CX_ws/install/base_interfaces_demo/share/base_interfaces_demo/hook/ld_library_path_lib.dsv'
[4.332s] INFO:colcon.colcon_core.shell:Creating environment hook '/home/cjs/VL53L8CX/VL53L8CX_ws/install/base_interfaces_demo/share/base_interfaces_demo/hook/ld_library_path_lib.sh'
[4.333s] Level 1:colcon.colcon_core.environment:checking '/home/cjs/VL53L8CX/VL53L8CX_ws/install/base_interfaces_demo/bin'
[4.333s] Level 1:colcon.colcon_core.environment:checking '/home/cjs/VL53L8CX/VL53L8CX_ws/install/base_interfaces_demo/lib/pkgconfig/base_interfaces_demo.pc'
[4.335s] Level 1:colcon.colcon_core.environment:checking '/home/cjs/VL53L8CX/VL53L8CX_ws/install/base_interfaces_demo/lib/python3.8/site-packages'
[4.335s] Level 1:colcon.colcon_core.shell:create_environment_hook('base_interfaces_demo', 'pythonpath')
[4.335s] INFO:colcon.colcon_core.shell:Creating environment hook '/home/cjs/VL53L8CX/VL53L8CX_ws/install/base_interfaces_demo/share/base_interfaces_demo/hook/pythonpath.ps1'
[4.336s] INFO:colcon.colcon_core.shell:Creating environment descriptor '/home/cjs/VL53L8CX/VL53L8CX_ws/install/base_interfaces_demo/share/base_interfaces_demo/hook/pythonpath.dsv'
[4.337s] INFO:colcon.colcon_core.shell:Creating environment hook '/home/cjs/VL53L8CX/VL53L8CX_ws/install/base_interfaces_demo/share/base_interfaces_demo/hook/pythonpath.sh'
[4.337s] Level 1:colcon.colcon_core.environment:checking '/home/cjs/VL53L8CX/VL53L8CX_ws/install/base_interfaces_demo/bin'
[4.339s] INFO:colcon.colcon_core.shell:Creating package script '/home/cjs/VL53L8CX/VL53L8CX_ws/install/base_interfaces_demo/share/base_interfaces_demo/package.ps1'
[4.347s] INFO:colcon.colcon_core.shell:Creating package descriptor '/home/cjs/VL53L8CX/VL53L8CX_ws/install/base_interfaces_demo/share/base_interfaces_demo/package.dsv'
[4.350s] INFO:colcon.colcon_core.shell:Creating package script '/home/cjs/VL53L8CX/VL53L8CX_ws/install/base_interfaces_demo/share/base_interfaces_demo/package.sh'
[4.353s] INFO:colcon.colcon_core.shell:Creating package script '/home/cjs/VL53L8CX/VL53L8CX_ws/install/base_interfaces_demo/share/base_interfaces_demo/package.bash'
[4.357s] INFO:colcon.colcon_core.shell:Creating package script '/home/cjs/VL53L8CX/VL53L8CX_ws/install/base_interfaces_demo/share/base_interfaces_demo/package.zsh'
[4.361s] Level 1:colcon.colcon_core.environment:create_file_with_runtime_dependencies(/home/cjs/VL53L8CX/VL53L8CX_ws/install/base_interfaces_demo/share/colcon-core/packages/base_interfaces_demo)
[4.909s] Level 1:colcon.colcon_core.environment:create_environment_scripts_only(base_interfaces_demo)
[4.911s] Level 1:colcon.colcon_core.environment:checking '/home/cjs/VL53L8CX/VL53L8CX_ws/install/base_interfaces_demo' for CMake module files
[4.913s] Level 1:colcon.colcon_core.environment:checking '/home/cjs/VL53L8CX/VL53L8CX_ws/install/base_interfaces_demo' for CMake config files
[4.915s] Level 1:colcon.colcon_core.shell:create_environment_hook('base_interfaces_demo', 'cmake_prefix_path')
[4.915s] INFO:colcon.colcon_core.shell:Creating environment hook '/home/cjs/VL53L8CX/VL53L8CX_ws/install/base_interfaces_demo/share/base_interfaces_demo/hook/cmake_prefix_path.ps1'
[4.917s] INFO:colcon.colcon_core.shell:Creating environment descriptor '/home/cjs/VL53L8CX/VL53L8CX_ws/install/base_interfaces_demo/share/base_interfaces_demo/hook/cmake_prefix_path.dsv'
[4.918s] INFO:colcon.colcon_core.shell:Creating environment hook '/home/cjs/VL53L8CX/VL53L8CX_ws/install/base_interfaces_demo/share/base_interfaces_demo/hook/cmake_prefix_path.sh'
[4.920s] Level 1:colcon.colcon_core.environment:checking '/home/cjs/VL53L8CX/VL53L8CX_ws/install/base_interfaces_demo/lib'
[4.920s] Level 1:colcon.colcon_core.shell:create_environment_hook('base_interfaces_demo', 'ld_library_path_lib')
[4.920s] INFO:colcon.colcon_core.shell:Creating environment hook '/home/cjs/VL53L8CX/VL53L8CX_ws/install/base_interfaces_demo/share/base_interfaces_demo/hook/ld_library_path_lib.ps1'
[4.921s] INFO:colcon.colcon_core.shell:Creating environment descriptor '/home/cjs/VL53L8CX/VL53L8CX_ws/install/base_interfaces_demo/share/base_interfaces_demo/hook/ld_library_path_lib.dsv'
[4.922s] INFO:colcon.colcon_core.shell:Creating environment hook '/home/cjs/VL53L8CX/VL53L8CX_ws/install/base_interfaces_demo/share/base_interfaces_demo/hook/ld_library_path_lib.sh'
[4.923s] Level 1:colcon.colcon_core.environment:checking '/home/cjs/VL53L8CX/VL53L8CX_ws/install/base_interfaces_demo/bin'
[4.923s] Level 1:colcon.colcon_core.environment:checking '/home/cjs/VL53L8CX/VL53L8CX_ws/install/base_interfaces_demo/lib/pkgconfig/base_interfaces_demo.pc'
[4.924s] Level 1:colcon.colcon_core.environment:checking '/home/cjs/VL53L8CX/VL53L8CX_ws/install/base_interfaces_demo/lib/python3.8/site-packages'
[4.924s] Level 1:colcon.colcon_core.shell:create_environment_hook('base_interfaces_demo', 'pythonpath')
[4.925s] INFO:colcon.colcon_core.shell:Creating environment hook '/home/cjs/VL53L8CX/VL53L8CX_ws/install/base_interfaces_demo/share/base_interfaces_demo/hook/pythonpath.ps1'
[4.925s] INFO:colcon.colcon_core.shell:Creating environment descriptor '/home/cjs/VL53L8CX/VL53L8CX_ws/install/base_interfaces_demo/share/base_interfaces_demo/hook/pythonpath.dsv'
[4.927s] INFO:colcon.colcon_core.shell:Creating environment hook '/home/cjs/VL53L8CX/VL53L8CX_ws/install/base_interfaces_demo/share/base_interfaces_demo/hook/pythonpath.sh'
[4.928s] Level 1:colcon.colcon_core.environment:checking '/home/cjs/VL53L8CX/VL53L8CX_ws/install/base_interfaces_demo/bin'
[4.928s] INFO:colcon.colcon_core.shell:Creating package script '/home/cjs/VL53L8CX/VL53L8CX_ws/install/base_interfaces_demo/share/base_interfaces_demo/package.ps1'
[4.930s] INFO:colcon.colcon_core.shell:Creating package descriptor '/home/cjs/VL53L8CX/VL53L8CX_ws/install/base_interfaces_demo/share/base_interfaces_demo/package.dsv'
[4.931s] INFO:colcon.colcon_core.shell:Creating package script '/home/cjs/VL53L8CX/VL53L8CX_ws/install/base_interfaces_demo/share/base_interfaces_demo/package.sh'
[4.932s] INFO:colcon.colcon_core.shell:Creating package script '/home/cjs/VL53L8CX/VL53L8CX_ws/install/base_interfaces_demo/share/base_interfaces_demo/package.bash'
[4.933s] INFO:colcon.colcon_core.shell:Creating package script '/home/cjs/VL53L8CX/VL53L8CX_ws/install/base_interfaces_demo/share/base_interfaces_demo/package.zsh'
[4.934s] Level 1:colcon.colcon_core.environment:create_file_with_runtime_dependencies(/home/cjs/VL53L8CX/VL53L8CX_ws/install/base_interfaces_demo/share/colcon-core/packages/base_interfaces_demo)
[4.938s] INFO:colcon.colcon_ros.task.ament_cmake.build:Building ROS package in '/home/cjs/VL53L8CX/VL53L8CX_ws/src/tof_sensor_package' with build type 'ament_cmake'
[4.939s] INFO:colcon.colcon_cmake.task.cmake.build:Building CMake package in '/home/cjs/VL53L8CX/VL53L8CX_ws/src/tof_sensor_package'
[4.940s] INFO:colcon.colcon_core.shell:Skip shell extension 'powershell' for command environment: Not usable outside of PowerShell
[4.940s] DEBUG:colcon.colcon_core.shell:Skip shell extension 'dsv' for command environment
[4.994s] DEBUG:colcon.colcon_core.event_handler.log_command:Invoking command in '/home/cjs/VL53L8CX/VL53L8CX_ws/build/tof_sensor_package': AMENT_PREFIX_PATH=/home/cjs/VL53L8CX/VL53L8CX_ws/install/base_interfaces_demo:${AMENT_PREFIX_PATH} CMAKE_PREFIX_PATH=/home/cjs/VL53L8CX/VL53L8CX_ws/install/base_interfaces_demo:/opt/ros/foxy LD_LIBRARY_PATH=/home/cjs/VL53L8CX/VL53L8CX_ws/install/base_interfaces_demo/lib:${LD_LIBRARY_PATH} PYTHONPATH=/home/cjs/VL53L8CX/VL53L8CX_ws/install/base_interfaces_demo/lib/python3.8/site-packages:${PYTHONPATH} /usr/bin/cmake --build /home/cjs/VL53L8CX/VL53L8CX_ws/build/tof_sensor_package -- -j4 -l4
[20.796s] DEBUG:colcon.colcon_core.event_handler.log_command:Invoked command in '/home/cjs/VL53L8CX/VL53L8CX_ws/build/tof_sensor_package' returned '0': AMENT_PREFIX_PATH=/home/cjs/VL53L8CX/VL53L8CX_ws/install/base_interfaces_demo:${AMENT_PREFIX_PATH} CMAKE_PREFIX_PATH=/home/cjs/VL53L8CX/VL53L8CX_ws/install/base_interfaces_demo:/opt/ros/foxy LD_LIBRARY_PATH=/home/cjs/VL53L8CX/VL53L8CX_ws/install/base_interfaces_demo/lib:${LD_LIBRARY_PATH} PYTHONPATH=/home/cjs/VL53L8CX/VL53L8CX_ws/install/base_interfaces_demo/lib/python3.8/site-packages:${PYTHONPATH} /usr/bin/cmake --build /home/cjs/VL53L8CX/VL53L8CX_ws/build/tof_sensor_package -- -j4 -l4
[20.965s] DEBUG:colcon.colcon_core.event_handler.log_command:Invoking command in '/home/cjs/VL53L8CX/VL53L8CX_ws/build/tof_sensor_package': AMENT_PREFIX_PATH=/home/cjs/VL53L8CX/VL53L8CX_ws/install/base_interfaces_demo:${AMENT_PREFIX_PATH} CMAKE_PREFIX_PATH=/home/cjs/VL53L8CX/VL53L8CX_ws/install/base_interfaces_demo:/opt/ros/foxy LD_LIBRARY_PATH=/home/cjs/VL53L8CX/VL53L8CX_ws/install/base_interfaces_demo/lib:${LD_LIBRARY_PATH} PYTHONPATH=/home/cjs/VL53L8CX/VL53L8CX_ws/install/base_interfaces_demo/lib/python3.8/site-packages:${PYTHONPATH} /usr/bin/cmake --install /home/cjs/VL53L8CX/VL53L8CX_ws/build/tof_sensor_package
[21.030s] Level 1:colcon.colcon_core.environment:create_environment_scripts_only(tof_sensor_package)
[21.033s] Level 1:colcon.colcon_core.environment:checking '/home/cjs/VL53L8CX/VL53L8CX_ws/install/tof_sensor_package' for CMake module files
[21.035s] DEBUG:colcon.colcon_core.event_handler.log_command:Invoked command in '/home/cjs/VL53L8CX/VL53L8CX_ws/build/tof_sensor_package' returned '0': AMENT_PREFIX_PATH=/home/cjs/VL53L8CX/VL53L8CX_ws/install/base_interfaces_demo:${AMENT_PREFIX_PATH} CMAKE_PREFIX_PATH=/home/cjs/VL53L8CX/VL53L8CX_ws/install/base_interfaces_demo:/opt/ros/foxy LD_LIBRARY_PATH=/home/cjs/VL53L8CX/VL53L8CX_ws/install/base_interfaces_demo/lib:${LD_LIBRARY_PATH} PYTHONPATH=/home/cjs/VL53L8CX/VL53L8CX_ws/install/base_interfaces_demo/lib/python3.8/site-packages:${PYTHONPATH} /usr/bin/cmake --install /home/cjs/VL53L8CX/VL53L8CX_ws/build/tof_sensor_package
[21.036s] Level 1:colcon.colcon_core.environment:checking '/home/cjs/VL53L8CX/VL53L8CX_ws/install/tof_sensor_package' for CMake config files
[21.038s] Level 1:colcon.colcon_core.shell:create_environment_hook('tof_sensor_package', 'cmake_prefix_path')
[21.039s] INFO:colcon.colcon_core.shell:Creating environment hook '/home/cjs/VL53L8CX/VL53L8CX_ws/install/tof_sensor_package/share/tof_sensor_package/hook/cmake_prefix_path.ps1'
[21.042s] INFO:colcon.colcon_core.shell:Creating environment descriptor '/home/cjs/VL53L8CX/VL53L8CX_ws/install/tof_sensor_package/share/tof_sensor_package/hook/cmake_prefix_path.dsv'
[21.043s] INFO:colcon.colcon_core.shell:Creating environment hook '/home/cjs/VL53L8CX/VL53L8CX_ws/install/tof_sensor_package/share/tof_sensor_package/hook/cmake_prefix_path.sh'
[21.045s] Level 1:colcon.colcon_core.environment:checking '/home/cjs/VL53L8CX/VL53L8CX_ws/install/tof_sensor_package/lib'
[21.045s] Level 1:colcon.colcon_core.environment:checking '/home/cjs/VL53L8CX/VL53L8CX_ws/install/tof_sensor_package/bin'
[21.045s] Level 1:colcon.colcon_core.environment:checking '/home/cjs/VL53L8CX/VL53L8CX_ws/install/tof_sensor_package/lib/pkgconfig/tof_sensor_package.pc'
[21.046s] Level 1:colcon.colcon_core.environment:checking '/home/cjs/VL53L8CX/VL53L8CX_ws/install/tof_sensor_package/lib/python3.8/site-packages'
[21.046s] Level 1:colcon.colcon_core.environment:checking '/home/cjs/VL53L8CX/VL53L8CX_ws/install/tof_sensor_package/bin'
[21.047s] INFO:colcon.colcon_core.shell:Creating package script '/home/cjs/VL53L8CX/VL53L8CX_ws/install/tof_sensor_package/share/tof_sensor_package/package.ps1'
[21.048s] INFO:colcon.colcon_core.shell:Creating package descriptor '/home/cjs/VL53L8CX/VL53L8CX_ws/install/tof_sensor_package/share/tof_sensor_package/package.dsv'
[21.049s] INFO:colcon.colcon_core.shell:Creating package script '/home/cjs/VL53L8CX/VL53L8CX_ws/install/tof_sensor_package/share/tof_sensor_package/package.sh'
[21.051s] INFO:colcon.colcon_core.shell:Creating package script '/home/cjs/VL53L8CX/VL53L8CX_ws/install/tof_sensor_package/share/tof_sensor_package/package.bash'
[21.052s] INFO:colcon.colcon_core.shell:Creating package script '/home/cjs/VL53L8CX/VL53L8CX_ws/install/tof_sensor_package/share/tof_sensor_package/package.zsh'
[21.053s] Level 1:colcon.colcon_core.environment:create_file_with_runtime_dependencies(/home/cjs/VL53L8CX/VL53L8CX_ws/install/tof_sensor_package/share/colcon-core/packages/tof_sensor_package)
[21.224s] Level 1:colcon.colcon_core.environment:create_environment_scripts_only(tof_sensor_package)
[21.227s] Level 1:colcon.colcon_core.environment:checking '/home/cjs/VL53L8CX/VL53L8CX_ws/install/tof_sensor_package' for CMake module files
[21.228s] Level 1:colcon.colcon_core.environment:checking '/home/cjs/VL53L8CX/VL53L8CX_ws/install/tof_sensor_package' for CMake config files
[21.230s] Level 1:colcon.colcon_core.shell:create_environment_hook('tof_sensor_package', 'cmake_prefix_path')
[21.230s] INFO:colcon.colcon_core.shell:Creating environment hook '/home/cjs/VL53L8CX/VL53L8CX_ws/install/tof_sensor_package/share/tof_sensor_package/hook/cmake_prefix_path.ps1'
[21.232s] INFO:colcon.colcon_core.shell:Creating environment descriptor '/home/cjs/VL53L8CX/VL53L8CX_ws/install/tof_sensor_package/share/tof_sensor_package/hook/cmake_prefix_path.dsv'
[21.233s] INFO:colcon.colcon_core.shell:Creating environment hook '/home/cjs/VL53L8CX/VL53L8CX_ws/install/tof_sensor_package/share/tof_sensor_package/hook/cmake_prefix_path.sh'
[21.236s] Level 1:colcon.colcon_core.environment:checking '/home/cjs/VL53L8CX/VL53L8CX_ws/install/tof_sensor_package/lib'
[21.236s] Level 1:colcon.colcon_core.environment:checking '/home/cjs/VL53L8CX/VL53L8CX_ws/install/tof_sensor_package/bin'
[21.237s] Level 1:colcon.colcon_core.environment:checking '/home/cjs/VL53L8CX/VL53L8CX_ws/install/tof_sensor_package/lib/pkgconfig/tof_sensor_package.pc'
[21.238s] Level 1:colcon.colcon_core.environment:checking '/home/cjs/VL53L8CX/VL53L8CX_ws/install/tof_sensor_package/lib/python3.8/site-packages'
[21.238s] Level 1:colcon.colcon_core.environment:checking '/home/cjs/VL53L8CX/VL53L8CX_ws/install/tof_sensor_package/bin'
[21.239s] INFO:colcon.colcon_core.shell:Creating package script '/home/cjs/VL53L8CX/VL53L8CX_ws/install/tof_sensor_package/share/tof_sensor_package/package.ps1'
[21.240s] INFO:colcon.colcon_core.shell:Creating package descriptor '/home/cjs/VL53L8CX/VL53L8CX_ws/install/tof_sensor_package/share/tof_sensor_package/package.dsv'
[21.241s] INFO:colcon.colcon_core.shell:Creating package script '/home/cjs/VL53L8CX/VL53L8CX_ws/install/tof_sensor_package/share/tof_sensor_package/package.sh'
[21.243s] INFO:colcon.colcon_core.shell:Creating package script '/home/cjs/VL53L8CX/VL53L8CX_ws/install/tof_sensor_package/share/tof_sensor_package/package.bash'
[21.244s] INFO:colcon.colcon_core.shell:Creating package script '/home/cjs/VL53L8CX/VL53L8CX_ws/install/tof_sensor_package/share/tof_sensor_package/package.zsh'
[21.245s] Level 1:colcon.colcon_core.environment:create_file_with_runtime_dependencies(/home/cjs/VL53L8CX/VL53L8CX_ws/install/tof_sensor_package/share/colcon-core/packages/tof_sensor_package)
[21.246s] DEBUG:colcon.colcon_parallel_executor.executor.parallel:closing loop
[21.249s] DEBUG:colcon.colcon_parallel_executor.executor.parallel:loop closed
[21.249s] DEBUG:colcon.colcon_parallel_executor.executor.parallel:run_until_complete finished with '0'
[21.250s] DEBUG:colcon.colcon_core.event_reactor:joining thread
[21.285s] INFO:colcon.colcon_core.plugin_system:Skipping extension 'colcon_notification.desktop_notification.terminal_notifier': Not used on non-Darwin systems
[21.286s] INFO:colcon.colcon_core.plugin_system:Skipping extension 'colcon_notification.desktop_notification.win32': Not used on non-Windows systems
[21.286s] INFO:colcon.colcon_notification.desktop_notification:Sending desktop notification using 'notify2'
[21.460s] DEBUG:colcon.colcon_core.event_reactor:joined thread
[21.460s] INFO:colcon.colcon_core.shell:Creating prefix script '/home/cjs/VL53L8CX/VL53L8CX_ws/install/local_setup.ps1'
[21.463s] INFO:colcon.colcon_core.shell:Creating prefix util module '/home/cjs/VL53L8CX/VL53L8CX_ws/install/_local_setup_util_ps1.py'
[21.466s] INFO:colcon.colcon_core.shell:Creating prefix chain script '/home/cjs/VL53L8CX/VL53L8CX_ws/install/setup.ps1'
[21.470s] INFO:colcon.colcon_core.shell:Creating prefix script '/home/cjs/VL53L8CX/VL53L8CX_ws/install/local_setup.sh'
[21.472s] INFO:colcon.colcon_core.shell:Creating prefix util module '/home/cjs/VL53L8CX/VL53L8CX_ws/install/_local_setup_util_sh.py'
[21.473s] INFO:colcon.colcon_core.shell:Creating prefix chain script '/home/cjs/VL53L8CX/VL53L8CX_ws/install/setup.sh'
[21.475s] INFO:colcon.colcon_core.shell:Creating prefix script '/home/cjs/VL53L8CX/VL53L8CX_ws/install/local_setup.bash'
[21.478s] INFO:colcon.colcon_core.shell:Creating prefix chain script '/home/cjs/VL53L8CX/VL53L8CX_ws/install/setup.bash'
[21.480s] INFO:colcon.colcon_core.shell:Creating prefix script '/home/cjs/VL53L8CX/VL53L8CX_ws/install/local_setup.zsh'
[21.483s] INFO:colcon.colcon_core.shell:Creating prefix chain script '/home/cjs/VL53L8CX/VL53L8CX_ws/install/setup.zsh'
