[0.013s] Invoking command in '/home/cjs/VL53L8CX/VL53L8CX_ws/build/tof_sensor_package': AMENT_PREFIX_PATH=/home/cjs/VL53L8CX/VL53L8CX_ws/install/base_interfaces_demo:${AMENT_PREFIX_PATH} CMAKE_PREFIX_PATH=/home/cjs/VL53L8CX/VL53L8CX_ws/install/base_interfaces_demo:/opt/ros/foxy LD_LIBRARY_PATH=/home/cjs/VL53L8CX/VL53L8CX_ws/install/base_interfaces_demo/lib:${LD_LIBRARY_PATH} PYTHONPATH=/home/cjs/VL53L8CX/VL53L8CX_ws/install/base_interfaces_demo/lib/python3.8/site-packages:${PYTHONPATH} /usr/bin/cmake --build /home/cjs/VL53L8CX/VL53L8CX_ws/build/tof_sensor_package -- -j4 -l4
[0.095s] [35m[1mScanning dependencies of target pallet_detect_node[0m
[0.150s] [ 20%] [32mBuilding CXX object CMakeFiles/pallet_detect_node.dir/src/vl53l8_oper.cpp.o[0m
[0.150s] [ 40%] [32mBuilding CXX object CMakeFiles/pallet_detect_node.dir/src/pallet_detect_node.cpp.o[0m
[0.634s] [01m[K/home/cjs/VL53L8CX/VL53L8CX_ws/src/tof_sensor_package/src/vl53l8_oper.cpp:[m[K In member function ‘[01m[Kint CVl53l8Oper::OpenPort(std::string)[m[K’:
[0.634s] [01m[K/home/cjs/VL53L8CX/VL53L8CX_ws/src/tof_sensor_package/src/vl53l8_oper.cpp:113:39:[m[K [01;35m[Kwarning: [m[Kunused parameter ‘[01m[Kport[m[K’ [[01;35m[K-Wunused-parameter[m[K]
[0.634s]   113 | int CVl53l8Oper::OpenPort([01;35m[Kstd::string port[m[K) {
[0.635s]       |                           [01;35m[K~~~~~~~~~~~~^~~~[m[K
[0.635s] [01m[K/home/cjs/VL53L8CX/VL53L8CX_ws/src/tof_sensor_package/src/vl53l8_oper.cpp:[m[K In member function ‘[01m[Kvoid CVl53l8Oper::read_vl53l8_thread(int)[m[K’:
[0.635s] [01m[K/home/cjs/VL53L8CX/VL53L8CX_ws/src/tof_sensor_package/src/vl53l8_oper.cpp:156:42:[m[K [01;35m[Kwarning: [m[Kunused parameter ‘[01m[Kfd[m[K’ [[01;35m[K-Wunused-parameter[m[K]
[0.635s]   156 | void CVl53l8Oper::read_vl53l8_thread([01;35m[Kint fd[m[K) {
[0.635s]       |                                      [01;35m[K~~~~^~[m[K
[0.635s] [01m[K/home/cjs/VL53L8CX/VL53L8CX_ws/src/tof_sensor_package/src/vl53l8_oper.cpp:[m[K In member function ‘[01m[Kint CVl53l8Oper::parse_response(uint8_t*, int, int)[m[K’:
[0.635s] [01m[K/home/cjs/VL53L8CX/VL53L8CX_ws/src/tof_sensor_package/src/vl53l8_oper.cpp:224:42:[m[K [01;35m[Kwarning: [m[Kunused parameter ‘[01m[Kbuf[m[K’ [[01;35m[K-Wunused-parameter[m[K]
[0.635s]   224 | int CVl53l8Oper::parse_response([01;35m[Kuint8_t *buf[m[K, int len, int id) {
[0.635s]       |                                 [01;35m[K~~~~~~~~~^~~[m[K
[0.635s] [01m[K/home/cjs/VL53L8CX/VL53L8CX_ws/src/tof_sensor_package/src/vl53l8_oper.cpp:224:51:[m[K [01;35m[Kwarning: [m[Kunused parameter ‘[01m[Klen[m[K’ [[01;35m[K-Wunused-parameter[m[K]
[0.635s]   224 | int CVl53l8Oper::parse_response(uint8_t *buf, [01;35m[Kint len[m[K, int id) {
[0.636s]       |                                               [01;35m[K~~~~^~~[m[K
[0.637s] [01m[K/home/cjs/VL53L8CX/VL53L8CX_ws/src/tof_sensor_package/src/vl53l8_oper.cpp:224:60:[m[K [01;35m[Kwarning: [m[Kunused parameter ‘[01m[Kid[m[K’ [[01;35m[K-Wunused-parameter[m[K]
[0.637s]   224 | int CVl53l8Oper::parse_response(uint8_t *buf, int len, [01;35m[Kint id[m[K) {
[0.641s]       |                                                        [01;35m[K~~~~^~[m[K
[0.641s] [01m[K/home/cjs/VL53L8CX/VL53L8CX_ws/src/tof_sensor_package/src/vl53l8_oper.cpp:[m[K In member function ‘[01m[Kvirtual int CVl53l8Oper::parseAcceptData(void*)[m[K’:
[0.641s] [01m[K/home/cjs/VL53L8CX/VL53L8CX_ws/src/tof_sensor_package/src/vl53l8_oper.cpp:269:40:[m[K [01;35m[Kwarning: [m[Kunused parameter ‘[01m[Kpara[m[K’ [[01;35m[K-Wunused-parameter[m[K]
[0.641s]   269 | int CVl53l8Oper::parseAcceptData([01;35m[Kvoid* para[m[K) {
[0.641s]       |                                  [01;35m[K~~~~~~^~~~[m[K
[0.641s] [01m[K/home/cjs/VL53L8CX/VL53L8CX_ws/src/tof_sensor_package/src/vl53l8_oper.cpp:[m[K In member function ‘[01m[Kint CVl53l8Oper::getTof(uint16_t*, int)[m[K’:
[0.641s] [01m[K/home/cjs/VL53L8CX/VL53L8CX_ws/src/tof_sensor_package/src/vl53l8_oper.cpp:318:62:[m[K [01;35m[Kwarning: [m[Ksuggest parentheses around ‘[01m[K&&[m[K’ within ‘[01m[K||[m[K’ [[01;35m[K-Wparentheses[m[K]
[0.641s]   318 |     if ((id == SLAVE_ID1 && !data_ready1) || [01;35m[Kid == SLAVE_ID2 && !data_ready2[m[K) {
[0.641s]       |                                              [01;35m[K~~~~~~~~~~~~~~~~^~~~~~~~~~~~~~~[m[K
[3.112s] [01m[K/home/cjs/VL53L8CX/VL53L8CX_ws/src/tof_sensor_package/src/pallet_detect_node.cpp:[m[K In member function ‘[01m[Kvoid PalletDetectNode::timer_callback()[m[K’:
[3.112s] [01m[K/home/cjs/VL53L8CX/VL53L8CX_ws/src/tof_sensor_package/src/pallet_detect_node.cpp:94:26:[m[K [01;35m[Kwarning: [m[Kstructured bindings only available with ‘[01m[K-std=c++17[m[K’ or ‘[01m[K-std=gnu++17[m[K’
[3.112s]    94 |                     auto [01;35m[K[[m[Kangle, drift] = BestFit::analyze(A, distance_threshold);
[3.112s]       |                          [01;35m[K^[m[K
[8.489s] [ 60%] [32m[1mLinking CXX executable pallet_detect_node[0m
[9.304s] [100%] Built target pallet_detect_node
[9.329s] Invoked command in '/home/cjs/VL53L8CX/VL53L8CX_ws/build/tof_sensor_package' returned '0': AMENT_PREFIX_PATH=/home/cjs/VL53L8CX/VL53L8CX_ws/install/base_interfaces_demo:${AMENT_PREFIX_PATH} CMAKE_PREFIX_PATH=/home/cjs/VL53L8CX/VL53L8CX_ws/install/base_interfaces_demo:/opt/ros/foxy LD_LIBRARY_PATH=/home/cjs/VL53L8CX/VL53L8CX_ws/install/base_interfaces_demo/lib:${LD_LIBRARY_PATH} PYTHONPATH=/home/cjs/VL53L8CX/VL53L8CX_ws/install/base_interfaces_demo/lib/python3.8/site-packages:${PYTHONPATH} /usr/bin/cmake --build /home/cjs/VL53L8CX/VL53L8CX_ws/build/tof_sensor_package -- -j4 -l4
[9.418s] Invoking command in '/home/cjs/VL53L8CX/VL53L8CX_ws/build/tof_sensor_package': AMENT_PREFIX_PATH=/home/cjs/VL53L8CX/VL53L8CX_ws/install/base_interfaces_demo:${AMENT_PREFIX_PATH} CMAKE_PREFIX_PATH=/home/cjs/VL53L8CX/VL53L8CX_ws/install/base_interfaces_demo:/opt/ros/foxy LD_LIBRARY_PATH=/home/cjs/VL53L8CX/VL53L8CX_ws/install/base_interfaces_demo/lib:${LD_LIBRARY_PATH} PYTHONPATH=/home/cjs/VL53L8CX/VL53L8CX_ws/install/base_interfaces_demo/lib/python3.8/site-packages:${PYTHONPATH} /usr/bin/cmake --install /home/cjs/VL53L8CX/VL53L8CX_ws/build/tof_sensor_package
[9.430s] -- Install configuration: ""
[9.430s] -- Installing: /home/cjs/VL53L8CX/VL53L8CX_ws/install/tof_sensor_package/lib/tof_sensor_package/pallet_detect_node
[9.431s] -- Set runtime path of "/home/cjs/VL53L8CX/VL53L8CX_ws/install/tof_sensor_package/lib/tof_sensor_package/pallet_detect_node" to ""
[9.432s] -- Up-to-date: /home/cjs/VL53L8CX/VL53L8CX_ws/install/tof_sensor_package/share/ament_index/resource_index/package_run_dependencies/tof_sensor_package
[9.432s] -- Up-to-date: /home/cjs/VL53L8CX/VL53L8CX_ws/install/tof_sensor_package/share/ament_index/resource_index/parent_prefix_path/tof_sensor_package
[9.432s] -- Up-to-date: /home/cjs/VL53L8CX/VL53L8CX_ws/install/tof_sensor_package/share/tof_sensor_package/environment/ament_prefix_path.sh
[9.432s] -- Up-to-date: /home/cjs/VL53L8CX/VL53L8CX_ws/install/tof_sensor_package/share/tof_sensor_package/environment/ament_prefix_path.dsv
[9.432s] -- Up-to-date: /home/cjs/VL53L8CX/VL53L8CX_ws/install/tof_sensor_package/share/tof_sensor_package/environment/path.sh
[9.432s] -- Up-to-date: /home/cjs/VL53L8CX/VL53L8CX_ws/install/tof_sensor_package/share/tof_sensor_package/environment/path.dsv
[9.432s] -- Up-to-date: /home/cjs/VL53L8CX/VL53L8CX_ws/install/tof_sensor_package/share/tof_sensor_package/local_setup.bash
[9.433s] -- Up-to-date: /home/cjs/VL53L8CX/VL53L8CX_ws/install/tof_sensor_package/share/tof_sensor_package/local_setup.sh
[9.433s] -- Up-to-date: /home/cjs/VL53L8CX/VL53L8CX_ws/install/tof_sensor_package/share/tof_sensor_package/local_setup.zsh
[9.433s] -- Up-to-date: /home/cjs/VL53L8CX/VL53L8CX_ws/install/tof_sensor_package/share/tof_sensor_package/local_setup.dsv
[9.433s] -- Installing: /home/cjs/VL53L8CX/VL53L8CX_ws/install/tof_sensor_package/share/tof_sensor_package/package.dsv
[9.433s] -- Up-to-date: /home/cjs/VL53L8CX/VL53L8CX_ws/install/tof_sensor_package/share/ament_index/resource_index/packages/tof_sensor_package
[9.434s] -- Up-to-date: /home/cjs/VL53L8CX/VL53L8CX_ws/install/tof_sensor_package/share/tof_sensor_package/cmake/tof_sensor_packageConfig.cmake
[9.434s] -- Up-to-date: /home/cjs/VL53L8CX/VL53L8CX_ws/install/tof_sensor_package/share/tof_sensor_package/cmake/tof_sensor_packageConfig-version.cmake
[9.434s] -- Up-to-date: /home/cjs/VL53L8CX/VL53L8CX_ws/install/tof_sensor_package/share/tof_sensor_package/package.xml
[9.440s] Invoked command in '/home/cjs/VL53L8CX/VL53L8CX_ws/build/tof_sensor_package' returned '0': AMENT_PREFIX_PATH=/home/cjs/VL53L8CX/VL53L8CX_ws/install/base_interfaces_demo:${AMENT_PREFIX_PATH} CMAKE_PREFIX_PATH=/home/cjs/VL53L8CX/VL53L8CX_ws/install/base_interfaces_demo:/opt/ros/foxy LD_LIBRARY_PATH=/home/cjs/VL53L8CX/VL53L8CX_ws/install/base_interfaces_demo/lib:${LD_LIBRARY_PATH} PYTHONPATH=/home/cjs/VL53L8CX/VL53L8CX_ws/install/base_interfaces_demo/lib/python3.8/site-packages:${PYTHONPATH} /usr/bin/cmake --install /home/cjs/VL53L8CX/VL53L8CX_ws/build/tof_sensor_package
