[0.028s] Invoking command in '/home/cjs/VL53L8CX/VL53L8CX_ws/build/tof_sensor_package': CMAKE_PREFIX_PATH=/opt/ros/foxy /usr/bin/cmake --build /home/cjs/VL53L8CX/VL53L8CX_ws/build/tof_sensor_package -- -j4 -l4
[0.099s] -- Found ament_cmake: 0.9.12 (/opt/ros/foxy/share/ament_cmake/cmake)
[0.131s] -- Using PYTHON_EXECUTABLE: /usr/bin/python3
[0.384s] -- Found rclcpp: 2.4.3 (/opt/ros/foxy/share/rclcpp/cmake)
[0.447s] -- Using all available rosidl_typesupport_c: rosidl_typesupport_fastrtps_c;rosidl_typesupport_introspection_c
[0.454s] -- Found rosidl_adapter: 1.3.1 (/opt/ros/foxy/share/rosidl_adapter/cmake)
[0.636s] -- Using all available rosidl_typesupport_cpp: rosidl_typesupport_fastrtps_cpp;rosidl_typesupport_introspection_cpp
[0.728s] -- Found rmw_implementation_cmake: 1.0.4 (/opt/ros/foxy/share/rmw_implementation_cmake/cmake)
[0.731s] -- Using RMW implementation 'rmw_fastrtps_cpp' as default
[0.927s] -- Found sensor_msgs: 2.0.5 (/opt/ros/foxy/share/sensor_msgs/cmake)
[1.110s] -- Found ament_lint_auto: 0.9.8 (/opt/ros/foxy/share/ament_lint_auto/cmake)
[1.209s] -- Added test 'copyright' to check source files copyright and LICENSE
[1.211s] -- Added test 'cppcheck' to perform static code analysis on C / C++ code
[1.211s] -- Configured cppcheck include dirs: 
[1.211s] -- Configured cppcheck exclude dirs and/or files: 
[1.213s] -- Added test 'cpplint' to check C / C++ code against the Google style
[1.213s] -- Configured cpplint exclude dirs and/or files: 
[1.215s] -- Added test 'lint_cmake' to check CMake code style
[1.217s] -- Added test 'uncrustify' to check C / C++ code style
[1.217s] -- Configured uncrustify additional arguments: 
[1.218s] -- Added test 'xmllint' to check XML markup files
[1.224s] -- Configuring done
[1.260s] -- Generating done
[1.262s] -- Build files have been written to: /home/cjs/VL53L8CX/VL53L8CX_ws/build/tof_sensor_package
[1.314s] [35m[1mScanning dependencies of target pallet_detect_node[0m
[1.378s] [ 25%] [32mBuilding CXX object CMakeFiles/pallet_detect_node.dir/src/pallet_detect_node.cpp.o[0m
[1.382s] [ 50%] [32mBuilding CXX object CMakeFiles/pallet_detect_node.dir/src/vl53l8_oper.cpp.o[0m
[1.393s] [ 75%] [32mBuilding CXX object CMakeFiles/pallet_detect_node.dir/src/BestFit.cpp.o[0m
[1.810s] [01m[K/home/cjs/VL53L8CX/VL53L8CX_ws/src/tof_sensor_package/src/pallet_detect_node.cpp:6:10:[m[K [01;31m[Kfatal error: [m[Kmsg/location.hpp: No such file or directory
[1.810s]     6 | #include [01;31m[K<msg/location.hpp>[m[K
[1.810s]       |          [01;31m[K^~~~~~~~~~~~~~~~~~[m[K
[1.810s] compilation terminated.
[1.813s] make[2]: *** [CMakeFiles/pallet_detect_node.dir/build.make:63: CMakeFiles/pallet_detect_node.dir/src/pallet_detect_node.cpp.o] Error 1
[1.813s] make[2]: *** Waiting for unfinished jobs....
[1.853s] [01m[K/home/cjs/VL53L8CX/VL53L8CX_ws/src/tof_sensor_package/src/vl53l8_oper.cpp:[m[K In member function ‘[01m[Kint CVl53l8Oper::getTof(uint16_t*, int)[m[K’:
[1.854s] [01m[K/home/cjs/VL53L8CX/VL53L8CX_ws/src/tof_sensor_package/src/vl53l8_oper.cpp:245:46:[m[K [01;35m[Kwarning: [m[Ksuggest parentheses around ‘[01m[K&&[m[K’ within ‘[01m[K||[m[K’ [[01;35m[K-Wparentheses[m[K]
[1.854s]   245 |     if ((id == 1 && !data_ready1) || [01;35m[Kid == 2 && !data_ready2[m[K) {
[1.854s]       |                                      [01;35m[K~~~~~~~~^~~~~~~~~~~~~~~[m[K
[3.139s] [01m[K/home/cjs/VL53L8CX/VL53L8CX_ws/src/tof_sensor_package/src/BestFit.cpp:[m[K In static member function ‘[01m[Kstatic std::pair<double, double> BestFit::analyze(const cv::Mat&, double)[m[K’:
[3.139s] [01m[K/home/cjs/VL53L8CX/VL53L8CX_ws/src/tof_sensor_package/src/BestFit.cpp:69:10:[m[K [01;35m[Kwarning: [m[Kstructured bindings only available with ‘[01m[K-std=c++17[m[K’ or ‘[01m[K-std=gnu++17[m[K’
[3.139s]    69 |     auto [01;35m[K[[m[Kcoefficients, inliers] = fitLineRANSAC(filteredBoundaryPoints);
[3.139s]       |          [01;35m[K^[m[K
[3.946s] make[1]: *** [CMakeFiles/Makefile2:78: CMakeFiles/pallet_detect_node.dir/all] Error 2
[3.947s] make: *** [Makefile:141: all] Error 2
[3.956s] Invoked command in '/home/cjs/VL53L8CX/VL53L8CX_ws/build/tof_sensor_package' returned '2': CMAKE_PREFIX_PATH=/opt/ros/foxy /usr/bin/cmake --build /home/cjs/VL53L8CX/VL53L8CX_ws/build/tof_sensor_package -- -j4 -l4
