[0.039s] Invoking command in '/home/cjs/VL53L8CX/VL53L8CX_ws/build/tof_sensor_package': CMAKE_PREFIX_PATH=/opt/ros/foxy /usr/bin/cmake /home/cjs/VL53L8CX/VL53L8CX_ws/src/tof_sensor_package -DCMAKE_INSTALL_PREFIX=/home/cjs/VL53L8CX/VL53L8CX_ws/install/tof_sensor_package
[0.497s] -- The C compiler identification is GNU 9.4.0
[0.793s] -- The CXX compiler identification is GNU 9.4.0
[0.818s] -- Check for working C compiler: /usr/bin/cc
[1.107s] -- Check for working C compiler: /usr/bin/cc -- works
[1.115s] -- Detecting C compiler ABI info
[1.375s] -- Detecting C compiler ABI info - done
[1.397s] -- Detecting C compile features
[1.399s] -- Detecting C compile features - done
[1.406s] -- Check for working CXX compiler: /usr/bin/c++
[1.699s] -- Check for working CXX compiler: /usr/bin/c++ -- works
[1.699s] -- Detecting CXX compiler ABI info
[2.016s] -- Detecting CXX compiler ABI info - done
[2.032s] -- Detecting CXX compile features
[2.033s] -- Detecting CXX compile features - done
[2.062s] -- Found ament_cmake: 0.9.12 (/opt/ros/foxy/share/ament_cmake/cmake)
[2.135s] -- Found PythonInterp: /usr/bin/python3 (found suitable version "3.8.10", minimum required is "3") 
[2.136s] -- Using PYTHON_EXECUTABLE: /usr/bin/python3
[2.565s] -- Found rclcpp: 2.4.3 (/opt/ros/foxy/share/rclcpp/cmake)
[2.731s] -- Using all available rosidl_typesupport_c: rosidl_typesupport_fastrtps_c;rosidl_typesupport_introspection_c
[2.757s] -- Found rosidl_adapter: 1.3.1 (/opt/ros/foxy/share/rosidl_adapter/cmake)
[3.118s] -- Found OpenSSL: /usr/lib/x86_64-linux-gnu/libcrypto.so (found version "1.1.1f")  
[3.185s] -- Found FastRTPS: /opt/ros/foxy/include  
[3.396s] -- Using all available rosidl_typesupport_cpp: rosidl_typesupport_fastrtps_cpp;rosidl_typesupport_introspection_cpp
[3.567s] -- Found rmw_implementation_cmake: 1.0.4 (/opt/ros/foxy/share/rmw_implementation_cmake/cmake)
[3.572s] -- Using RMW implementation 'rmw_fastrtps_cpp' as default
[3.576s] -- Looking for pthread.h
[3.855s] -- Looking for pthread.h - found
[3.856s] -- Performing Test CMAKE_HAVE_LIBC_PTHREAD
[4.152s] -- Performing Test CMAKE_HAVE_LIBC_PTHREAD - Failed
[4.153s] -- Looking for pthread_create in pthreads
[4.390s] -- Looking for pthread_create in pthreads - not found
[4.390s] -- Looking for pthread_create in pthread
[4.648s] -- Looking for pthread_create in pthread - found
[4.652s] -- Found Threads: TRUE  
[5.011s] -- Found sensor_msgs: 2.0.5 (/opt/ros/foxy/share/sensor_msgs/cmake)
[5.271s] -- Found OpenCV: /usr/local (found version "4.10.0") 
[5.281s] -- Found ament_lint_auto: 0.9.8 (/opt/ros/foxy/share/ament_lint_auto/cmake)
[5.469s] -- Added test 'copyright' to check source files copyright and LICENSE
[5.480s] -- Added test 'cppcheck' to perform static code analysis on C / C++ code
[5.481s] -- Configured cppcheck include dirs: 
[5.481s] -- Configured cppcheck exclude dirs and/or files: 
[5.487s] -- Added test 'cpplint' to check C / C++ code against the Google style
[5.488s] -- Configured cpplint exclude dirs and/or files: 
[5.493s] -- Added test 'lint_cmake' to check CMake code style
[5.505s] -- Added test 'uncrustify' to check C / C++ code style
[5.506s] -- Configured uncrustify additional arguments: 
[5.508s] -- Added test 'xmllint' to check XML markup files
[5.525s] -- Configuring done
[5.550s] -- Generating done
[5.553s] -- Build files have been written to: /home/cjs/VL53L8CX/VL53L8CX_ws/build/tof_sensor_package
[5.574s] Invoked command in '/home/cjs/VL53L8CX/VL53L8CX_ws/build/tof_sensor_package' returned '0': CMAKE_PREFIX_PATH=/opt/ros/foxy /usr/bin/cmake /home/cjs/VL53L8CX/VL53L8CX_ws/src/tof_sensor_package -DCMAKE_INSTALL_PREFIX=/home/cjs/VL53L8CX/VL53L8CX_ws/install/tof_sensor_package
[5.585s] Invoking command in '/home/cjs/VL53L8CX/VL53L8CX_ws/build/tof_sensor_package': CMAKE_PREFIX_PATH=/opt/ros/foxy /usr/bin/cmake --build /home/cjs/VL53L8CX/VL53L8CX_ws/build/tof_sensor_package -- -j4 -l4
[5.768s] [35m[1mScanning dependencies of target pallet_detect_node[0m
[6.018s] [ 25%] [32mBuilding CXX object CMakeFiles/pallet_detect_node.dir/src/vl53l8_oper.cpp.o[0m
[6.032s] [ 50%] [32mBuilding CXX object CMakeFiles/pallet_detect_node.dir/src/pallet_detect_node.cpp.o[0m
[6.041s] [ 75%] [32mBuilding CXX object CMakeFiles/pallet_detect_node.dir/src/BestFit.cpp.o[0m
[6.974s] [01m[K/home/cjs/VL53L8CX/VL53L8CX_ws/src/tof_sensor_package/src/vl53l8_oper.cpp:[m[K In member function ‘[01m[Kint CVl53l8Oper::getTof(uint16_t*, int)[m[K’:
[6.975s] [01m[K/home/cjs/VL53L8CX/VL53L8CX_ws/src/tof_sensor_package/src/vl53l8_oper.cpp:245:46:[m[K [01;35m[Kwarning: [m[Ksuggest parentheses around ‘[01m[K&&[m[K’ within ‘[01m[K||[m[K’ [[01;35m[K-Wparentheses[m[K]
[6.975s]   245 |     if ((id == 3 && !data_ready1) || [01;35m[Kid == 4 && !data_ready2[m[K) {
[6.975s]       |                                      [01;35m[K~~~~~~~~^~~~~~~~~~~~~~~[m[K
[9.134s] [01m[K/home/cjs/VL53L8CX/VL53L8CX_ws/src/tof_sensor_package/src/BestFit.cpp:[m[K In static member function ‘[01m[Kstatic std::pair<double, double> BestFit::analyze(const cv::Mat&, uint8_t)[m[K’:
[9.135s] [01m[K/home/cjs/VL53L8CX/VL53L8CX_ws/src/tof_sensor_package/src/BestFit.cpp:73:10:[m[K [01;35m[Kwarning: [m[Kstructured bindings only available with ‘[01m[K-std=c++17[m[K’ or ‘[01m[K-std=gnu++17[m[K’
[9.135s]    73 |     auto [01;35m[K[[m[Kcoefficients, inliers] = fitLineRANSAC(filteredBoundaryPoints);
[9.136s]       |          [01;35m[K^[m[K
[9.147s] [01m[K/home/cjs/VL53L8CX/VL53L8CX_ws/src/tof_sensor_package/src/BestFit.cpp:32:12:[m[K [01;35m[Kwarning: [m[Kunused variable ‘[01m[Kheights[m[K’ [[01;35m[K-Wunused-variable[m[K]
[9.149s]    32 |     double [01;35m[Kheights[m[K[3] = {22, 41, 58}; // Distance from sensor to tray [mm]
[9.150s]       |            [01;35m[K^~~~~~~[m[K
[14.143s] [100%] [32m[1mLinking CXX executable pallet_detect_node[0m
[15.225s] [100%] Built target pallet_detect_node
[15.263s] Invoked command in '/home/cjs/VL53L8CX/VL53L8CX_ws/build/tof_sensor_package' returned '0': CMAKE_PREFIX_PATH=/opt/ros/foxy /usr/bin/cmake --build /home/cjs/VL53L8CX/VL53L8CX_ws/build/tof_sensor_package -- -j4 -l4
[15.441s] Invoking command in '/home/cjs/VL53L8CX/VL53L8CX_ws/build/tof_sensor_package': CMAKE_PREFIX_PATH=/opt/ros/foxy /usr/bin/cmake --install /home/cjs/VL53L8CX/VL53L8CX_ws/build/tof_sensor_package
[15.478s] -- Install configuration: ""
[15.478s] -- Installing: /home/cjs/VL53L8CX/VL53L8CX_ws/install/tof_sensor_package/lib/tof_sensor_package/pallet_detect_node
[15.484s] -- Set runtime path of "/home/cjs/VL53L8CX/VL53L8CX_ws/install/tof_sensor_package/lib/tof_sensor_package/pallet_detect_node" to ""
[15.484s] -- Installing: /home/cjs/VL53L8CX/VL53L8CX_ws/install/tof_sensor_package/share/ament_index/resource_index/package_run_dependencies/tof_sensor_package
[15.485s] -- Installing: /home/cjs/VL53L8CX/VL53L8CX_ws/install/tof_sensor_package/share/ament_index/resource_index/parent_prefix_path/tof_sensor_package
[15.485s] -- Installing: /home/cjs/VL53L8CX/VL53L8CX_ws/install/tof_sensor_package/share/tof_sensor_package/environment/ament_prefix_path.sh
[15.486s] -- Installing: /home/cjs/VL53L8CX/VL53L8CX_ws/install/tof_sensor_package/share/tof_sensor_package/environment/ament_prefix_path.dsv
[15.487s] -- Installing: /home/cjs/VL53L8CX/VL53L8CX_ws/install/tof_sensor_package/share/tof_sensor_package/environment/path.sh
[15.487s] -- Installing: /home/cjs/VL53L8CX/VL53L8CX_ws/install/tof_sensor_package/share/tof_sensor_package/environment/path.dsv
[15.487s] -- Installing: /home/cjs/VL53L8CX/VL53L8CX_ws/install/tof_sensor_package/share/tof_sensor_package/local_setup.bash
[15.488s] -- Installing: /home/cjs/VL53L8CX/VL53L8CX_ws/install/tof_sensor_package/share/tof_sensor_package/local_setup.sh
[15.488s] -- Installing: /home/cjs/VL53L8CX/VL53L8CX_ws/install/tof_sensor_package/share/tof_sensor_package/local_setup.zsh
[15.489s] -- Installing: /home/cjs/VL53L8CX/VL53L8CX_ws/install/tof_sensor_package/share/tof_sensor_package/local_setup.dsv
[15.489s] -- Installing: /home/cjs/VL53L8CX/VL53L8CX_ws/install/tof_sensor_package/share/tof_sensor_package/package.dsv
[15.490s] -- Installing: /home/cjs/VL53L8CX/VL53L8CX_ws/install/tof_sensor_package/share/ament_index/resource_index/packages/tof_sensor_package
[15.490s] -- Installing: /home/cjs/VL53L8CX/VL53L8CX_ws/install/tof_sensor_package/share/tof_sensor_package/cmake/tof_sensor_packageConfig.cmake
[15.491s] -- Installing: /home/cjs/VL53L8CX/VL53L8CX_ws/install/tof_sensor_package/share/tof_sensor_package/cmake/tof_sensor_packageConfig-version.cmake
[15.491s] -- Installing: /home/cjs/VL53L8CX/VL53L8CX_ws/install/tof_sensor_package/share/tof_sensor_package/package.xml
[15.498s] Invoked command in '/home/cjs/VL53L8CX/VL53L8CX_ws/build/tof_sensor_package' returned '0': CMAKE_PREFIX_PATH=/opt/ros/foxy /usr/bin/cmake --install /home/cjs/VL53L8CX/VL53L8CX_ws/build/tof_sensor_package
